----------------- Options ---------------
               batch_size: 4                             	[default: 1]
                    beta1: 0.5                           
          checkpoints_dir: ./checkpoints                 
           continue_train: False                         
                crop_size: 256                           
                 dataroot: tv_synth.h5                   	[default: None]
             dataset_mode: hdf5                          	[default: aligned]
                direction: BtoA                          	[default: AtoB]
              display_env: main                          
             display_freq: 400                           
               display_id: 0                             	[default: 1]
            display_ncols: 4                             
             display_port: 8097                          
           display_server: http://localhost              
          display_winsize: 256                           
                    epoch: latest                        
              epoch_count: 1                             
                 gan_mode: vanilla                       
                  gpu_ids: 0,1,2,3                       	[default: 0]
                init_gain: 0.02                          
                init_type: normal                        
                 input_nc: 1                             	[default: 3]
                  isTrain: True                          	[default: None]
                lambda_L1: 100.0                         
                load_iter: 0                             	[default: 0]
                load_size: 286                           
                       lr: 0.0002                        
           lr_decay_iters: 50                            
                lr_policy: linear                        
         max_dataset_size: inf                           
                    model: pix2pix                       	[default: cycle_gan]
                 n_epochs: 100                           
           n_epochs_decay: 100                           
               n_layers_D: 3                             
                     name: tv_synth_mdl                  	[default: experiment_name]
                      ndf: 64                            
                     netD: basic                         
                     netG: unet_256                      
                      ngf: 64                            
               no_dropout: False                         
                  no_flip: False                         
                  no_html: False                         
                     norm: instance                      	[default: batch]
              num_threads: 4                             
                output_nc: 1                             	[default: 3]
                    phase: train                         
                pool_size: 0                             
               preprocess: resize_and_crop               
               print_freq: 100                           
             save_by_iter: False                         
          save_epoch_freq: 5                             
         save_latest_freq: 5000                          
           serial_batches: False                         
                   suffix:                               
         update_html_freq: 1000                          
                use_wandb: False                         
                  verbose: False                         
       wandb_project_name: CycleGAN-and-pix2pix          
----------------- End -------------------
tv_synth.h5
['synth_test', 'synth_train', 'synthval', 'tv_test', 'tv_train', 'tv_val']
dataset [HDF5Dataset] was created
The number of training images = 999
initialize network with normal
initialize network with normal
model [Pix2PixModel] was created
---------- Networks initialized -------------
[Network G] Total number of parameters : 54.403 M
[Network D] Total number of parameters : 2.764 M
-----------------------------------------------
create web directory ./checkpoints/tv_synth_mdl/web...
learning rate 0.0002000 -> 0.0002000
(epoch: 1, iters: 100, time: 0.022, data: 0.060) G_GAN: 4.286 G_L1: 32.308 D_real: 0.057 D_fake: 0.045 
(epoch: 1, iters: 200, time: 0.023, data: 0.001) G_GAN: 0.142 G_L1: 11.484 D_real: 1.573 D_fake: 0.009 
(epoch: 1, iters: 300, time: 0.022, data: 0.001) G_GAN: 2.031 G_L1: 5.244 D_real: 0.353 D_fake: 0.872 
(epoch: 1, iters: 400, time: 0.039, data: 0.001) G_GAN: 0.692 G_L1: 2.848 D_real: 0.460 D_fake: 0.783 
(epoch: 1, iters: 500, time: 0.022, data: 0.001) G_GAN: 0.750 G_L1: 2.130 D_real: 0.720 D_fake: 0.628 
(epoch: 1, iters: 600, time: 0.022, data: 0.001) G_GAN: 1.230 G_L1: 1.629 D_real: 0.471 D_fake: 0.604 
(epoch: 1, iters: 700, time: 0.023, data: 0.001) G_GAN: 0.795 G_L1: 1.218 D_real: 1.131 D_fake: 0.203 
(epoch: 1, iters: 800, time: 0.023, data: 0.001) G_GAN: 1.190 G_L1: 1.215 D_real: 0.576 D_fake: 0.521 
(epoch: 1, iters: 900, time: 0.023, data: 0.001) G_GAN: 0.692 G_L1: 1.216 D_real: 0.553 D_fake: 0.662 
(epoch: 1, iters: 1000, time: 0.283, data: 0.001) G_GAN: 0.804 G_L1: 0.750 D_real: 0.578 D_fake: 0.683 
End of epoch 1 / 200 	 Time Taken: 36 sec
learning rate 0.0002000 -> 0.0002000
