----------------- Options ---------------
               batch_size: 4                             	[default: 1]
                    beta1: 0.5                           
          checkpoints_dir: ./checkpoints                 
           continue_train: True                          	[default: False]
                crop_size: 256                           
                 dataroot: tv_synth.h5                   	[default: None]
             dataset_mode: hdf5                          	[default: aligned]
                direction: BtoA                          	[default: AtoB]
              display_env: main                          
             display_freq: 400                           
               display_id: 0                             	[default: 1]
            display_ncols: 4                             
             display_port: 8097                          
           display_server: http://localhost              
          display_winsize: 256                           
                    epoch: 160                           	[default: latest]
              epoch_count: 161                           	[default: 1]
                 gan_mode: vanilla                       
                  gpu_ids: 0,1,2,3                       	[default: 0]
                init_gain: 0.02                          
                init_type: normal                        
                 input_nc: 1                             	[default: 3]
                  isTrain: True                          	[default: None]
                lambda_L1: 100.0                         
                load_iter: 0                             	[default: 0]
                load_size: 286                           
                       lr: 0.0002                        
           lr_decay_iters: 50                            
                lr_policy: linear                        
         max_dataset_size: inf                           
                    model: pix2pix                       	[default: cycle_gan]
                 n_epochs: 100                           
           n_epochs_decay: 100                           
               n_layers_D: 3                             
                     name: tv_synth_mdl                  	[default: experiment_name]
                      ndf: 64                            
                     netD: basic                         
                     netG: unet_256                      
                      ngf: 64                            
               no_dropout: False                         
                  no_flip: False                         
                  no_html: False                         
                     norm: instance                      	[default: batch]
              num_threads: 4                             
                output_nc: 1                             	[default: 3]
                    phase: train                         
                pool_size: 0                             
               preprocess: resize_and_crop               
               print_freq: 100                           
             save_by_iter: False                         
          save_epoch_freq: 5                             
         save_latest_freq: 5000                          
           serial_batches: False                         
                   suffix:                               
         update_html_freq: 1000                          
                use_wandb: False                         
                  verbose: False                         
       wandb_project_name: CycleGAN-and-pix2pix          
----------------- End -------------------
tv_synth.h5
['synth_test', 'synth_train', 'synthval', 'tv_test', 'tv_train', 'tv_val']
dataset [HDF5Dataset] was created
The number of training images = 999
initialize network with normal
initialize network with normal
model [Pix2PixModel] was created
loading the model from ./checkpoints/tv_synth_mdl/160_net_G.pth
loading the model from ./checkpoints/tv_synth_mdl/160_net_D.pth
---------- Networks initialized -------------
[Network G] Total number of parameters : 54.403 M
[Network D] Total number of parameters : 2.764 M
-----------------------------------------------
create web directory ./checkpoints/tv_synth_mdl/web...
learning rate 0.0000792 -> 0.0000772
(epoch: 161, iters: 100, time: 0.023, data: 0.066) G_GAN: 3.459 G_L1: 0.470 D_real: 0.225 D_fake: 0.185 
(epoch: 161, iters: 200, time: 0.023, data: 0.001) G_GAN: 4.983 G_L1: 0.632 D_real: 0.081 D_fake: 0.014 
(epoch: 161, iters: 300, time: 0.023, data: 0.001) G_GAN: 3.851 G_L1: 0.505 D_real: 0.185 D_fake: 0.189 
(epoch: 161, iters: 400, time: 0.139, data: 0.001) G_GAN: 3.297 G_L1: 0.302 D_real: 0.162 D_fake: 0.241 
(epoch: 161, iters: 500, time: 0.024, data: 0.001) G_GAN: 4.000 G_L1: 0.762 D_real: 0.030 D_fake: 0.030 
(epoch: 161, iters: 600, time: 0.022, data: 0.001) G_GAN: 4.945 G_L1: 0.575 D_real: 0.003 D_fake: 0.069 
(epoch: 161, iters: 700, time: 0.023, data: 0.001) G_GAN: 4.220 G_L1: 0.559 D_real: 0.003 D_fake: 0.036 
(epoch: 161, iters: 800, time: 0.023, data: 0.001) G_GAN: 5.262 G_L1: 0.424 D_real: 0.015 D_fake: 0.050 
(epoch: 161, iters: 900, time: 0.023, data: 0.001) G_GAN: 3.809 G_L1: 0.480 D_real: 0.073 D_fake: 0.040 
(epoch: 161, iters: 1000, time: 0.293, data: 0.001) G_GAN: 4.789 G_L1: 0.576 D_real: 0.015 D_fake: 0.080 
End of epoch 161 / 200 	 Time Taken: 37 sec
learning rate 0.0000772 -> 0.0000752
(epoch: 162, iters: 100, time: 0.022, data: 0.101) G_GAN: 2.658 G_L1: 0.312 D_real: 0.412 D_fake: 0.370 
(epoch: 162, iters: 200, time: 0.119, data: 0.001) G_GAN: 3.432 G_L1: 0.560 D_real: 0.161 D_fake: 0.206 
(epoch: 162, iters: 300, time: 0.023, data: 0.001) G_GAN: 4.286 G_L1: 0.501 D_real: 0.004 D_fake: 0.133 
(epoch: 162, iters: 400, time: 0.022, data: 0.001) G_GAN: 7.056 G_L1: 0.817 D_real: 0.025 D_fake: 0.005 
(epoch: 162, iters: 500, time: 0.023, data: 0.001) G_GAN: 4.581 G_L1: 0.632 D_real: 0.029 D_fake: 0.051 
(epoch: 162, iters: 600, time: 0.032, data: 0.001) G_GAN: 4.438 G_L1: 0.540 D_real: 0.187 D_fake: 0.184 
(epoch: 162, iters: 700, time: 0.023, data: 0.002) G_GAN: 2.738 G_L1: 0.232 D_real: 0.328 D_fake: 0.388 
(epoch: 162, iters: 800, time: 0.023, data: 0.001) G_GAN: 1.621 G_L1: 0.550 D_real: 0.615 D_fake: 0.196 
(epoch: 162, iters: 900, time: 0.022, data: 0.001) G_GAN: 4.614 G_L1: 0.652 D_real: 0.018 D_fake: 0.027 
(epoch: 162, iters: 1000, time: 0.115, data: 0.001) G_GAN: 3.317 G_L1: 0.614 D_real: 0.104 D_fake: 0.051 
End of epoch 162 / 200 	 Time Taken: 23 sec
learning rate 0.0000752 -> 0.0000733
(epoch: 163, iters: 100, time: 0.023, data: 0.102) G_GAN: 2.978 G_L1: 0.610 D_real: 0.153 D_fake: 0.227 
(epoch: 163, iters: 200, time: 0.022, data: 0.001) G_GAN: 4.026 G_L1: 0.589 D_real: 0.075 D_fake: 0.060 
(epoch: 163, iters: 300, time: 0.023, data: 0.001) G_GAN: 4.858 G_L1: 0.560 D_real: 0.017 D_fake: 0.015 
(epoch: 163, iters: 400, time: 0.122, data: 0.001) G_GAN: 3.197 G_L1: 0.542 D_real: 0.197 D_fake: 0.196 
(epoch: 163, iters: 500, time: 0.023, data: 0.001) G_GAN: 4.389 G_L1: 0.667 D_real: 0.007 D_fake: 0.071 
(epoch: 163, iters: 600, time: 0.022, data: 0.001) G_GAN: 6.263 G_L1: 0.602 D_real: 0.022 D_fake: 0.155 
(epoch: 163, iters: 700, time: 0.023, data: 0.001) G_GAN: 5.610 G_L1: 0.682 D_real: 0.024 D_fake: 0.021 
(epoch: 163, iters: 800, time: 0.023, data: 0.001) G_GAN: 3.071 G_L1: 0.205 D_real: 0.266 D_fake: 0.161 
(epoch: 163, iters: 900, time: 0.023, data: 0.001) G_GAN: 3.897 G_L1: 0.755 D_real: 0.179 D_fake: 0.021 
(epoch: 163, iters: 1000, time: 0.020, data: 0.001) G_GAN: 4.880 G_L1: 0.395 D_real: 0.024 D_fake: 0.010 
End of epoch 163 / 200 	 Time Taken: 22 sec
learning rate 0.0000733 -> 0.0000713
(epoch: 164, iters: 100, time: 0.023, data: 0.098) G_GAN: 3.556 G_L1: 0.512 D_real: 0.216 D_fake: 0.155 
(epoch: 164, iters: 200, time: 0.137, data: 0.001) G_GAN: 3.557 G_L1: 0.627 D_real: 0.186 D_fake: 0.172 
(epoch: 164, iters: 300, time: 0.023, data: 0.001) G_GAN: 5.140 G_L1: 0.513 D_real: 0.030 D_fake: 0.430 
(epoch: 164, iters: 400, time: 0.023, data: 0.001) G_GAN: 3.817 G_L1: 0.548 D_real: 0.064 D_fake: 0.032 
(epoch: 164, iters: 500, time: 0.023, data: 0.001) G_GAN: 4.884 G_L1: 0.529 D_real: 0.202 D_fake: 0.155 
(epoch: 164, iters: 600, time: 0.023, data: 0.001) G_GAN: 5.394 G_L1: 0.577 D_real: 0.062 D_fake: 0.006 
(epoch: 164, iters: 700, time: 0.023, data: 0.001) G_GAN: 3.417 G_L1: 0.467 D_real: 0.311 D_fake: 0.164 
(epoch: 164, iters: 800, time: 0.023, data: 0.001) G_GAN: 2.197 G_L1: 0.301 D_real: 0.506 D_fake: 0.314 
(epoch: 164, iters: 900, time: 0.023, data: 0.001) G_GAN: 4.871 G_L1: 0.613 D_real: 0.027 D_fake: 0.017 
(epoch: 164, iters: 1000, time: 0.117, data: 0.002) G_GAN: 3.526 G_L1: 0.886 D_real: 0.004 D_fake: 0.043 
End of epoch 164 / 200 	 Time Taken: 23 sec
learning rate 0.0000713 -> 0.0000693
(epoch: 165, iters: 100, time: 0.023, data: 0.099) G_GAN: 4.326 G_L1: 0.768 D_real: 0.002 D_fake: 0.043 
(epoch: 165, iters: 200, time: 0.023, data: 0.001) G_GAN: 4.873 G_L1: 0.769 D_real: 0.055 D_fake: 0.009 
(epoch: 165, iters: 300, time: 0.023, data: 0.001) G_GAN: 3.646 G_L1: 0.452 D_real: 0.180 D_fake: 0.208 
(epoch: 165, iters: 400, time: 0.125, data: 0.001) G_GAN: 4.611 G_L1: 1.041 D_real: 0.002 D_fake: 0.018 
(epoch: 165, iters: 500, time: 0.022, data: 0.001) G_GAN: 4.073 G_L1: 0.413 D_real: 0.173 D_fake: 0.201 
(epoch: 165, iters: 600, time: 0.022, data: 0.001) G_GAN: 4.711 G_L1: 0.354 D_real: 0.180 D_fake: 0.268 
(epoch: 165, iters: 700, time: 0.023, data: 0.001) G_GAN: 4.767 G_L1: 0.737 D_real: 0.028 D_fake: 0.021 
(epoch: 165, iters: 800, time: 0.022, data: 0.001) G_GAN: 5.594 G_L1: 0.739 D_real: 0.012 D_fake: 0.010 
(epoch: 165, iters: 900, time: 0.023, data: 0.001) G_GAN: 4.086 G_L1: 0.321 D_real: 0.188 D_fake: 0.214 
(epoch: 165, iters: 1000, time: 0.021, data: 0.001) G_GAN: 6.119 G_L1: 0.590 D_real: 0.003 D_fake: 0.015 
saving the latest model (epoch 165, total_iters 5000)
saving the model at the end of epoch 165, iters 5000
End of epoch 165 / 200 	 Time Taken: 26 sec
learning rate 0.0000693 -> 0.0000673
(epoch: 166, iters: 100, time: 0.022, data: 0.099) G_GAN: 5.364 G_L1: 0.591 D_real: 0.015 D_fake: 0.017 
(epoch: 166, iters: 200, time: 0.124, data: 0.001) G_GAN: 3.152 G_L1: 0.607 D_real: 0.109 D_fake: 0.081 
(epoch: 166, iters: 300, time: 0.023, data: 0.001) G_GAN: 4.790 G_L1: 0.697 D_real: 0.006 D_fake: 0.043 
(epoch: 166, iters: 400, time: 0.023, data: 0.001) G_GAN: 4.295 G_L1: 0.675 D_real: 0.058 D_fake: 0.025 
(epoch: 166, iters: 500, time: 0.023, data: 0.001) G_GAN: 2.138 G_L1: 0.260 D_real: 0.329 D_fake: 0.382 
(epoch: 166, iters: 600, time: 0.023, data: 0.001) G_GAN: 4.395 G_L1: 0.752 D_real: 0.005 D_fake: 0.046 
(epoch: 166, iters: 700, time: 0.023, data: 0.001) G_GAN: 6.177 G_L1: 0.874 D_real: 0.010 D_fake: 0.017 
(epoch: 166, iters: 800, time: 0.024, data: 0.001) G_GAN: 4.085 G_L1: 0.872 D_real: 0.190 D_fake: 0.022 
(epoch: 166, iters: 900, time: 0.023, data: 0.001) G_GAN: 4.581 G_L1: 0.465 D_real: 0.005 D_fake: 0.106 
(epoch: 166, iters: 1000, time: 0.127, data: 0.001) G_GAN: 5.558 G_L1: 0.806 D_real: 0.060 D_fake: 0.021 
End of epoch 166 / 200 	 Time Taken: 23 sec
learning rate 0.0000673 -> 0.0000653
(epoch: 167, iters: 100, time: 0.024, data: 0.099) G_GAN: 3.914 G_L1: 0.591 D_real: 0.350 D_fake: 0.165 
(epoch: 167, iters: 200, time: 0.022, data: 0.001) G_GAN: 3.923 G_L1: 0.414 D_real: 0.096 D_fake: 0.032 
(epoch: 167, iters: 300, time: 0.022, data: 0.001) G_GAN: 4.418 G_L1: 0.626 D_real: 0.047 D_fake: 0.031 
(epoch: 167, iters: 400, time: 0.132, data: 0.001) G_GAN: 4.129 G_L1: 0.855 D_real: 0.411 D_fake: 0.022 
(epoch: 167, iters: 500, time: 0.023, data: 0.001) G_GAN: 5.058 G_L1: 0.699 D_real: 0.010 D_fake: 0.012 
(epoch: 167, iters: 600, time: 0.023, data: 0.001) G_GAN: 4.352 G_L1: 0.694 D_real: 0.021 D_fake: 0.030 
(epoch: 167, iters: 700, time: 0.023, data: 0.001) G_GAN: 4.936 G_L1: 0.714 D_real: 0.044 D_fake: 0.014 
(epoch: 167, iters: 800, time: 0.023, data: 0.001) G_GAN: 4.214 G_L1: 0.587 D_real: 0.107 D_fake: 0.291 
(epoch: 167, iters: 900, time: 0.023, data: 0.001) G_GAN: 3.890 G_L1: 0.332 D_real: 0.222 D_fake: 0.170 
(epoch: 167, iters: 1000, time: 0.021, data: 0.001) G_GAN: 5.014 G_L1: 0.639 D_real: 0.041 D_fake: 0.023 
End of epoch 167 / 200 	 Time Taken: 22 sec
learning rate 0.0000653 -> 0.0000634
(epoch: 168, iters: 100, time: 0.023, data: 0.099) G_GAN: 4.182 G_L1: 0.550 D_real: 0.007 D_fake: 0.040 
(epoch: 168, iters: 200, time: 0.127, data: 0.001) G_GAN: 3.420 G_L1: 0.466 D_real: 0.380 D_fake: 0.104 
(epoch: 168, iters: 300, time: 0.023, data: 0.001) G_GAN: 4.512 G_L1: 0.641 D_real: 0.038 D_fake: 0.018 
(epoch: 168, iters: 400, time: 0.024, data: 0.001) G_GAN: 3.618 G_L1: 0.403 D_real: 0.328 D_fake: 0.147 
(epoch: 168, iters: 500, time: 0.022, data: 0.001) G_GAN: 5.433 G_L1: 0.479 D_real: 0.024 D_fake: 0.039 
(epoch: 168, iters: 600, time: 0.023, data: 0.001) G_GAN: 4.686 G_L1: 0.527 D_real: 0.004 D_fake: 0.023 
(epoch: 168, iters: 700, time: 0.022, data: 0.001) G_GAN: 5.120 G_L1: 0.801 D_real: 0.041 D_fake: 0.010 
(epoch: 168, iters: 800, time: 0.023, data: 0.001) G_GAN: 5.329 G_L1: 0.628 D_real: 0.063 D_fake: 0.010 
(epoch: 168, iters: 900, time: 0.023, data: 0.001) G_GAN: 2.362 G_L1: 0.327 D_real: 0.390 D_fake: 0.358 
(epoch: 168, iters: 1000, time: 0.119, data: 0.001) G_GAN: 6.081 G_L1: 0.587 D_real: 0.009 D_fake: 0.008 
End of epoch 168 / 200 	 Time Taken: 23 sec
learning rate 0.0000634 -> 0.0000614
(epoch: 169, iters: 100, time: 0.023, data: 0.107) G_GAN: 3.710 G_L1: 0.691 D_real: 0.155 D_fake: 0.029 
(epoch: 169, iters: 200, time: 0.023, data: 0.001) G_GAN: 4.681 G_L1: 0.726 D_real: 0.196 D_fake: 0.156 
(epoch: 169, iters: 300, time: 0.024, data: 0.001) G_GAN: 4.767 G_L1: 0.610 D_real: 0.005 D_fake: 0.023 
(epoch: 169, iters: 400, time: 0.124, data: 0.001) G_GAN: 5.204 G_L1: 0.661 D_real: 0.034 D_fake: 0.009 
(epoch: 169, iters: 500, time: 0.023, data: 0.001) G_GAN: 2.491 G_L1: 0.288 D_real: 0.334 D_fake: 0.447 
(epoch: 169, iters: 600, time: 0.022, data: 0.001) G_GAN: 3.195 G_L1: 0.604 D_real: 0.090 D_fake: 0.124 
(epoch: 169, iters: 700, time: 0.023, data: 0.001) G_GAN: 4.507 G_L1: 0.579 D_real: 0.003 D_fake: 0.035 
(epoch: 169, iters: 800, time: 0.022, data: 0.001) G_GAN: 2.334 G_L1: 0.354 D_real: 0.311 D_fake: 0.397 
(epoch: 169, iters: 900, time: 0.023, data: 0.001) G_GAN: 5.282 G_L1: 0.789 D_real: 0.238 D_fake: 0.006 
(epoch: 169, iters: 1000, time: 0.021, data: 0.001) G_GAN: 4.897 G_L1: 0.578 D_real: 0.004 D_fake: 0.021 
End of epoch 169 / 200 	 Time Taken: 22 sec
learning rate 0.0000614 -> 0.0000594
(epoch: 170, iters: 100, time: 0.023, data: 0.098) G_GAN: 5.204 G_L1: 0.588 D_real: 0.020 D_fake: 0.019 
(epoch: 170, iters: 200, time: 0.134, data: 0.001) G_GAN: 4.042 G_L1: 0.540 D_real: 0.014 D_fake: 0.054 
(epoch: 170, iters: 300, time: 0.022, data: 0.001) G_GAN: 3.737 G_L1: 0.651 D_real: 0.002 D_fake: 0.158 
(epoch: 170, iters: 400, time: 0.022, data: 0.001) G_GAN: 4.330 G_L1: 0.494 D_real: 0.184 D_fake: 0.227 
(epoch: 170, iters: 500, time: 0.022, data: 0.001) G_GAN: 3.858 G_L1: 0.357 D_real: 0.193 D_fake: 0.165 
(epoch: 170, iters: 600, time: 0.023, data: 0.001) G_GAN: 3.047 G_L1: 0.511 D_real: 0.170 D_fake: 0.214 
(epoch: 170, iters: 700, time: 0.022, data: 0.001) G_GAN: 4.126 G_L1: 0.412 D_real: 0.256 D_fake: 0.131 
(epoch: 170, iters: 800, time: 0.023, data: 0.001) G_GAN: 4.523 G_L1: 0.798 D_real: 0.014 D_fake: 0.020 
(epoch: 170, iters: 900, time: 0.023, data: 0.001) G_GAN: 2.327 G_L1: 0.509 D_real: 0.144 D_fake: 0.338 
(epoch: 170, iters: 1000, time: 0.119, data: 0.001) G_GAN: 2.840 G_L1: 0.238 D_real: 0.336 D_fake: 0.608 
saving the latest model (epoch 170, total_iters 10000)
saving the model at the end of epoch 170, iters 10000
End of epoch 170 / 200 	 Time Taken: 24 sec
learning rate 0.0000594 -> 0.0000574
(epoch: 171, iters: 100, time: 0.023, data: 0.099) G_GAN: 4.599 G_L1: 0.720 D_real: 0.219 D_fake: 0.010 
(epoch: 171, iters: 200, time: 0.023, data: 0.001) G_GAN: 2.253 G_L1: 0.279 D_real: 0.406 D_fake: 0.181 
(epoch: 171, iters: 300, time: 0.023, data: 0.001) G_GAN: 3.920 G_L1: 0.455 D_real: 0.226 D_fake: 0.148 
(epoch: 171, iters: 400, time: 0.124, data: 0.001) G_GAN: 3.594 G_L1: 0.626 D_real: 0.081 D_fake: 0.086 
(epoch: 171, iters: 500, time: 0.024, data: 0.001) G_GAN: 3.161 G_L1: 0.370 D_real: 0.320 D_fake: 0.364 
(epoch: 171, iters: 600, time: 0.023, data: 0.001) G_GAN: 5.534 G_L1: 0.597 D_real: 0.014 D_fake: 0.011 
(epoch: 171, iters: 700, time: 0.023, data: 0.001) G_GAN: 3.534 G_L1: 0.309 D_real: 0.181 D_fake: 0.272 
(epoch: 171, iters: 800, time: 0.023, data: 0.001) G_GAN: 4.767 G_L1: 0.460 D_real: 0.009 D_fake: 0.015 
(epoch: 171, iters: 900, time: 0.023, data: 0.001) G_GAN: 5.792 G_L1: 0.840 D_real: 0.003 D_fake: 0.008 
(epoch: 171, iters: 1000, time: 0.021, data: 0.001) G_GAN: 3.946 G_L1: 0.851 D_real: 0.118 D_fake: 0.028 
End of epoch 171 / 200 	 Time Taken: 22 sec
learning rate 0.0000574 -> 0.0000554
(epoch: 172, iters: 100, time: 0.023, data: 0.102) G_GAN: 4.636 G_L1: 0.598 D_real: 0.223 D_fake: 0.148 
(epoch: 172, iters: 200, time: 0.133, data: 0.001) G_GAN: 3.061 G_L1: 0.312 D_real: 0.399 D_fake: 0.302 
(epoch: 172, iters: 300, time: 0.023, data: 0.001) G_GAN: 3.785 G_L1: 0.316 D_real: 0.426 D_fake: 0.285 
(epoch: 172, iters: 400, time: 0.023, data: 0.001) G_GAN: 4.497 G_L1: 0.893 D_real: 0.007 D_fake: 0.042 
(epoch: 172, iters: 500, time: 0.023, data: 0.001) G_GAN: 4.957 G_L1: 0.844 D_real: 0.024 D_fake: 0.014 
(epoch: 172, iters: 600, time: 0.023, data: 0.001) G_GAN: 4.187 G_L1: 0.518 D_real: 0.182 D_fake: 0.305 
(epoch: 172, iters: 700, time: 0.024, data: 0.001) G_GAN: 2.877 G_L1: 0.386 D_real: 0.310 D_fake: 0.195 
(epoch: 172, iters: 800, time: 0.023, data: 0.001) G_GAN: 3.515 G_L1: 0.502 D_real: 0.050 D_fake: 0.043 
(epoch: 172, iters: 900, time: 0.023, data: 0.001) G_GAN: 3.906 G_L1: 0.488 D_real: 0.196 D_fake: 0.170 
(epoch: 172, iters: 1000, time: 0.124, data: 0.001) G_GAN: 4.537 G_L1: 0.705 D_real: 0.009 D_fake: 0.015 
End of epoch 172 / 200 	 Time Taken: 23 sec
learning rate 0.0000554 -> 0.0000535
(epoch: 173, iters: 100, time: 0.023, data: 0.097) G_GAN: 3.912 G_L1: 0.428 D_real: 0.195 D_fake: 0.176 
(epoch: 173, iters: 200, time: 0.022, data: 0.001) G_GAN: 3.068 G_L1: 0.336 D_real: 0.402 D_fake: 0.380 
(epoch: 173, iters: 300, time: 0.023, data: 0.001) G_GAN: 5.432 G_L1: 0.793 D_real: 0.013 D_fake: 0.013 
(epoch: 173, iters: 400, time: 0.124, data: 0.001) G_GAN: 3.421 G_L1: 0.624 D_real: 0.005 D_fake: 0.357 
(epoch: 173, iters: 500, time: 0.023, data: 0.001) G_GAN: 1.530 G_L1: 0.298 D_real: 0.209 D_fake: 0.774 
(epoch: 173, iters: 600, time: 0.023, data: 0.001) G_GAN: 4.649 G_L1: 0.578 D_real: 0.013 D_fake: 0.019 
(epoch: 173, iters: 700, time: 0.023, data: 0.001) G_GAN: 5.219 G_L1: 0.667 D_real: 0.026 D_fake: 0.021 
(epoch: 173, iters: 800, time: 0.022, data: 0.001) G_GAN: 4.118 G_L1: 0.504 D_real: 0.004 D_fake: 0.045 
(epoch: 173, iters: 900, time: 0.022, data: 0.001) G_GAN: 3.441 G_L1: 0.513 D_real: 0.157 D_fake: 0.216 
(epoch: 173, iters: 1000, time: 0.021, data: 0.001) G_GAN: 3.877 G_L1: 0.436 D_real: 0.204 D_fake: 0.262 
End of epoch 173 / 200 	 Time Taken: 22 sec
learning rate 0.0000535 -> 0.0000515
(epoch: 174, iters: 100, time: 0.022, data: 0.098) G_GAN: 4.447 G_L1: 0.801 D_real: 0.010 D_fake: 0.015 
(epoch: 174, iters: 200, time: 0.134, data: 0.001) G_GAN: 4.963 G_L1: 0.370 D_real: 0.008 D_fake: 0.016 
(epoch: 174, iters: 300, time: 0.023, data: 0.001) G_GAN: 4.685 G_L1: 0.510 D_real: 0.188 D_fake: 0.167 
(epoch: 174, iters: 400, time: 0.023, data: 0.001) G_GAN: 6.256 G_L1: 0.622 D_real: 0.009 D_fake: 0.010 
(epoch: 174, iters: 500, time: 0.023, data: 0.001) G_GAN: 4.250 G_L1: 0.487 D_real: 0.014 D_fake: 0.071 
(epoch: 174, iters: 600, time: 0.023, data: 0.001) G_GAN: 2.783 G_L1: 0.464 D_real: 0.171 D_fake: 0.216 
(epoch: 174, iters: 700, time: 0.022, data: 0.001) G_GAN: 5.219 G_L1: 0.625 D_real: 0.025 D_fake: 0.011 
(epoch: 174, iters: 800, time: 0.023, data: 0.001) G_GAN: 4.084 G_L1: 0.590 D_real: 0.184 D_fake: 0.189 
(epoch: 174, iters: 900, time: 0.022, data: 0.001) G_GAN: 4.259 G_L1: 0.506 D_real: 0.196 D_fake: 0.191 
(epoch: 174, iters: 1000, time: 0.123, data: 0.001) G_GAN: 5.055 G_L1: 0.686 D_real: 0.016 D_fake: 0.055 
End of epoch 174 / 200 	 Time Taken: 23 sec
learning rate 0.0000515 -> 0.0000495
(epoch: 175, iters: 100, time: 0.023, data: 0.099) G_GAN: 3.394 G_L1: 0.487 D_real: 0.015 D_fake: 0.061 
(epoch: 175, iters: 200, time: 0.023, data: 0.001) G_GAN: 4.173 G_L1: 0.601 D_real: 0.016 D_fake: 0.042 
(epoch: 175, iters: 300, time: 0.023, data: 0.001) G_GAN: 3.094 G_L1: 0.236 D_real: 0.152 D_fake: 0.255 
(epoch: 175, iters: 400, time: 0.123, data: 0.001) G_GAN: 3.390 G_L1: 0.428 D_real: 0.169 D_fake: 0.272 
(epoch: 175, iters: 500, time: 0.023, data: 0.001) G_GAN: 3.378 G_L1: 0.398 D_real: 0.370 D_fake: 0.407 
(epoch: 175, iters: 600, time: 0.023, data: 0.001) G_GAN: 4.561 G_L1: 0.401 D_real: 0.238 D_fake: 0.140 
(epoch: 175, iters: 700, time: 0.023, data: 0.001) G_GAN: 5.429 G_L1: 0.448 D_real: 0.029 D_fake: 0.008 
(epoch: 175, iters: 800, time: 0.023, data: 0.001) G_GAN: 5.907 G_L1: 0.606 D_real: 0.007 D_fake: 0.011 
(epoch: 175, iters: 900, time: 0.022, data: 0.001) G_GAN: 5.479 G_L1: 0.502 D_real: 0.010 D_fake: 0.013 
(epoch: 175, iters: 1000, time: 0.021, data: 0.001) G_GAN: 2.742 G_L1: 0.202 D_real: 0.223 D_fake: 0.337 
saving the latest model (epoch 175, total_iters 15000)
saving the model at the end of epoch 175, iters 15000
End of epoch 175 / 200 	 Time Taken: 24 sec
learning rate 0.0000495 -> 0.0000475
(epoch: 176, iters: 100, time: 0.022, data: 0.092) G_GAN: 2.703 G_L1: 0.414 D_real: 0.254 D_fake: 0.209 
(epoch: 176, iters: 200, time: 0.144, data: 0.001) G_GAN: 4.892 G_L1: 0.595 D_real: 0.015 D_fake: 0.014 
(epoch: 176, iters: 300, time: 0.023, data: 0.001) G_GAN: 4.761 G_L1: 0.439 D_real: 0.015 D_fake: 0.020 
(epoch: 176, iters: 400, time: 0.023, data: 0.001) G_GAN: 2.776 G_L1: 0.419 D_real: 0.160 D_fake: 0.329 
(epoch: 176, iters: 500, time: 0.023, data: 0.001) G_GAN: 3.278 G_L1: 0.400 D_real: 0.335 D_fake: 0.189 
(epoch: 176, iters: 600, time: 0.023, data: 0.001) G_GAN: 5.529 G_L1: 0.554 D_real: 0.091 D_fake: 0.006 
(epoch: 176, iters: 700, time: 0.022, data: 0.001) G_GAN: 6.700 G_L1: 0.724 D_real: 0.006 D_fake: 0.006 
(epoch: 176, iters: 800, time: 0.022, data: 0.001) G_GAN: 2.091 G_L1: 0.387 D_real: 0.384 D_fake: 0.224 
(epoch: 176, iters: 900, time: 0.022, data: 0.001) G_GAN: 4.514 G_L1: 0.490 D_real: 0.026 D_fake: 0.069 
(epoch: 176, iters: 1000, time: 0.125, data: 0.001) G_GAN: 4.153 G_L1: 0.328 D_real: 0.068 D_fake: 0.241 
End of epoch 176 / 200 	 Time Taken: 23 sec
learning rate 0.0000475 -> 0.0000455
(epoch: 177, iters: 100, time: 0.023, data: 0.097) G_GAN: 4.935 G_L1: 0.527 D_real: 0.194 D_fake: 0.153 
(epoch: 177, iters: 200, time: 0.022, data: 0.001) G_GAN: 4.914 G_L1: 0.352 D_real: 0.017 D_fake: 0.019 
(epoch: 177, iters: 300, time: 0.023, data: 0.001) G_GAN: 3.774 G_L1: 0.374 D_real: 0.184 D_fake: 0.188 
(epoch: 177, iters: 400, time: 0.129, data: 0.001) G_GAN: 5.369 G_L1: 0.688 D_real: 0.114 D_fake: 0.005 
(epoch: 177, iters: 500, time: 0.022, data: 0.001) G_GAN: 5.495 G_L1: 0.521 D_real: 0.050 D_fake: 0.009 
(epoch: 177, iters: 600, time: 0.023, data: 0.001) G_GAN: 4.805 G_L1: 0.521 D_real: 0.046 D_fake: 0.021 
(epoch: 177, iters: 700, time: 0.023, data: 0.002) G_GAN: 3.758 G_L1: 0.581 D_real: 0.005 D_fake: 0.047 
(epoch: 177, iters: 800, time: 0.022, data: 0.001) G_GAN: 5.236 G_L1: 0.665 D_real: 0.106 D_fake: 0.009 
(epoch: 177, iters: 900, time: 0.024, data: 0.001) G_GAN: 4.569 G_L1: 0.358 D_real: 0.107 D_fake: 0.023 
(epoch: 177, iters: 1000, time: 0.021, data: 0.001) G_GAN: 3.982 G_L1: 0.386 D_real: 0.006 D_fake: 0.047 
End of epoch 177 / 200 	 Time Taken: 23 sec
learning rate 0.0000455 -> 0.0000436
(epoch: 178, iters: 100, time: 0.023, data: 0.099) G_GAN: 2.501 G_L1: 0.196 D_real: 0.365 D_fake: 0.353 
(epoch: 178, iters: 200, time: 0.137, data: 0.001) G_GAN: 3.764 G_L1: 0.528 D_real: 0.002 D_fake: 0.135 
(epoch: 178, iters: 300, time: 0.023, data: 0.001) G_GAN: 5.210 G_L1: 0.661 D_real: 0.016 D_fake: 0.018 
(epoch: 178, iters: 400, time: 0.023, data: 0.001) G_GAN: 4.681 G_L1: 0.449 D_real: 0.039 D_fake: 0.014 
(epoch: 178, iters: 500, time: 0.023, data: 0.001) G_GAN: 5.006 G_L1: 0.464 D_real: 0.006 D_fake: 0.015 
(epoch: 178, iters: 600, time: 0.023, data: 0.001) G_GAN: 3.864 G_L1: 0.333 D_real: 0.185 D_fake: 0.173 
(epoch: 178, iters: 700, time: 0.022, data: 0.001) G_GAN: 4.061 G_L1: 0.391 D_real: 0.206 D_fake: 0.167 
(epoch: 178, iters: 800, time: 0.023, data: 0.001) G_GAN: 2.769 G_L1: 0.256 D_real: 0.229 D_fake: 0.216 
(epoch: 178, iters: 900, time: 0.023, data: 0.001) G_GAN: 4.195 G_L1: 0.314 D_real: 0.008 D_fake: 0.136 
(epoch: 178, iters: 1000, time: 0.133, data: 0.001) G_GAN: 3.757 G_L1: 0.530 D_real: 0.009 D_fake: 0.033 
End of epoch 178 / 200 	 Time Taken: 23 sec
learning rate 0.0000436 -> 0.0000416
(epoch: 179, iters: 100, time: 0.023, data: 0.098) G_GAN: 2.893 G_L1: 0.227 D_real: 0.204 D_fake: 0.188 
(epoch: 179, iters: 200, time: 0.023, data: 0.001) G_GAN: 4.048 G_L1: 0.432 D_real: 0.153 D_fake: 0.034 
(epoch: 179, iters: 300, time: 0.023, data: 0.001) G_GAN: 4.361 G_L1: 0.306 D_real: 0.056 D_fake: 0.327 
(epoch: 179, iters: 400, time: 0.125, data: 0.001) G_GAN: 3.470 G_L1: 0.219 D_real: 0.190 D_fake: 0.193 
(epoch: 179, iters: 500, time: 0.022, data: 0.001) G_GAN: 2.514 G_L1: 0.265 D_real: 0.362 D_fake: 0.343 
(epoch: 179, iters: 600, time: 0.022, data: 0.001) G_GAN: 4.498 G_L1: 0.420 D_real: 0.014 D_fake: 0.025 
(epoch: 179, iters: 700, time: 0.023, data: 0.001) G_GAN: 4.039 G_L1: 0.317 D_real: 0.193 D_fake: 0.175 
(epoch: 179, iters: 800, time: 0.022, data: 0.001) G_GAN: 3.903 G_L1: 0.396 D_real: 0.174 D_fake: 0.188 
(epoch: 179, iters: 900, time: 0.023, data: 0.001) G_GAN: 6.927 G_L1: 0.534 D_real: 0.013 D_fake: 0.007 
(epoch: 179, iters: 1000, time: 0.021, data: 0.001) G_GAN: 5.994 G_L1: 0.602 D_real: 0.019 D_fake: 0.023 
End of epoch 179 / 200 	 Time Taken: 22 sec
learning rate 0.0000416 -> 0.0000396
(epoch: 180, iters: 100, time: 0.023, data: 0.099) G_GAN: 4.166 G_L1: 0.640 D_real: 0.048 D_fake: 0.051 
(epoch: 180, iters: 200, time: 0.130, data: 0.001) G_GAN: 6.778 G_L1: 0.520 D_real: 0.042 D_fake: 0.017 
(epoch: 180, iters: 300, time: 0.023, data: 0.001) G_GAN: 3.133 G_L1: 0.367 D_real: 0.170 D_fake: 0.237 
(epoch: 180, iters: 400, time: 0.023, data: 0.001) G_GAN: 3.530 G_L1: 0.366 D_real: 0.135 D_fake: 0.035 
(epoch: 180, iters: 500, time: 0.023, data: 0.001) G_GAN: 3.593 G_L1: 0.442 D_real: 0.173 D_fake: 0.188 
(epoch: 180, iters: 600, time: 0.023, data: 0.001) G_GAN: 4.244 G_L1: 0.631 D_real: 0.062 D_fake: 0.035 
(epoch: 180, iters: 700, time: 0.023, data: 0.001) G_GAN: 4.125 G_L1: 0.314 D_real: 0.030 D_fake: 0.027 
(epoch: 180, iters: 800, time: 0.023, data: 0.001) G_GAN: 3.850 G_L1: 0.367 D_real: 0.186 D_fake: 0.180 
(epoch: 180, iters: 900, time: 0.022, data: 0.001) G_GAN: 4.706 G_L1: 0.398 D_real: 0.011 D_fake: 0.096 
(epoch: 180, iters: 1000, time: 0.134, data: 0.001) G_GAN: 4.989 G_L1: 0.504 D_real: 0.006 D_fake: 0.036 
saving the latest model (epoch 180, total_iters 20000)
saving the model at the end of epoch 180, iters 20000
End of epoch 180 / 200 	 Time Taken: 24 sec
learning rate 0.0000396 -> 0.0000376
(epoch: 181, iters: 100, time: 0.023, data: 0.094) G_GAN: 4.567 G_L1: 0.637 D_real: 0.014 D_fake: 0.060 
(epoch: 181, iters: 200, time: 0.023, data: 0.001) G_GAN: 4.738 G_L1: 0.471 D_real: 0.014 D_fake: 0.015 
(epoch: 181, iters: 300, time: 0.023, data: 0.001) G_GAN: 5.048 G_L1: 0.447 D_real: 0.018 D_fake: 0.037 
(epoch: 181, iters: 400, time: 0.140, data: 0.001) G_GAN: 4.595 G_L1: 0.496 D_real: 0.022 D_fake: 0.011 
(epoch: 181, iters: 500, time: 0.023, data: 0.001) G_GAN: 4.338 G_L1: 0.691 D_real: 0.018 D_fake: 0.056 
(epoch: 181, iters: 600, time: 0.023, data: 0.001) G_GAN: 2.705 G_L1: 0.205 D_real: 0.338 D_fake: 0.359 
(epoch: 181, iters: 700, time: 0.023, data: 0.001) G_GAN: 4.905 G_L1: 0.593 D_real: 0.023 D_fake: 0.012 
(epoch: 181, iters: 800, time: 0.022, data: 0.001) G_GAN: 4.714 G_L1: 0.546 D_real: 0.006 D_fake: 0.040 
(epoch: 181, iters: 900, time: 0.028, data: 0.001) G_GAN: 3.319 G_L1: 0.329 D_real: 0.169 D_fake: 0.209 
(epoch: 181, iters: 1000, time: 0.021, data: 0.001) G_GAN: 3.439 G_L1: 0.366 D_real: 0.219 D_fake: 0.314 
End of epoch 181 / 200 	 Time Taken: 22 sec
learning rate 0.0000376 -> 0.0000356
(epoch: 182, iters: 100, time: 0.023, data: 0.102) G_GAN: 4.816 G_L1: 0.504 D_real: 0.040 D_fake: 0.010 
(epoch: 182, iters: 200, time: 0.139, data: 0.001) G_GAN: 4.075 G_L1: 0.464 D_real: 0.010 D_fake: 0.036 
(epoch: 182, iters: 300, time: 0.023, data: 0.001) G_GAN: 5.547 G_L1: 0.635 D_real: 0.009 D_fake: 0.007 
(epoch: 182, iters: 400, time: 0.023, data: 0.001) G_GAN: 4.365 G_L1: 0.651 D_real: 0.016 D_fake: 0.018 
(epoch: 182, iters: 500, time: 0.023, data: 0.001) G_GAN: 5.110 G_L1: 0.376 D_real: 0.036 D_fake: 0.012 
(epoch: 182, iters: 600, time: 0.023, data: 0.001) G_GAN: 4.954 G_L1: 0.662 D_real: 0.012 D_fake: 0.013 
(epoch: 182, iters: 700, time: 0.022, data: 0.001) G_GAN: 4.919 G_L1: 0.468 D_real: 0.031 D_fake: 0.016 
(epoch: 182, iters: 800, time: 0.022, data: 0.001) G_GAN: 3.852 G_L1: 0.359 D_real: 0.162 D_fake: 0.219 
(epoch: 182, iters: 900, time: 0.022, data: 0.001) G_GAN: 2.861 G_L1: 0.229 D_real: 0.367 D_fake: 0.331 
(epoch: 182, iters: 1000, time: 0.128, data: 0.001) G_GAN: 4.325 G_L1: 0.524 D_real: 0.002 D_fake: 0.028 
End of epoch 182 / 200 	 Time Taken: 23 sec
learning rate 0.0000356 -> 0.0000337
(epoch: 183, iters: 100, time: 0.034, data: 0.099) G_GAN: 5.662 G_L1: 0.479 D_real: 0.009 D_fake: 0.006 
(epoch: 183, iters: 200, time: 0.023, data: 0.002) G_GAN: 4.814 G_L1: 0.362 D_real: 0.010 D_fake: 0.015 
(epoch: 183, iters: 300, time: 0.023, data: 0.001) G_GAN: 3.707 G_L1: 0.448 D_real: 0.179 D_fake: 0.181 
(epoch: 183, iters: 400, time: 0.132, data: 0.001) G_GAN: 3.777 G_L1: 0.517 D_real: 0.012 D_fake: 0.044 
(epoch: 183, iters: 500, time: 0.023, data: 0.001) G_GAN: 3.937 G_L1: 0.200 D_real: 0.349 D_fake: 0.343 
(epoch: 183, iters: 600, time: 0.023, data: 0.001) G_GAN: 4.233 G_L1: 0.484 D_real: 0.049 D_fake: 0.041 
(epoch: 183, iters: 700, time: 0.023, data: 0.001) G_GAN: 2.269 G_L1: 0.219 D_real: 0.346 D_fake: 0.379 
(epoch: 183, iters: 800, time: 0.024, data: 0.001) G_GAN: 2.433 G_L1: 0.378 D_real: 0.248 D_fake: 0.479 
(epoch: 183, iters: 900, time: 0.022, data: 0.001) G_GAN: 3.173 G_L1: 0.215 D_real: 0.179 D_fake: 0.204 
(epoch: 183, iters: 1000, time: 0.021, data: 0.001) G_GAN: 6.263 G_L1: 0.539 D_real: 0.005 D_fake: 0.009 
End of epoch 183 / 200 	 Time Taken: 23 sec
learning rate 0.0000337 -> 0.0000317
(epoch: 184, iters: 100, time: 0.024, data: 0.106) G_GAN: 4.026 G_L1: 0.503 D_real: 0.038 D_fake: 0.039 
(epoch: 184, iters: 200, time: 0.132, data: 0.001) G_GAN: 3.169 G_L1: 0.279 D_real: 0.196 D_fake: 0.184 
(epoch: 184, iters: 300, time: 0.022, data: 0.001) G_GAN: 6.734 G_L1: 0.766 D_real: 0.013 D_fake: 0.004 
(epoch: 184, iters: 400, time: 0.024, data: 0.001) G_GAN: 4.280 G_L1: 0.543 D_real: 0.015 D_fake: 0.028 
(epoch: 184, iters: 500, time: 0.022, data: 0.001) G_GAN: 4.097 G_L1: 0.369 D_real: 0.008 D_fake: 0.037 
(epoch: 184, iters: 600, time: 0.023, data: 0.001) G_GAN: 5.682 G_L1: 0.366 D_real: 0.194 D_fake: 0.154 
(epoch: 184, iters: 700, time: 0.022, data: 0.001) G_GAN: 5.171 G_L1: 0.780 D_real: 0.035 D_fake: 0.023 
(epoch: 184, iters: 800, time: 0.023, data: 0.001) G_GAN: 5.017 G_L1: 0.668 D_real: 0.009 D_fake: 0.019 
(epoch: 184, iters: 900, time: 0.023, data: 0.001) G_GAN: 3.911 G_L1: 0.329 D_real: 0.196 D_fake: 0.162 
(epoch: 184, iters: 1000, time: 0.133, data: 0.001) G_GAN: 2.021 G_L1: 0.316 D_real: 0.486 D_fake: 0.431 
End of epoch 184 / 200 	 Time Taken: 23 sec
learning rate 0.0000317 -> 0.0000297
(epoch: 185, iters: 100, time: 0.022, data: 0.103) G_GAN: 4.406 G_L1: 0.453 D_real: 0.006 D_fake: 0.040 
(epoch: 185, iters: 200, time: 0.023, data: 0.001) G_GAN: 3.738 G_L1: 0.317 D_real: 0.180 D_fake: 0.198 
(epoch: 185, iters: 300, time: 0.023, data: 0.001) G_GAN: 4.509 G_L1: 0.706 D_real: 0.045 D_fake: 0.030 
(epoch: 185, iters: 400, time: 0.133, data: 0.001) G_GAN: 4.449 G_L1: 0.343 D_real: 0.003 D_fake: 0.038 
(epoch: 185, iters: 500, time: 0.023, data: 0.001) G_GAN: 4.085 G_L1: 0.547 D_real: 0.010 D_fake: 0.078 
(epoch: 185, iters: 600, time: 0.022, data: 0.001) G_GAN: 5.655 G_L1: 0.468 D_real: 0.039 D_fake: 0.008 
(epoch: 185, iters: 700, time: 0.023, data: 0.001) G_GAN: 3.524 G_L1: 0.355 D_real: 0.232 D_fake: 0.169 
(epoch: 185, iters: 800, time: 0.023, data: 0.001) G_GAN: 3.923 G_L1: 0.391 D_real: 0.020 D_fake: 0.048 
(epoch: 185, iters: 900, time: 0.023, data: 0.001) G_GAN: 3.948 G_L1: 0.490 D_real: 0.035 D_fake: 0.019 
(epoch: 185, iters: 1000, time: 0.020, data: 0.001) G_GAN: 4.685 G_L1: 0.362 D_real: 0.031 D_fake: 0.054 
saving the latest model (epoch 185, total_iters 25000)
saving the model at the end of epoch 185, iters 25000
End of epoch 185 / 200 	 Time Taken: 24 sec
learning rate 0.0000297 -> 0.0000277
(epoch: 186, iters: 100, time: 0.023, data: 0.098) G_GAN: 5.287 G_L1: 0.495 D_real: 0.027 D_fake: 0.008 
(epoch: 186, iters: 200, time: 0.133, data: 0.001) G_GAN: 3.184 G_L1: 0.339 D_real: 0.215 D_fake: 0.178 
(epoch: 186, iters: 300, time: 0.022, data: 0.001) G_GAN: 4.693 G_L1: 0.333 D_real: 0.012 D_fake: 0.053 
(epoch: 186, iters: 400, time: 0.022, data: 0.001) G_GAN: 5.390 G_L1: 0.571 D_real: 0.012 D_fake: 0.011 
(epoch: 186, iters: 500, time: 0.022, data: 0.001) G_GAN: 4.137 G_L1: 0.468 D_real: 0.008 D_fake: 0.021 
(epoch: 186, iters: 600, time: 0.023, data: 0.001) G_GAN: 3.367 G_L1: 0.250 D_real: 0.160 D_fake: 0.211 
(epoch: 186, iters: 700, time: 0.023, data: 0.001) G_GAN: 3.407 G_L1: 0.251 D_real: 0.180 D_fake: 0.198 
(epoch: 186, iters: 800, time: 0.022, data: 0.001) G_GAN: 5.010 G_L1: 0.577 D_real: 0.023 D_fake: 0.014 
(epoch: 186, iters: 900, time: 0.022, data: 0.001) G_GAN: 4.331 G_L1: 0.449 D_real: 0.005 D_fake: 0.043 
(epoch: 186, iters: 1000, time: 0.129, data: 0.001) G_GAN: 3.858 G_L1: 0.280 D_real: 0.015 D_fake: 0.028 
End of epoch 186 / 200 	 Time Taken: 23 sec
learning rate 0.0000277 -> 0.0000257
(epoch: 187, iters: 100, time: 0.022, data: 0.105) G_GAN: 4.764 G_L1: 0.490 D_real: 0.078 D_fake: 0.113 
(epoch: 187, iters: 200, time: 0.022, data: 0.001) G_GAN: 5.133 G_L1: 0.447 D_real: 0.007 D_fake: 0.067 
(epoch: 187, iters: 300, time: 0.023, data: 0.001) G_GAN: 4.347 G_L1: 0.335 D_real: 0.256 D_fake: 0.122 
(epoch: 187, iters: 400, time: 0.132, data: 0.001) G_GAN: 6.302 G_L1: 0.732 D_real: 0.035 D_fake: 0.004 
(epoch: 187, iters: 500, time: 0.023, data: 0.001) G_GAN: 4.896 G_L1: 0.349 D_real: 0.037 D_fake: 0.020 
(epoch: 187, iters: 600, time: 0.023, data: 0.001) G_GAN: 3.977 G_L1: 0.398 D_real: 0.155 D_fake: 0.224 
(epoch: 187, iters: 700, time: 0.022, data: 0.001) G_GAN: 5.107 G_L1: 0.519 D_real: 0.008 D_fake: 0.011 
(epoch: 187, iters: 800, time: 0.023, data: 0.001) G_GAN: 6.034 G_L1: 0.503 D_real: 0.035 D_fake: 0.004 
(epoch: 187, iters: 900, time: 0.023, data: 0.001) G_GAN: 5.428 G_L1: 0.679 D_real: 0.012 D_fake: 0.008 
(epoch: 187, iters: 1000, time: 0.020, data: 0.001) G_GAN: 4.140 G_L1: 0.340 D_real: 0.244 D_fake: 0.224 
End of epoch 187 / 200 	 Time Taken: 22 sec
learning rate 0.0000257 -> 0.0000238
(epoch: 188, iters: 100, time: 0.023, data: 0.097) G_GAN: 5.367 G_L1: 0.465 D_real: 0.014 D_fake: 0.008 
(epoch: 188, iters: 200, time: 0.135, data: 0.001) G_GAN: 3.791 G_L1: 0.318 D_real: 0.157 D_fake: 0.206 
(epoch: 188, iters: 300, time: 0.023, data: 0.001) G_GAN: 4.669 G_L1: 0.468 D_real: 0.009 D_fake: 0.015 
(epoch: 188, iters: 400, time: 0.023, data: 0.001) G_GAN: 5.008 G_L1: 0.629 D_real: 0.011 D_fake: 0.026 
(epoch: 188, iters: 500, time: 0.023, data: 0.001) G_GAN: 3.334 G_L1: 0.344 D_real: 0.185 D_fake: 0.180 
(epoch: 188, iters: 600, time: 0.022, data: 0.001) G_GAN: 5.019 G_L1: 0.501 D_real: 0.020 D_fake: 0.012 
(epoch: 188, iters: 700, time: 0.023, data: 0.001) G_GAN: 3.276 G_L1: 0.442 D_real: 0.160 D_fake: 0.205 
(epoch: 188, iters: 800, time: 0.023, data: 0.001) G_GAN: 3.340 G_L1: 0.221 D_real: 0.177 D_fake: 0.206 
(epoch: 188, iters: 900, time: 0.023, data: 0.001) G_GAN: 3.032 G_L1: 0.168 D_real: 0.184 D_fake: 0.203 
(epoch: 188, iters: 1000, time: 0.138, data: 0.001) G_GAN: 5.096 G_L1: 0.496 D_real: 0.071 D_fake: 0.010 
End of epoch 188 / 200 	 Time Taken: 23 sec
learning rate 0.0000238 -> 0.0000218
(epoch: 189, iters: 100, time: 0.023, data: 0.097) G_GAN: 4.049 G_L1: 0.471 D_real: 0.098 D_fake: 0.047 
(epoch: 189, iters: 200, time: 0.023, data: 0.001) G_GAN: 4.797 G_L1: 0.583 D_real: 0.063 D_fake: 0.010 
(epoch: 189, iters: 300, time: 0.023, data: 0.001) G_GAN: 3.335 G_L1: 0.289 D_real: 0.228 D_fake: 0.149 
(epoch: 189, iters: 400, time: 0.133, data: 0.001) G_GAN: 4.870 G_L1: 0.487 D_real: 0.017 D_fake: 0.018 
(epoch: 189, iters: 500, time: 0.023, data: 0.001) G_GAN: 3.010 G_L1: 0.252 D_real: 0.305 D_fake: 0.391 
(epoch: 189, iters: 600, time: 0.023, data: 0.001) G_GAN: 5.272 G_L1: 0.603 D_real: 0.119 D_fake: 0.015 
(epoch: 189, iters: 700, time: 0.023, data: 0.001) G_GAN: 4.525 G_L1: 0.525 D_real: 0.005 D_fake: 0.028 
(epoch: 189, iters: 800, time: 0.022, data: 0.001) G_GAN: 5.495 G_L1: 0.437 D_real: 0.005 D_fake: 0.008 
(epoch: 189, iters: 900, time: 0.023, data: 0.001) G_GAN: 5.053 G_L1: 0.458 D_real: 0.014 D_fake: 0.020 
(epoch: 189, iters: 1000, time: 0.020, data: 0.001) G_GAN: 4.846 G_L1: 0.587 D_real: 0.009 D_fake: 0.074 
End of epoch 189 / 200 	 Time Taken: 22 sec
learning rate 0.0000218 -> 0.0000198
(epoch: 190, iters: 100, time: 0.023, data: 0.098) G_GAN: 4.162 G_L1: 0.435 D_real: 0.087 D_fake: 0.027 
(epoch: 190, iters: 200, time: 0.133, data: 0.001) G_GAN: 3.907 G_L1: 0.264 D_real: 0.224 D_fake: 0.154 
(epoch: 190, iters: 300, time: 0.023, data: 0.001) G_GAN: 4.187 G_L1: 0.587 D_real: 0.007 D_fake: 0.036 
(epoch: 190, iters: 400, time: 0.023, data: 0.001) G_GAN: 2.760 G_L1: 0.227 D_real: 0.358 D_fake: 0.333 
(epoch: 190, iters: 500, time: 0.032, data: 0.001) G_GAN: 3.589 G_L1: 0.319 D_real: 0.161 D_fake: 0.237 
(epoch: 190, iters: 600, time: 0.023, data: 0.002) G_GAN: 4.386 G_L1: 0.385 D_real: 0.007 D_fake: 0.028 
(epoch: 190, iters: 700, time: 0.023, data: 0.001) G_GAN: 4.563 G_L1: 0.529 D_real: 0.014 D_fake: 0.021 
(epoch: 190, iters: 800, time: 0.023, data: 0.001) G_GAN: 3.147 G_L1: 0.245 D_real: 0.184 D_fake: 0.233 
(epoch: 190, iters: 900, time: 0.027, data: 0.001) G_GAN: 2.534 G_L1: 0.258 D_real: 0.309 D_fake: 0.393 
(epoch: 190, iters: 1000, time: 0.132, data: 0.001) G_GAN: 5.675 G_L1: 0.332 D_real: 0.268 D_fake: 0.227 
saving the latest model (epoch 190, total_iters 30000)
saving the model at the end of epoch 190, iters 30000
End of epoch 190 / 200 	 Time Taken: 24 sec
learning rate 0.0000198 -> 0.0000178
(epoch: 191, iters: 100, time: 0.022, data: 0.102) G_GAN: 3.051 G_L1: 0.281 D_real: 0.340 D_fake: 0.349 
(epoch: 191, iters: 200, time: 0.023, data: 0.001) G_GAN: 5.973 G_L1: 0.485 D_real: 0.018 D_fake: 0.007 
(epoch: 191, iters: 300, time: 0.023, data: 0.001) G_GAN: 3.167 G_L1: 0.287 D_real: 0.343 D_fake: 0.348 
(epoch: 191, iters: 400, time: 0.138, data: 0.001) G_GAN: 5.898 G_L1: 0.425 D_real: 0.043 D_fake: 0.004 
(epoch: 191, iters: 500, time: 0.022, data: 0.001) G_GAN: 5.567 G_L1: 0.391 D_real: 0.008 D_fake: 0.010 
(epoch: 191, iters: 600, time: 0.023, data: 0.001) G_GAN: 4.033 G_L1: 0.318 D_real: 0.015 D_fake: 0.028 
(epoch: 191, iters: 700, time: 0.024, data: 0.001) G_GAN: 4.108 G_L1: 0.413 D_real: 0.194 D_fake: 0.180 
(epoch: 191, iters: 800, time: 0.023, data: 0.001) G_GAN: 4.541 G_L1: 0.609 D_real: 0.017 D_fake: 0.020 
(epoch: 191, iters: 900, time: 0.023, data: 0.001) G_GAN: 2.669 G_L1: 0.213 D_real: 0.169 D_fake: 0.260 
(epoch: 191, iters: 1000, time: 0.020, data: 0.001) G_GAN: 3.512 G_L1: 0.384 D_real: 0.226 D_fake: 0.245 
End of epoch 191 / 200 	 Time Taken: 22 sec
learning rate 0.0000178 -> 0.0000158
(epoch: 192, iters: 100, time: 0.024, data: 0.105) G_GAN: 3.498 G_L1: 0.402 D_real: 0.321 D_fake: 0.176 
(epoch: 192, iters: 200, time: 0.136, data: 0.001) G_GAN: 4.820 G_L1: 0.335 D_real: 0.003 D_fake: 0.016 
(epoch: 192, iters: 300, time: 0.022, data: 0.001) G_GAN: 2.417 G_L1: 0.205 D_real: 0.332 D_fake: 0.362 
(epoch: 192, iters: 400, time: 0.023, data: 0.001) G_GAN: 3.977 G_L1: 0.419 D_real: 0.214 D_fake: 0.164 
(epoch: 192, iters: 500, time: 0.023, data: 0.001) G_GAN: 4.740 G_L1: 0.379 D_real: 0.020 D_fake: 0.014 
(epoch: 192, iters: 600, time: 0.023, data: 0.001) G_GAN: 4.340 G_L1: 0.494 D_real: 0.008 D_fake: 0.032 
(epoch: 192, iters: 700, time: 0.023, data: 0.001) G_GAN: 4.585 G_L1: 0.405 D_real: 0.099 D_fake: 0.019 
(epoch: 192, iters: 800, time: 0.022, data: 0.001) G_GAN: 5.684 G_L1: 0.626 D_real: 0.018 D_fake: 0.010 
(epoch: 192, iters: 900, time: 0.023, data: 0.001) G_GAN: 2.265 G_L1: 0.119 D_real: 0.394 D_fake: 0.329 
(epoch: 192, iters: 1000, time: 0.132, data: 0.001) G_GAN: 4.498 G_L1: 0.339 D_real: 0.023 D_fake: 0.021 
End of epoch 192 / 200 	 Time Taken: 23 sec
learning rate 0.0000158 -> 0.0000139
(epoch: 193, iters: 100, time: 0.023, data: 0.104) G_GAN: 4.802 G_L1: 0.498 D_real: 0.019 D_fake: 0.014 
(epoch: 193, iters: 200, time: 0.023, data: 0.001) G_GAN: 4.280 G_L1: 0.337 D_real: 0.187 D_fake: 0.174 
(epoch: 193, iters: 300, time: 0.023, data: 0.001) G_GAN: 4.143 G_L1: 0.352 D_real: 0.005 D_fake: 0.033 
(epoch: 193, iters: 400, time: 0.136, data: 0.001) G_GAN: 3.270 G_L1: 0.352 D_real: 0.184 D_fake: 0.198 
(epoch: 193, iters: 500, time: 0.023, data: 0.001) G_GAN: 5.054 G_L1: 0.438 D_real: 0.013 D_fake: 0.017 
(epoch: 193, iters: 600, time: 0.023, data: 0.001) G_GAN: 4.228 G_L1: 0.389 D_real: 0.360 D_fake: 0.171 
(epoch: 193, iters: 700, time: 0.023, data: 0.001) G_GAN: 4.230 G_L1: 0.590 D_real: 0.169 D_fake: 0.180 
(epoch: 193, iters: 800, time: 0.023, data: 0.001) G_GAN: 5.905 G_L1: 0.568 D_real: 0.007 D_fake: 0.006 
(epoch: 193, iters: 900, time: 0.023, data: 0.001) G_GAN: 2.806 G_L1: 0.240 D_real: 0.332 D_fake: 0.350 
(epoch: 193, iters: 1000, time: 0.020, data: 0.001) G_GAN: 4.937 G_L1: 0.405 D_real: 0.008 D_fake: 0.027 
End of epoch 193 / 200 	 Time Taken: 23 sec
learning rate 0.0000139 -> 0.0000119
(epoch: 194, iters: 100, time: 0.022, data: 0.106) G_GAN: 4.120 G_L1: 0.537 D_real: 0.017 D_fake: 0.028 
(epoch: 194, iters: 200, time: 0.146, data: 0.001) G_GAN: 3.519 G_L1: 0.484 D_real: 0.208 D_fake: 0.170 
(epoch: 194, iters: 300, time: 0.023, data: 0.001) G_GAN: 3.338 G_L1: 0.463 D_real: 0.186 D_fake: 0.181 
(epoch: 194, iters: 400, time: 0.023, data: 0.001) G_GAN: 4.642 G_L1: 0.501 D_real: 0.004 D_fake: 0.019 
(epoch: 194, iters: 500, time: 0.022, data: 0.001) G_GAN: 4.084 G_L1: 0.576 D_real: 0.175 D_fake: 0.021 
(epoch: 194, iters: 600, time: 0.022, data: 0.001) G_GAN: 5.070 G_L1: 0.660 D_real: 0.042 D_fake: 0.010 
(epoch: 194, iters: 700, time: 0.023, data: 0.001) G_GAN: 4.440 G_L1: 0.404 D_real: 0.028 D_fake: 0.030 
(epoch: 194, iters: 800, time: 0.022, data: 0.001) G_GAN: 3.113 G_L1: 0.292 D_real: 0.173 D_fake: 0.204 
(epoch: 194, iters: 900, time: 0.023, data: 0.001) G_GAN: 4.348 G_L1: 0.542 D_real: 0.026 D_fake: 0.037 
(epoch: 194, iters: 1000, time: 0.140, data: 0.001) G_GAN: 4.024 G_L1: 0.513 D_real: 0.063 D_fake: 0.025 
End of epoch 194 / 200 	 Time Taken: 23 sec
learning rate 0.0000119 -> 0.0000099
(epoch: 195, iters: 100, time: 0.023, data: 0.104) G_GAN: 4.960 G_L1: 0.507 D_real: 0.004 D_fake: 0.018 
(epoch: 195, iters: 200, time: 0.023, data: 0.001) G_GAN: 3.957 G_L1: 0.412 D_real: 0.174 D_fake: 0.188 
(epoch: 195, iters: 300, time: 0.023, data: 0.001) G_GAN: 5.377 G_L1: 0.560 D_real: 0.014 D_fake: 0.008 
(epoch: 195, iters: 400, time: 0.138, data: 0.001) G_GAN: 4.567 G_L1: 0.533 D_real: 0.003 D_fake: 0.030 
(epoch: 195, iters: 500, time: 0.022, data: 0.001) G_GAN: 5.042 G_L1: 0.629 D_real: 0.005 D_fake: 0.019 
(epoch: 195, iters: 600, time: 0.023, data: 0.001) G_GAN: 4.788 G_L1: 0.456 D_real: 0.008 D_fake: 0.018 
(epoch: 195, iters: 700, time: 0.023, data: 0.001) G_GAN: 3.102 G_L1: 0.315 D_real: 0.179 D_fake: 0.195 
(epoch: 195, iters: 800, time: 0.023, data: 0.001) G_GAN: 4.297 G_L1: 0.450 D_real: 0.003 D_fake: 0.026 
(epoch: 195, iters: 900, time: 0.022, data: 0.001) G_GAN: 5.147 G_L1: 0.565 D_real: 0.006 D_fake: 0.013 
(epoch: 195, iters: 1000, time: 0.021, data: 0.001) G_GAN: 4.097 G_L1: 0.499 D_real: 0.029 D_fake: 0.024 
saving the latest model (epoch 195, total_iters 35000)
saving the model at the end of epoch 195, iters 35000
End of epoch 195 / 200 	 Time Taken: 24 sec
learning rate 0.0000099 -> 0.0000079
(epoch: 196, iters: 100, time: 0.023, data: 0.102) G_GAN: 5.536 G_L1: 0.526 D_real: 0.021 D_fake: 0.014 
(epoch: 196, iters: 200, time: 0.151, data: 0.001) G_GAN: 2.762 G_L1: 0.186 D_real: 0.357 D_fake: 0.360 
(epoch: 196, iters: 300, time: 0.022, data: 0.001) G_GAN: 4.334 G_L1: 0.384 D_real: 0.005 D_fake: 0.075 
(epoch: 196, iters: 400, time: 0.023, data: 0.001) G_GAN: 4.702 G_L1: 0.483 D_real: 0.009 D_fake: 0.015 
(epoch: 196, iters: 500, time: 0.023, data: 0.001) G_GAN: 4.694 G_L1: 0.272 D_real: 0.016 D_fake: 0.016 
(epoch: 196, iters: 600, time: 0.023, data: 0.001) G_GAN: 3.236 G_L1: 0.238 D_real: 0.223 D_fake: 0.179 
(epoch: 196, iters: 700, time: 0.023, data: 0.001) G_GAN: 2.325 G_L1: 0.513 D_real: 0.156 D_fake: 0.241 
(epoch: 196, iters: 800, time: 0.024, data: 0.001) G_GAN: 2.464 G_L1: 0.208 D_real: 0.353 D_fake: 0.362 
(epoch: 196, iters: 900, time: 0.023, data: 0.001) G_GAN: 4.507 G_L1: 0.322 D_real: 0.033 D_fake: 0.017 
(epoch: 196, iters: 1000, time: 0.135, data: 0.001) G_GAN: 3.406 G_L1: 0.373 D_real: 0.235 D_fake: 0.234 
End of epoch 196 / 200 	 Time Taken: 23 sec
learning rate 0.0000079 -> 0.0000059
(epoch: 197, iters: 100, time: 0.023, data: 0.098) G_GAN: 4.214 G_L1: 0.502 D_real: 0.181 D_fake: 0.167 
(epoch: 197, iters: 200, time: 0.022, data: 0.001) G_GAN: 2.189 G_L1: 0.254 D_real: 0.366 D_fake: 0.335 
(epoch: 197, iters: 300, time: 0.023, data: 0.001) G_GAN: 5.368 G_L1: 0.505 D_real: 0.025 D_fake: 0.012 
(epoch: 197, iters: 400, time: 0.136, data: 0.001) G_GAN: 4.032 G_L1: 0.312 D_real: 0.181 D_fake: 0.189 
(epoch: 197, iters: 500, time: 0.023, data: 0.001) G_GAN: 2.657 G_L1: 0.161 D_real: 0.390 D_fake: 0.311 
(epoch: 197, iters: 600, time: 0.022, data: 0.001) G_GAN: 4.297 G_L1: 0.463 D_real: 0.008 D_fake: 0.023 
(epoch: 197, iters: 700, time: 0.022, data: 0.001) G_GAN: 5.009 G_L1: 0.456 D_real: 0.008 D_fake: 0.023 
(epoch: 197, iters: 800, time: 0.023, data: 0.001) G_GAN: 5.219 G_L1: 0.635 D_real: 0.011 D_fake: 0.013 
(epoch: 197, iters: 900, time: 0.022, data: 0.001) G_GAN: 3.543 G_L1: 0.528 D_real: 0.172 D_fake: 0.185 
(epoch: 197, iters: 1000, time: 0.021, data: 0.001) G_GAN: 2.757 G_L1: 0.357 D_real: 0.224 D_fake: 0.267 
End of epoch 197 / 200 	 Time Taken: 23 sec
learning rate 0.0000059 -> 0.0000040
(epoch: 198, iters: 100, time: 0.022, data: 0.105) G_GAN: 4.428 G_L1: 0.307 D_real: 0.050 D_fake: 0.075 
(epoch: 198, iters: 200, time: 0.149, data: 0.001) G_GAN: 5.123 G_L1: 0.507 D_real: 0.062 D_fake: 0.067 
(epoch: 198, iters: 300, time: 0.023, data: 0.001) G_GAN: 3.154 G_L1: 0.455 D_real: 0.165 D_fake: 0.197 
(epoch: 198, iters: 400, time: 0.023, data: 0.001) G_GAN: 4.007 G_L1: 0.691 D_real: 0.041 D_fake: 0.043 
(epoch: 198, iters: 500, time: 0.023, data: 0.001) G_GAN: 4.131 G_L1: 0.456 D_real: 0.178 D_fake: 0.176 
(epoch: 198, iters: 600, time: 0.023, data: 0.001) G_GAN: 5.123 G_L1: 0.462 D_real: 0.020 D_fake: 0.014 
(epoch: 198, iters: 700, time: 0.022, data: 0.001) G_GAN: 5.383 G_L1: 0.551 D_real: 0.005 D_fake: 0.012 
(epoch: 198, iters: 800, time: 0.023, data: 0.001) G_GAN: 3.312 G_L1: 0.246 D_real: 0.194 D_fake: 0.191 
(epoch: 198, iters: 900, time: 0.023, data: 0.001) G_GAN: 4.637 G_L1: 0.484 D_real: 0.039 D_fake: 0.022 
(epoch: 198, iters: 1000, time: 0.142, data: 0.001) G_GAN: 2.583 G_L1: 0.273 D_real: 0.249 D_fake: 0.270 
End of epoch 198 / 200 	 Time Taken: 23 sec
learning rate 0.0000040 -> 0.0000020
(epoch: 199, iters: 100, time: 0.022, data: 0.098) G_GAN: 4.116 G_L1: 0.600 D_real: 0.012 D_fake: 0.032 
(epoch: 199, iters: 200, time: 0.023, data: 0.001) G_GAN: 4.484 G_L1: 0.538 D_real: 0.011 D_fake: 0.018 
(epoch: 199, iters: 300, time: 0.023, data: 0.001) G_GAN: 4.112 G_L1: 0.394 D_real: 0.047 D_fake: 0.071 
(epoch: 199, iters: 400, time: 0.140, data: 0.001) G_GAN: 3.623 G_L1: 0.444 D_real: 0.187 D_fake: 0.184 
(epoch: 199, iters: 500, time: 0.022, data: 0.001) G_GAN: 3.844 G_L1: 0.407 D_real: 0.207 D_fake: 0.173 
(epoch: 199, iters: 600, time: 0.023, data: 0.001) G_GAN: 3.561 G_L1: 0.238 D_real: 0.185 D_fake: 0.180 
(epoch: 199, iters: 700, time: 0.023, data: 0.001) G_GAN: 5.443 G_L1: 0.562 D_real: 0.010 D_fake: 0.013 
(epoch: 199, iters: 800, time: 0.023, data: 0.001) G_GAN: 4.195 G_L1: 0.323 D_real: 0.193 D_fake: 0.172 
(epoch: 199, iters: 900, time: 0.023, data: 0.001) G_GAN: 3.810 G_L1: 0.509 D_real: 0.212 D_fake: 0.166 
(epoch: 199, iters: 1000, time: 0.020, data: 0.001) G_GAN: 5.071 G_L1: 0.444 D_real: 0.001 D_fake: 0.010 
End of epoch 199 / 200 	 Time Taken: 23 sec
learning rate 0.0000020 -> 0.0000000
(epoch: 200, iters: 100, time: 0.023, data: 0.098) G_GAN: 3.907 G_L1: 0.472 D_real: 0.181 D_fake: 0.176 
(epoch: 200, iters: 200, time: 0.148, data: 0.001) G_GAN: 5.412 G_L1: 0.626 D_real: 0.030 D_fake: 0.008 
(epoch: 200, iters: 300, time: 0.023, data: 0.001) G_GAN: 4.233 G_L1: 0.322 D_real: 0.033 D_fake: 0.034 
(epoch: 200, iters: 400, time: 0.023, data: 0.001) G_GAN: 4.789 G_L1: 0.541 D_real: 0.009 D_fake: 0.014 
(epoch: 200, iters: 500, time: 0.024, data: 0.001) G_GAN: 4.483 G_L1: 0.340 D_real: 0.052 D_fake: 0.046 
(epoch: 200, iters: 600, time: 0.024, data: 0.001) G_GAN: 4.890 G_L1: 0.632 D_real: 0.035 D_fake: 0.024 
(epoch: 200, iters: 700, time: 0.023, data: 0.001) G_GAN: 0.745 G_L1: 0.001 D_real: 0.709 D_fake: 0.650 
(epoch: 200, iters: 800, time: 0.023, data: 0.001) G_GAN: 4.356 G_L1: 0.539 D_real: 0.021 D_fake: 0.037 
(epoch: 200, iters: 900, time: 0.023, data: 0.001) G_GAN: 3.478 G_L1: 0.337 D_real: 0.174 D_fake: 0.185 
(epoch: 200, iters: 1000, time: 0.137, data: 0.001) G_GAN: 4.247 G_L1: 0.639 D_real: 0.005 D_fake: 0.021 
saving the latest model (epoch 200, total_iters 40000)
saving the model at the end of epoch 200, iters 40000
End of epoch 200 / 200 	 Time Taken: 24 sec
