----------------- Options ---------------
               batch_size: 4                             	[default: 1]
                    beta1: 0.5                           
          checkpoints_dir: ./checkpoints                 
           continue_train: True                          	[default: False]
                crop_size: 256                           
                 dataroot: tv_synth.h5                   	[default: None]
             dataset_mode: hdf5                          	[default: aligned]
                direction: BtoA                          	[default: AtoB]
              display_env: main                          
             display_freq: 400                           
               display_id: 0                             	[default: 1]
            display_ncols: 4                             
             display_port: 8097                          
           display_server: http://localhost              
          display_winsize: 256                           
                    epoch: 160                           	[default: latest]
              epoch_count: 161                           	[default: 1]
                 gan_mode: vanilla                       
                  gpu_ids: 0,1,2,3                       	[default: 0]
                init_gain: 0.02                          
                init_type: normal                        
                 input_nc: 1                             	[default: 3]
                  isTrain: True                          	[default: None]
                lambda_L1: 100.0                         
                load_iter: 0                             	[default: 0]
                load_size: 286                           
                       lr: 0.0002                        
           lr_decay_iters: 50                            
                lr_policy: linear                        
         max_dataset_size: inf                           
                    model: pix2pix                       	[default: cycle_gan]
                 n_epochs: 100                           
           n_epochs_decay: 100                           
               n_layers_D: 3                             
                     name: tv_synth_mdl                  	[default: experiment_name]
                      ndf: 64                            
                     netD: basic                         
                     netG: unet_256                      
                      ngf: 64                            
               no_dropout: False                         
                  no_flip: False                         
                  no_html: False                         
                     norm: instance                      	[default: batch]
              num_threads: 4                             
                output_nc: 1                             	[default: 3]
                    phase: train                         
                pool_size: 0                             
               preprocess: resize_and_crop               
               print_freq: 100                           
             save_by_iter: False                         
          save_epoch_freq: 5                             
         save_latest_freq: 5000                          
           serial_batches: False                         
                   suffix:                               
         update_html_freq: 1000                          
                use_wandb: False                         
                  verbose: False                         
       wandb_project_name: CycleGAN-and-pix2pix          
----------------- End -------------------
tv_synth.h5
['synth_test', 'synth_train', 'synth_val', 'tv_test', 'tv_train', 'tv_val']
dataset [HDF5Dataset] was created
The number of training images = 883
initialize network with normal
initialize network with normal
model [Pix2PixModel] was created
loading the model from ./checkpoints/tv_synth_mdl/160_net_G.pth
loading the model from ./checkpoints/tv_synth_mdl/160_net_D.pth
---------- Networks initialized -------------
[Network G] Total number of parameters : 54.403 M
[Network D] Total number of parameters : 2.764 M
-----------------------------------------------
create web directory ./checkpoints/tv_synth_mdl/web...
learning rate 0.0000792 -> 0.0000772
(epoch: 161, iters: 100, time: 0.023, data: 0.071) G_GAN: 4.834 G_L1: 0.615 D_real: 0.005 D_fake: 0.020 
(epoch: 161, iters: 200, time: 0.024, data: 0.001) G_GAN: 5.340 G_L1: 0.633 D_real: 0.052 D_fake: 0.008 
(epoch: 161, iters: 300, time: 0.023, data: 0.001) G_GAN: 5.402 G_L1: 0.632 D_real: 0.001 D_fake: 0.217 
(epoch: 161, iters: 400, time: 0.132, data: 0.001) G_GAN: 3.523 G_L1: 0.986 D_real: 0.824 D_fake: 0.030 
(epoch: 161, iters: 500, time: 0.023, data: 0.001) G_GAN: 4.098 G_L1: 0.822 D_real: 0.002 D_fake: 0.075 
(epoch: 161, iters: 600, time: 0.023, data: 0.001) G_GAN: 5.102 G_L1: 0.648 D_real: 0.006 D_fake: 0.052 
(epoch: 161, iters: 700, time: 0.022, data: 0.001) G_GAN: 3.930 G_L1: 0.502 D_real: 0.027 D_fake: 0.044 
(epoch: 161, iters: 800, time: 0.023, data: 0.001) G_GAN: 4.117 G_L1: 0.664 D_real: 0.008 D_fake: 0.071 
End of epoch 161 / 200 	 Time Taken: 34 sec
learning rate 0.0000772 -> 0.0000752
(epoch: 162, iters: 16, time: 0.023, data: 0.001) G_GAN: 3.645 G_L1: 0.548 D_real: 0.015 D_fake: 0.141 
(epoch: 162, iters: 116, time: 0.022, data: 0.000) G_GAN: 4.726 G_L1: 0.633 D_real: 0.022 D_fake: 0.189 
(epoch: 162, iters: 216, time: 0.023, data: 0.001) G_GAN: 4.211 G_L1: 0.434 D_real: 0.050 D_fake: 0.060 
(epoch: 162, iters: 316, time: 0.133, data: 0.001) G_GAN: 4.783 G_L1: 0.686 D_real: 0.004 D_fake: 0.097 
(epoch: 162, iters: 416, time: 0.023, data: 0.001) G_GAN: 4.409 G_L1: 0.604 D_real: 0.021 D_fake: 0.024 
(epoch: 162, iters: 516, time: 0.023, data: 0.001) G_GAN: 5.160 G_L1: 0.539 D_real: 0.041 D_fake: 0.024 
(epoch: 162, iters: 616, time: 0.023, data: 0.001) G_GAN: 6.784 G_L1: 0.878 D_real: 0.008 D_fake: 0.005 
(epoch: 162, iters: 716, time: 0.022, data: 0.001) G_GAN: 4.862 G_L1: 0.699 D_real: 0.031 D_fake: 0.064 
(epoch: 162, iters: 816, time: 0.022, data: 0.001) G_GAN: 4.019 G_L1: 1.064 D_real: 0.011 D_fake: 0.032 
End of epoch 162 / 200 	 Time Taken: 20 sec
learning rate 0.0000752 -> 0.0000733
(epoch: 163, iters: 32, time: 0.023, data: 0.001) G_GAN: 4.746 G_L1: 0.596 D_real: 0.020 D_fake: 0.011 
(epoch: 163, iters: 132, time: 0.023, data: 0.001) G_GAN: 4.393 G_L1: 0.597 D_real: 0.023 D_fake: 0.040 
(epoch: 163, iters: 232, time: 0.121, data: 0.001) G_GAN: 4.585 G_L1: 0.522 D_real: 0.148 D_fake: 0.016 
(epoch: 163, iters: 332, time: 0.022, data: 0.001) G_GAN: 5.207 G_L1: 0.622 D_real: 0.094 D_fake: 0.007 
(epoch: 163, iters: 432, time: 0.023, data: 0.001) G_GAN: 3.669 G_L1: 0.732 D_real: 0.011 D_fake: 0.058 
(epoch: 163, iters: 532, time: 0.023, data: 0.001) G_GAN: 3.967 G_L1: 0.673 D_real: 0.256 D_fake: 0.009 
(epoch: 163, iters: 632, time: 0.023, data: 0.001) G_GAN: 5.630 G_L1: 0.685 D_real: 0.024 D_fake: 0.007 
(epoch: 163, iters: 732, time: 0.023, data: 0.001) G_GAN: 5.128 G_L1: 0.634 D_real: 0.045 D_fake: 0.034 
(epoch: 163, iters: 832, time: 0.022, data: 0.001) G_GAN: 7.172 G_L1: 0.631 D_real: 0.005 D_fake: 0.011 
End of epoch 163 / 200 	 Time Taken: 20 sec
learning rate 0.0000733 -> 0.0000713
(epoch: 164, iters: 48, time: 0.023, data: 0.001) G_GAN: 3.530 G_L1: 0.589 D_real: 0.032 D_fake: 0.062 
(epoch: 164, iters: 148, time: 0.130, data: 0.001) G_GAN: 4.530 G_L1: 0.741 D_real: 0.019 D_fake: 0.042 
(epoch: 164, iters: 248, time: 0.023, data: 0.001) G_GAN: 4.744 G_L1: 0.823 D_real: 0.043 D_fake: 0.015 
(epoch: 164, iters: 348, time: 0.023, data: 0.001) G_GAN: 3.721 G_L1: 0.403 D_real: 0.035 D_fake: 0.046 
(epoch: 164, iters: 448, time: 0.023, data: 0.001) G_GAN: 5.617 G_L1: 0.515 D_real: 0.019 D_fake: 0.020 
(epoch: 164, iters: 548, time: 0.023, data: 0.001) G_GAN: 3.396 G_L1: 0.611 D_real: 0.003 D_fake: 0.051 
(epoch: 164, iters: 648, time: 0.023, data: 0.001) G_GAN: 5.105 G_L1: 0.819 D_real: 0.005 D_fake: 0.020 
(epoch: 164, iters: 748, time: 0.023, data: 0.001) G_GAN: 4.692 G_L1: 0.724 D_real: 0.002 D_fake: 0.049 
(epoch: 164, iters: 848, time: 0.023, data: 0.001) G_GAN: 5.088 G_L1: 0.680 D_real: 0.006 D_fake: 0.017 
End of epoch 164 / 200 	 Time Taken: 20 sec
learning rate 0.0000713 -> 0.0000693
(epoch: 165, iters: 64, time: 0.122, data: 0.001) G_GAN: 3.498 G_L1: 0.530 D_real: 0.019 D_fake: 0.111 
(epoch: 165, iters: 164, time: 0.022, data: 0.001) G_GAN: 4.904 G_L1: 0.741 D_real: 0.002 D_fake: 0.018 
(epoch: 165, iters: 264, time: 0.034, data: 0.001) G_GAN: 5.761 G_L1: 0.747 D_real: 0.086 D_fake: 0.007 
(epoch: 165, iters: 364, time: 0.023, data: 0.002) G_GAN: 3.873 G_L1: 0.779 D_real: 0.011 D_fake: 0.086 
(epoch: 165, iters: 464, time: 0.122, data: 0.001) G_GAN: 3.304 G_L1: 0.984 D_real: 0.568 D_fake: 0.033 
(epoch: 165, iters: 564, time: 0.023, data: 0.001) G_GAN: 4.316 G_L1: 0.681 D_real: 0.031 D_fake: 0.131 
(epoch: 165, iters: 664, time: 0.023, data: 0.001) G_GAN: 5.171 G_L1: 0.493 D_real: 0.006 D_fake: 0.259 
(epoch: 165, iters: 764, time: 0.023, data: 0.001) G_GAN: 4.314 G_L1: 0.709 D_real: 0.019 D_fake: 0.041 
(epoch: 165, iters: 864, time: 0.023, data: 0.001) G_GAN: 4.465 G_L1: 0.842 D_real: 0.003 D_fake: 0.215 
saving the model at the end of epoch 165, iters 4420
End of epoch 165 / 200 	 Time Taken: 21 sec
learning rate 0.0000693 -> 0.0000673
(epoch: 166, iters: 80, time: 0.023, data: 0.001) G_GAN: 4.218 G_L1: 0.415 D_real: 0.025 D_fake: 0.101 
(epoch: 166, iters: 180, time: 0.023, data: 0.001) G_GAN: 7.037 G_L1: 0.681 D_real: 0.030 D_fake: 0.007 
(epoch: 166, iters: 280, time: 0.023, data: 0.001) G_GAN: 4.384 G_L1: 0.632 D_real: 0.029 D_fake: 0.052 
(epoch: 166, iters: 380, time: 0.135, data: 0.001) G_GAN: 4.834 G_L1: 0.587 D_real: 0.004 D_fake: 0.081 
(epoch: 166, iters: 480, time: 0.023, data: 0.002) G_GAN: 5.194 G_L1: 1.189 D_real: 0.004 D_fake: 0.010 
(epoch: 166, iters: 580, time: 0.023, data: 0.001) G_GAN: 4.556 G_L1: 0.783 D_real: 0.095 D_fake: 0.099 
saving the latest model (epoch 166, total_iters 5000)
(epoch: 166, iters: 680, time: 0.023, data: 0.001) G_GAN: 3.643 G_L1: 0.536 D_real: 0.166 D_fake: 0.024 
(epoch: 166, iters: 780, time: 0.023, data: 0.001) G_GAN: 6.042 G_L1: 0.752 D_real: 0.012 D_fake: 0.008 
(epoch: 166, iters: 880, time: 0.022, data: 0.001) G_GAN: 3.611 G_L1: 0.584 D_real: 0.007 D_fake: 0.066 
End of epoch 166 / 200 	 Time Taken: 20 sec
learning rate 0.0000673 -> 0.0000653
(epoch: 167, iters: 96, time: 0.023, data: 0.001) G_GAN: 4.352 G_L1: 0.843 D_real: 0.010 D_fake: 0.024 
(epoch: 167, iters: 196, time: 0.023, data: 0.001) G_GAN: 5.130 G_L1: 0.753 D_real: 0.010 D_fake: 0.015 
(epoch: 167, iters: 296, time: 0.135, data: 0.001) G_GAN: 4.240 G_L1: 0.473 D_real: 0.016 D_fake: 0.065 
(epoch: 167, iters: 396, time: 0.023, data: 0.001) G_GAN: 1.751 G_L1: 0.571 D_real: 0.619 D_fake: 0.040 
(epoch: 167, iters: 496, time: 0.023, data: 0.001) G_GAN: 4.522 G_L1: 0.738 D_real: 0.006 D_fake: 0.033 
(epoch: 167, iters: 596, time: 0.023, data: 0.004) G_GAN: 4.316 G_L1: 0.674 D_real: 0.083 D_fake: 0.017 
(epoch: 167, iters: 696, time: 0.124, data: 0.001) G_GAN: 4.479 G_L1: 0.675 D_real: 0.002 D_fake: 0.104 
(epoch: 167, iters: 796, time: 0.028, data: 0.001) G_GAN: 5.574 G_L1: 0.633 D_real: 0.068 D_fake: 0.005 
End of epoch 167 / 200 	 Time Taken: 20 sec
learning rate 0.0000653 -> 0.0000634
(epoch: 168, iters: 12, time: 0.023, data: 0.002) G_GAN: 5.344 G_L1: 0.974 D_real: 0.003 D_fake: 0.012 
(epoch: 168, iters: 112, time: 0.023, data: 0.004) G_GAN: 4.415 G_L1: 0.376 D_real: 0.027 D_fake: 0.057 
(epoch: 168, iters: 212, time: 0.122, data: 0.001) G_GAN: 4.588 G_L1: 0.758 D_real: 0.025 D_fake: 0.035 
(epoch: 168, iters: 312, time: 0.024, data: 0.001) G_GAN: 5.432 G_L1: 0.909 D_real: 0.006 D_fake: 0.013 
(epoch: 168, iters: 412, time: 0.023, data: 0.001) G_GAN: 4.428 G_L1: 0.636 D_real: 0.005 D_fake: 0.207 
(epoch: 168, iters: 512, time: 0.022, data: 0.001) G_GAN: 4.374 G_L1: 0.917 D_real: 0.009 D_fake: 0.020 
(epoch: 168, iters: 612, time: 0.023, data: 0.001) G_GAN: 3.587 G_L1: 0.524 D_real: 0.283 D_fake: 0.063 
(epoch: 168, iters: 712, time: 0.022, data: 0.001) G_GAN: 2.616 G_L1: 0.723 D_real: 0.385 D_fake: 0.023 
(epoch: 168, iters: 812, time: 0.023, data: 0.001) G_GAN: 4.489 G_L1: 0.509 D_real: 0.056 D_fake: 0.048 
End of epoch 168 / 200 	 Time Taken: 20 sec
learning rate 0.0000634 -> 0.0000614
(epoch: 169, iters: 28, time: 0.023, data: 0.001) G_GAN: 5.907 G_L1: 0.725 D_real: 0.033 D_fake: 0.014 
(epoch: 169, iters: 128, time: 0.134, data: 0.001) G_GAN: 6.029 G_L1: 0.660 D_real: 0.025 D_fake: 0.007 
(epoch: 169, iters: 228, time: 0.023, data: 0.001) G_GAN: 6.079 G_L1: 0.612 D_real: 0.090 D_fake: 0.004 
(epoch: 169, iters: 328, time: 0.023, data: 0.001) G_GAN: 4.317 G_L1: 0.464 D_real: 0.035 D_fake: 0.081 
(epoch: 169, iters: 428, time: 0.023, data: 0.001) G_GAN: 4.303 G_L1: 0.602 D_real: 0.018 D_fake: 0.036 
(epoch: 169, iters: 528, time: 0.023, data: 0.001) G_GAN: 5.678 G_L1: 0.695 D_real: 0.019 D_fake: 0.097 
(epoch: 169, iters: 628, time: 0.022, data: 0.001) G_GAN: 5.166 G_L1: 0.937 D_real: 0.011 D_fake: 0.072 
(epoch: 169, iters: 728, time: 0.023, data: 0.001) G_GAN: 5.473 G_L1: 0.618 D_real: 0.014 D_fake: 0.017 
(epoch: 169, iters: 828, time: 0.023, data: 0.001) G_GAN: 5.140 G_L1: 0.640 D_real: 0.040 D_fake: 0.042 
End of epoch 169 / 200 	 Time Taken: 20 sec
learning rate 0.0000614 -> 0.0000594
(epoch: 170, iters: 44, time: 0.123, data: 0.001) G_GAN: 4.265 G_L1: 0.645 D_real: 0.103 D_fake: 0.017 
(epoch: 170, iters: 144, time: 0.023, data: 0.001) G_GAN: 2.824 G_L1: 0.612 D_real: 0.289 D_fake: 0.044 
(epoch: 170, iters: 244, time: 0.023, data: 0.001) G_GAN: 4.946 G_L1: 0.683 D_real: 0.010 D_fake: 0.018 
(epoch: 170, iters: 344, time: 0.033, data: 0.001) G_GAN: 5.641 G_L1: 0.598 D_real: 0.020 D_fake: 0.013 
(epoch: 170, iters: 444, time: 0.022, data: 0.002) G_GAN: 4.501 G_L1: 0.557 D_real: 0.013 D_fake: 0.127 
(epoch: 170, iters: 544, time: 0.023, data: 0.001) G_GAN: 6.268 G_L1: 0.771 D_real: 0.079 D_fake: 0.004 
(epoch: 170, iters: 644, time: 0.023, data: 0.001) G_GAN: 3.480 G_L1: 0.761 D_real: 0.170 D_fake: 0.032 
(epoch: 170, iters: 744, time: 0.023, data: 0.001) G_GAN: 4.740 G_L1: 0.803 D_real: 0.002 D_fake: 0.017 
(epoch: 170, iters: 844, time: 0.023, data: 0.001) G_GAN: 4.954 G_L1: 0.923 D_real: 0.005 D_fake: 0.016 
saving the model at the end of epoch 170, iters 8840
End of epoch 170 / 200 	 Time Taken: 21 sec
learning rate 0.0000594 -> 0.0000574
(epoch: 171, iters: 60, time: 0.023, data: 0.001) G_GAN: 3.925 G_L1: 0.552 D_real: 0.051 D_fake: 0.030 
(epoch: 171, iters: 160, time: 0.022, data: 0.001) G_GAN: 4.560 G_L1: 0.590 D_real: 0.006 D_fake: 0.058 
(epoch: 171, iters: 260, time: 0.023, data: 0.001) G_GAN: 4.769 G_L1: 0.414 D_real: 0.091 D_fake: 0.186 
(epoch: 171, iters: 360, time: 0.125, data: 0.001) G_GAN: 6.172 G_L1: 0.772 D_real: 0.013 D_fake: 0.003 
(epoch: 171, iters: 460, time: 0.022, data: 0.001) G_GAN: 4.367 G_L1: 0.544 D_real: 0.089 D_fake: 0.012 
(epoch: 171, iters: 560, time: 0.022, data: 0.001) G_GAN: 5.356 G_L1: 0.720 D_real: 0.011 D_fake: 0.008 
(epoch: 171, iters: 660, time: 0.023, data: 0.001) G_GAN: 6.662 G_L1: 0.722 D_real: 0.004 D_fake: 0.005 
(epoch: 171, iters: 760, time: 0.022, data: 0.001) G_GAN: 4.780 G_L1: 0.789 D_real: 0.007 D_fake: 0.060 
(epoch: 171, iters: 860, time: 0.023, data: 0.001) G_GAN: 4.546 G_L1: 0.693 D_real: 0.014 D_fake: 0.037 
End of epoch 171 / 200 	 Time Taken: 20 sec
learning rate 0.0000574 -> 0.0000554
(epoch: 172, iters: 76, time: 0.023, data: 0.001) G_GAN: 4.167 G_L1: 0.959 D_real: 0.011 D_fake: 0.047 
(epoch: 172, iters: 176, time: 0.023, data: 0.001) G_GAN: 5.335 G_L1: 0.639 D_real: 0.009 D_fake: 0.010 
(epoch: 172, iters: 276, time: 0.140, data: 0.001) G_GAN: 5.383 G_L1: 0.572 D_real: 0.005 D_fake: 0.012 
saving the latest model (epoch 172, total_iters 10000)
(epoch: 172, iters: 376, time: 0.023, data: 0.001) G_GAN: 5.263 G_L1: 0.663 D_real: 0.057 D_fake: 0.045 
(epoch: 172, iters: 476, time: 0.023, data: 0.001) G_GAN: 5.417 G_L1: 0.947 D_real: 0.026 D_fake: 0.008 
(epoch: 172, iters: 576, time: 0.023, data: 0.001) G_GAN: 4.847 G_L1: 0.946 D_real: 0.002 D_fake: 0.017 
(epoch: 172, iters: 676, time: 0.022, data: 0.001) G_GAN: 4.916 G_L1: 0.790 D_real: 0.007 D_fake: 0.019 
(epoch: 172, iters: 776, time: 0.022, data: 0.001) G_GAN: 5.083 G_L1: 0.673 D_real: 0.008 D_fake: 0.009 
(epoch: 172, iters: 876, time: 0.023, data: 0.001) G_GAN: 5.691 G_L1: 0.707 D_real: 0.003 D_fake: 0.009 
End of epoch 172 / 200 	 Time Taken: 20 sec
learning rate 0.0000554 -> 0.0000535
(epoch: 173, iters: 92, time: 0.022, data: 0.001) G_GAN: 4.541 G_L1: 0.718 D_real: 0.024 D_fake: 0.026 
(epoch: 173, iters: 192, time: 0.125, data: 0.001) G_GAN: 5.282 G_L1: 1.031 D_real: 0.097 D_fake: 0.008 
(epoch: 173, iters: 292, time: 0.022, data: 0.001) G_GAN: 5.326 G_L1: 0.666 D_real: 0.039 D_fake: 0.012 
(epoch: 173, iters: 392, time: 0.023, data: 0.001) G_GAN: 4.704 G_L1: 0.677 D_real: 0.010 D_fake: 0.016 
(epoch: 173, iters: 492, time: 0.023, data: 0.001) G_GAN: 4.661 G_L1: 0.789 D_real: 0.001 D_fake: 0.020 
(epoch: 173, iters: 592, time: 0.023, data: 0.001) G_GAN: 3.365 G_L1: 0.565 D_real: 0.097 D_fake: 0.037 
(epoch: 173, iters: 692, time: 0.022, data: 0.001) G_GAN: 5.446 G_L1: 0.680 D_real: 0.049 D_fake: 0.004 
(epoch: 173, iters: 792, time: 0.022, data: 0.001) G_GAN: 5.074 G_L1: 0.657 D_real: 0.058 D_fake: 0.013 
End of epoch 173 / 200 	 Time Taken: 20 sec
learning rate 0.0000535 -> 0.0000515
(epoch: 174, iters: 8, time: 0.023, data: 0.001) G_GAN: 5.100 G_L1: 0.727 D_real: 0.012 D_fake: 0.026 
(epoch: 174, iters: 108, time: 0.137, data: 0.005) G_GAN: 3.829 G_L1: 0.432 D_real: 0.079 D_fake: 0.074 
(epoch: 174, iters: 208, time: 0.023, data: 0.001) G_GAN: 4.553 G_L1: 0.769 D_real: 0.016 D_fake: 0.023 
(epoch: 174, iters: 308, time: 0.023, data: 0.001) G_GAN: 4.922 G_L1: 0.714 D_real: 0.026 D_fake: 0.036 
(epoch: 174, iters: 408, time: 0.023, data: 0.001) G_GAN: 4.356 G_L1: 0.779 D_real: 0.005 D_fake: 0.071 
(epoch: 174, iters: 508, time: 0.128, data: 0.001) G_GAN: 5.803 G_L1: 0.850 D_real: 0.008 D_fake: 0.006 
(epoch: 174, iters: 608, time: 0.023, data: 0.001) G_GAN: 4.995 G_L1: 0.651 D_real: 0.023 D_fake: 0.029 
(epoch: 174, iters: 708, time: 0.023, data: 0.004) G_GAN: 5.011 G_L1: 0.621 D_real: 0.015 D_fake: 0.036 
(epoch: 174, iters: 808, time: 0.023, data: 0.001) G_GAN: 4.740 G_L1: 0.765 D_real: 0.020 D_fake: 0.026 
End of epoch 174 / 200 	 Time Taken: 20 sec
learning rate 0.0000515 -> 0.0000495
(epoch: 175, iters: 24, time: 0.126, data: 0.001) G_GAN: 7.174 G_L1: 0.524 D_real: 0.004 D_fake: 0.008 
(epoch: 175, iters: 124, time: 0.022, data: 0.000) G_GAN: 5.800 G_L1: 0.999 D_real: 0.089 D_fake: 0.007 
(epoch: 175, iters: 224, time: 0.023, data: 0.001) G_GAN: 6.014 G_L1: 0.861 D_real: 0.027 D_fake: 0.008 
(epoch: 175, iters: 324, time: 0.023, data: 0.001) G_GAN: 5.840 G_L1: 0.598 D_real: 0.003 D_fake: 0.078 
(epoch: 175, iters: 424, time: 0.023, data: 0.001) G_GAN: 5.699 G_L1: 0.804 D_real: 0.008 D_fake: 0.021 
(epoch: 175, iters: 524, time: 0.023, data: 0.001) G_GAN: 6.295 G_L1: 0.988 D_real: 0.002 D_fake: 0.007 
(epoch: 175, iters: 624, time: 0.023, data: 0.001) G_GAN: 4.666 G_L1: 0.677 D_real: 0.010 D_fake: 0.021 
(epoch: 175, iters: 724, time: 0.023, data: 0.001) G_GAN: 7.070 G_L1: 0.838 D_real: 0.001 D_fake: 0.005 
(epoch: 175, iters: 824, time: 0.023, data: 0.001) G_GAN: 3.961 G_L1: 0.572 D_real: 0.035 D_fake: 0.051 
saving the model at the end of epoch 175, iters 13260
End of epoch 175 / 200 	 Time Taken: 21 sec
learning rate 0.0000495 -> 0.0000475
(epoch: 176, iters: 40, time: 0.024, data: 0.001) G_GAN: 5.231 G_L1: 0.992 D_real: 0.005 D_fake: 0.015 
(epoch: 176, iters: 140, time: 0.024, data: 0.001) G_GAN: 5.311 G_L1: 0.713 D_real: 0.004 D_fake: 0.123 
(epoch: 176, iters: 240, time: 0.023, data: 0.001) G_GAN: 4.056 G_L1: 0.556 D_real: 0.031 D_fake: 0.041 
(epoch: 176, iters: 340, time: 0.142, data: 0.001) G_GAN: 4.566 G_L1: 0.796 D_real: 0.023 D_fake: 0.019 
(epoch: 176, iters: 440, time: 0.023, data: 0.001) G_GAN: 4.830 G_L1: 1.033 D_real: 0.134 D_fake: 0.008 
(epoch: 176, iters: 540, time: 0.024, data: 0.001) G_GAN: 5.520 G_L1: 1.008 D_real: 0.004 D_fake: 0.011 
(epoch: 176, iters: 640, time: 0.023, data: 0.002) G_GAN: 6.773 G_L1: 0.777 D_real: 0.016 D_fake: 0.014 
(epoch: 176, iters: 740, time: 0.128, data: 0.001) G_GAN: 5.664 G_L1: 0.802 D_real: 0.056 D_fake: 0.007 
(epoch: 176, iters: 840, time: 0.022, data: 0.001) G_GAN: 6.026 G_L1: 0.990 D_real: 0.011 D_fake: 0.019 
End of epoch 176 / 200 	 Time Taken: 20 sec
learning rate 0.0000475 -> 0.0000455
(epoch: 177, iters: 56, time: 0.023, data: 0.001) G_GAN: 6.044 G_L1: 0.833 D_real: 0.028 D_fake: 0.005 
(epoch: 177, iters: 156, time: 0.023, data: 0.001) G_GAN: 4.297 G_L1: 0.929 D_real: 0.015 D_fake: 0.025 
(epoch: 177, iters: 256, time: 0.129, data: 0.001) G_GAN: 5.550 G_L1: 0.503 D_real: 0.005 D_fake: 0.015 
(epoch: 177, iters: 356, time: 0.023, data: 0.001) G_GAN: 4.976 G_L1: 0.814 D_real: 0.005 D_fake: 0.075 
(epoch: 177, iters: 456, time: 0.022, data: 0.001) G_GAN: 5.926 G_L1: 0.748 D_real: 0.003 D_fake: 0.005 
(epoch: 177, iters: 556, time: 0.023, data: 0.001) G_GAN: 4.421 G_L1: 0.961 D_real: 0.004 D_fake: 0.039 
(epoch: 177, iters: 656, time: 0.023, data: 0.001) G_GAN: 5.633 G_L1: 0.820 D_real: 0.003 D_fake: 0.007 
(epoch: 177, iters: 756, time: 0.023, data: 0.001) G_GAN: 5.645 G_L1: 0.817 D_real: 0.044 D_fake: 0.005 
(epoch: 177, iters: 856, time: 0.023, data: 0.001) G_GAN: 5.873 G_L1: 0.795 D_real: 0.005 D_fake: 0.013 
saving the latest model (epoch 177, total_iters 15000)
End of epoch 177 / 200 	 Time Taken: 20 sec
learning rate 0.0000455 -> 0.0000436
(epoch: 178, iters: 72, time: 0.023, data: 0.001) G_GAN: 5.441 G_L1: 0.981 D_real: 0.005 D_fake: 0.113 
(epoch: 178, iters: 172, time: 0.133, data: 0.001) G_GAN: 4.390 G_L1: 0.703 D_real: 0.013 D_fake: 0.031 
(epoch: 178, iters: 272, time: 0.023, data: 0.001) G_GAN: 5.527 G_L1: 0.814 D_real: 0.006 D_fake: 0.006 
(epoch: 178, iters: 372, time: 0.022, data: 0.001) G_GAN: 4.848 G_L1: 0.651 D_real: 0.003 D_fake: 0.019 
(epoch: 178, iters: 472, time: 0.022, data: 0.001) G_GAN: 5.191 G_L1: 0.858 D_real: 0.003 D_fake: 0.022 
(epoch: 178, iters: 572, time: 0.023, data: 0.001) G_GAN: 5.826 G_L1: 0.702 D_real: 0.031 D_fake: 0.016 
(epoch: 178, iters: 672, time: 0.024, data: 0.001) G_GAN: 4.800 G_L1: 1.162 D_real: 0.044 D_fake: 0.018 
(epoch: 178, iters: 772, time: 0.023, data: 0.001) G_GAN: 5.470 G_L1: 1.120 D_real: 0.006 D_fake: 0.010 
(epoch: 178, iters: 872, time: 0.023, data: 0.001) G_GAN: 6.145 G_L1: 0.929 D_real: 0.004 D_fake: 0.006 
End of epoch 178 / 200 	 Time Taken: 20 sec
learning rate 0.0000436 -> 0.0000416
(epoch: 179, iters: 88, time: 0.127, data: 0.001) G_GAN: 5.518 G_L1: 0.884 D_real: 0.098 D_fake: 0.007 
(epoch: 179, iters: 188, time: 0.023, data: 0.001) G_GAN: 4.969 G_L1: 0.933 D_real: 0.004 D_fake: 0.020 
(epoch: 179, iters: 288, time: 0.022, data: 0.001) G_GAN: 5.102 G_L1: 1.057 D_real: 0.003 D_fake: 0.016 
(epoch: 179, iters: 388, time: 0.023, data: 0.001) G_GAN: 5.541 G_L1: 0.721 D_real: 0.010 D_fake: 0.028 
(epoch: 179, iters: 488, time: 0.023, data: 0.001) G_GAN: 4.267 G_L1: 0.516 D_real: 0.027 D_fake: 0.031 
(epoch: 179, iters: 588, time: 0.023, data: 0.001) G_GAN: 5.342 G_L1: 0.912 D_real: 0.007 D_fake: 0.013 
(epoch: 179, iters: 688, time: 0.023, data: 0.001) G_GAN: 4.886 G_L1: 0.668 D_real: 0.004 D_fake: 0.013 
(epoch: 179, iters: 788, time: 0.022, data: 0.001) G_GAN: 5.009 G_L1: 1.258 D_real: 0.017 D_fake: 0.016 
End of epoch 179 / 200 	 Time Taken: 20 sec
learning rate 0.0000416 -> 0.0000396
(epoch: 180, iters: 4, time: 0.141, data: 0.001) G_GAN: 5.609 G_L1: 0.920 D_real: 0.002 D_fake: 0.014 
(epoch: 180, iters: 104, time: 0.023, data: 0.004) G_GAN: 6.439 G_L1: 0.854 D_real: 0.002 D_fake: 0.004 
(epoch: 180, iters: 204, time: 0.023, data: 0.001) G_GAN: 5.885 G_L1: 0.704 D_real: 0.011 D_fake: 0.010 
(epoch: 180, iters: 304, time: 0.022, data: 0.001) G_GAN: 5.782 G_L1: 0.738 D_real: 0.041 D_fake: 0.005 
(epoch: 180, iters: 404, time: 0.023, data: 0.001) G_GAN: 5.696 G_L1: 0.788 D_real: 0.005 D_fake: 0.005 
(epoch: 180, iters: 504, time: 0.024, data: 0.001) G_GAN: 6.072 G_L1: 0.907 D_real: 0.010 D_fake: 0.007 
(epoch: 180, iters: 604, time: 0.023, data: 0.001) G_GAN: 5.583 G_L1: 0.925 D_real: 0.002 D_fake: 0.012 
(epoch: 180, iters: 704, time: 0.023, data: 0.001) G_GAN: 4.899 G_L1: 0.852 D_real: 0.002 D_fake: 0.053 
(epoch: 180, iters: 804, time: 0.022, data: 0.001) G_GAN: 6.382 G_L1: 0.876 D_real: 0.009 D_fake: 0.011 
saving the model at the end of epoch 180, iters 17680
End of epoch 180 / 200 	 Time Taken: 21 sec
learning rate 0.0000396 -> 0.0000376
(epoch: 181, iters: 20, time: 0.022, data: 0.001) G_GAN: 4.626 G_L1: 0.877 D_real: 0.001 D_fake: 0.028 
(epoch: 181, iters: 120, time: 0.023, data: 0.000) G_GAN: 8.026 G_L1: 0.731 D_real: 0.005 D_fake: 0.002 
(epoch: 181, iters: 220, time: 0.022, data: 0.001) G_GAN: 6.415 G_L1: 0.875 D_real: 0.019 D_fake: 0.004 
(epoch: 181, iters: 320, time: 0.147, data: 0.001) G_GAN: 6.058 G_L1: 0.936 D_real: 0.015 D_fake: 0.006 
(epoch: 181, iters: 420, time: 0.023, data: 0.001) G_GAN: 5.674 G_L1: 0.846 D_real: 0.012 D_fake: 0.013 
(epoch: 181, iters: 520, time: 0.022, data: 0.001) G_GAN: 5.260 G_L1: 0.845 D_real: 0.003 D_fake: 0.013 
(epoch: 181, iters: 620, time: 0.023, data: 0.001) G_GAN: 5.145 G_L1: 0.589 D_real: 0.078 D_fake: 0.021 
(epoch: 181, iters: 720, time: 0.023, data: 0.001) G_GAN: 4.598 G_L1: 0.662 D_real: 0.006 D_fake: 0.031 
(epoch: 181, iters: 820, time: 0.023, data: 0.004) G_GAN: 5.327 G_L1: 0.801 D_real: 0.002 D_fake: 0.016 
End of epoch 181 / 200 	 Time Taken: 20 sec
learning rate 0.0000376 -> 0.0000356
(epoch: 182, iters: 36, time: 0.023, data: 0.001) G_GAN: 5.562 G_L1: 0.942 D_real: 0.028 D_fake: 0.010 
(epoch: 182, iters: 136, time: 0.023, data: 0.001) G_GAN: 6.003 G_L1: 0.699 D_real: 0.020 D_fake: 0.006 
(epoch: 182, iters: 236, time: 0.132, data: 0.001) G_GAN: 3.777 G_L1: 0.793 D_real: 0.184 D_fake: 0.013 
(epoch: 182, iters: 336, time: 0.023, data: 0.001) G_GAN: 6.279 G_L1: 0.929 D_real: 0.004 D_fake: 0.003 
(epoch: 182, iters: 436, time: 0.023, data: 0.001) G_GAN: 6.172 G_L1: 0.796 D_real: 0.015 D_fake: 0.010 
(epoch: 182, iters: 536, time: 0.024, data: 0.001) G_GAN: 5.238 G_L1: 0.867 D_real: 0.004 D_fake: 0.015 
(epoch: 182, iters: 636, time: 0.022, data: 0.001) G_GAN: 5.464 G_L1: 1.087 D_real: 0.003 D_fake: 0.013 
(epoch: 182, iters: 736, time: 0.024, data: 0.001) G_GAN: 5.968 G_L1: 1.000 D_real: 0.013 D_fake: 0.013 
(epoch: 182, iters: 836, time: 0.023, data: 0.001) G_GAN: 6.164 G_L1: 1.041 D_real: 0.001 D_fake: 0.005 
End of epoch 182 / 200 	 Time Taken: 20 sec
learning rate 0.0000356 -> 0.0000337
(epoch: 183, iters: 52, time: 0.023, data: 0.001) G_GAN: 5.620 G_L1: 0.600 D_real: 0.007 D_fake: 0.007 
(epoch: 183, iters: 152, time: 0.143, data: 0.001) G_GAN: 6.577 G_L1: 0.983 D_real: 0.002 D_fake: 0.003 
(epoch: 183, iters: 252, time: 0.022, data: 0.001) G_GAN: 5.210 G_L1: 0.857 D_real: 0.001 D_fake: 0.024 
(epoch: 183, iters: 352, time: 0.023, data: 0.001) G_GAN: 5.377 G_L1: 0.910 D_real: 0.006 D_fake: 0.010 
(epoch: 183, iters: 452, time: 0.023, data: 0.001) G_GAN: 6.585 G_L1: 0.882 D_real: 0.007 D_fake: 0.004 
(epoch: 183, iters: 552, time: 0.140, data: 0.001) G_GAN: 6.093 G_L1: 1.104 D_real: 0.035 D_fake: 0.005 
saving the latest model (epoch 183, total_iters 20000)
(epoch: 183, iters: 652, time: 0.023, data: 0.001) G_GAN: 6.123 G_L1: 0.855 D_real: 0.019 D_fake: 0.005 
(epoch: 183, iters: 752, time: 0.024, data: 0.001) G_GAN: 5.378 G_L1: 0.736 D_real: 0.003 D_fake: 0.009 
(epoch: 183, iters: 852, time: 0.023, data: 0.001) G_GAN: 5.899 G_L1: 0.933 D_real: 0.002 D_fake: 0.009 
End of epoch 183 / 200 	 Time Taken: 21 sec
learning rate 0.0000337 -> 0.0000317
(epoch: 184, iters: 68, time: 0.131, data: 0.001) G_GAN: 5.397 G_L1: 0.730 D_real: 0.011 D_fake: 0.011 
(epoch: 184, iters: 168, time: 0.023, data: 0.001) G_GAN: 4.825 G_L1: 0.877 D_real: 0.004 D_fake: 0.019 
(epoch: 184, iters: 268, time: 0.023, data: 0.001) G_GAN: 5.984 G_L1: 1.177 D_real: 0.001 D_fake: 0.006 
(epoch: 184, iters: 368, time: 0.022, data: 0.001) G_GAN: 5.007 G_L1: 0.958 D_real: 0.006 D_fake: 0.013 
(epoch: 184, iters: 468, time: 0.023, data: 0.001) G_GAN: 6.415 G_L1: 0.764 D_real: 0.004 D_fake: 0.004 
(epoch: 184, iters: 568, time: 0.023, data: 0.001) G_GAN: 5.740 G_L1: 0.993 D_real: 0.004 D_fake: 0.006 
(epoch: 184, iters: 668, time: 0.023, data: 0.001) G_GAN: 5.417 G_L1: 1.137 D_real: 0.004 D_fake: 0.009 
(epoch: 184, iters: 768, time: 0.023, data: 0.001) G_GAN: 4.777 G_L1: 0.861 D_real: 0.003 D_fake: 0.023 
(epoch: 184, iters: 868, time: 0.022, data: 0.001) G_GAN: 4.696 G_L1: 0.821 D_real: 0.018 D_fake: 0.021 
End of epoch 184 / 200 	 Time Taken: 20 sec
learning rate 0.0000317 -> 0.0000297
(epoch: 185, iters: 84, time: 0.022, data: 0.001) G_GAN: 7.301 G_L1: 0.881 D_real: 0.001 D_fake: 0.002 
(epoch: 185, iters: 184, time: 0.023, data: 0.001) G_GAN: 6.134 G_L1: 1.212 D_real: 0.003 D_fake: 0.005 
(epoch: 185, iters: 284, time: 0.023, data: 0.001) G_GAN: 6.195 G_L1: 0.640 D_real: 0.016 D_fake: 0.005 
(epoch: 185, iters: 384, time: 0.142, data: 0.001) G_GAN: 6.166 G_L1: 0.861 D_real: 0.002 D_fake: 0.006 
(epoch: 185, iters: 484, time: 0.023, data: 0.001) G_GAN: 5.288 G_L1: 0.512 D_real: 0.007 D_fake: 0.009 
(epoch: 185, iters: 584, time: 0.022, data: 0.001) G_GAN: 4.942 G_L1: 0.727 D_real: 0.008 D_fake: 0.013 
(epoch: 185, iters: 684, time: 0.023, data: 0.001) G_GAN: 5.196 G_L1: 0.600 D_real: 0.004 D_fake: 0.014 
(epoch: 185, iters: 784, time: 0.131, data: 0.001) G_GAN: 4.080 G_L1: 1.111 D_real: 0.124 D_fake: 0.021 
(epoch: 185, iters: 884, time: 0.020, data: 0.001) G_GAN: 5.904 G_L1: 0.931 D_real: 0.008 D_fake: 0.058 
saving the model at the end of epoch 185, iters 22100
End of epoch 185 / 200 	 Time Taken: 21 sec
learning rate 0.0000297 -> 0.0000277
(epoch: 186, iters: 100, time: 0.023, data: 0.092) G_GAN: 5.442 G_L1: 0.800 D_real: 0.012 D_fake: 0.008 
(epoch: 186, iters: 200, time: 0.023, data: 0.001) G_GAN: 4.915 G_L1: 0.807 D_real: 0.015 D_fake: 0.021 
(epoch: 186, iters: 300, time: 0.132, data: 0.001) G_GAN: 5.921 G_L1: 0.844 D_real: 0.002 D_fake: 0.005 
(epoch: 186, iters: 400, time: 0.022, data: 0.001) G_GAN: 6.668 G_L1: 0.871 D_real: 0.007 D_fake: 0.004 
(epoch: 186, iters: 500, time: 0.023, data: 0.001) G_GAN: 4.597 G_L1: 0.876 D_real: 0.037 D_fake: 0.023 
(epoch: 186, iters: 600, time: 0.023, data: 0.001) G_GAN: 4.879 G_L1: 0.966 D_real: 0.010 D_fake: 0.032 
(epoch: 186, iters: 700, time: 0.023, data: 0.001) G_GAN: 4.809 G_L1: 0.895 D_real: 0.053 D_fake: 0.063 
(epoch: 186, iters: 800, time: 0.023, data: 0.001) G_GAN: 4.948 G_L1: 0.900 D_real: 0.002 D_fake: 0.028 
End of epoch 186 / 200 	 Time Taken: 20 sec
learning rate 0.0000277 -> 0.0000257
(epoch: 187, iters: 16, time: 0.022, data: 0.001) G_GAN: 5.032 G_L1: 0.612 D_real: 0.004 D_fake: 0.012 
(epoch: 187, iters: 116, time: 0.023, data: 0.000) G_GAN: 6.380 G_L1: 0.666 D_real: 0.035 D_fake: 0.003 
(epoch: 187, iters: 216, time: 0.143, data: 0.001) G_GAN: 5.092 G_L1: 0.368 D_real: 0.052 D_fake: 0.007 
(epoch: 187, iters: 316, time: 0.023, data: 0.001) G_GAN: 5.640 G_L1: 1.119 D_real: 0.002 D_fake: 0.007 
(epoch: 187, iters: 416, time: 0.023, data: 0.001) G_GAN: 5.100 G_L1: 1.212 D_real: 0.082 D_fake: 0.010 
(epoch: 187, iters: 516, time: 0.022, data: 0.001) G_GAN: 5.624 G_L1: 0.786 D_real: 0.021 D_fake: 0.011 
(epoch: 187, iters: 616, time: 0.023, data: 0.001) G_GAN: 3.367 G_L1: 0.579 D_real: 0.135 D_fake: 0.056 
(epoch: 187, iters: 716, time: 0.023, data: 0.001) G_GAN: 5.285 G_L1: 0.724 D_real: 0.027 D_fake: 0.008 
(epoch: 187, iters: 816, time: 0.023, data: 0.001) G_GAN: 5.419 G_L1: 0.818 D_real: 0.011 D_fake: 0.007 
End of epoch 187 / 200 	 Time Taken: 20 sec
learning rate 0.0000257 -> 0.0000238
(epoch: 188, iters: 32, time: 0.022, data: 0.001) G_GAN: 5.916 G_L1: 0.766 D_real: 0.059 D_fake: 0.005 
(epoch: 188, iters: 132, time: 0.132, data: 0.000) G_GAN: 5.774 G_L1: 0.849 D_real: 0.001 D_fake: 0.021 
(epoch: 188, iters: 232, time: 0.023, data: 0.001) G_GAN: 4.949 G_L1: 0.662 D_real: 0.007 D_fake: 0.017 
(epoch: 188, iters: 332, time: 0.022, data: 0.001) G_GAN: 5.287 G_L1: 0.709 D_real: 0.024 D_fake: 0.014 
(epoch: 188, iters: 432, time: 0.023, data: 0.001) G_GAN: 6.480 G_L1: 0.898 D_real: 0.004 D_fake: 0.004 
(epoch: 188, iters: 532, time: 0.022, data: 0.001) G_GAN: 5.286 G_L1: 0.964 D_real: 0.002 D_fake: 0.009 
(epoch: 188, iters: 632, time: 0.023, data: 0.001) G_GAN: 6.387 G_L1: 0.657 D_real: 0.040 D_fake: 0.005 
(epoch: 188, iters: 732, time: 0.023, data: 0.001) G_GAN: 5.433 G_L1: 0.773 D_real: 0.002 D_fake: 0.023 
(epoch: 188, iters: 832, time: 0.022, data: 0.001) G_GAN: 5.322 G_L1: 0.769 D_real: 0.002 D_fake: 0.014 
End of epoch 188 / 200 	 Time Taken: 20 sec
learning rate 0.0000238 -> 0.0000218
(epoch: 189, iters: 48, time: 0.146, data: 0.004) G_GAN: 4.461 G_L1: 0.305 D_real: 0.013 D_fake: 0.021 
(epoch: 189, iters: 148, time: 0.023, data: 0.001) G_GAN: 5.702 G_L1: 0.915 D_real: 0.010 D_fake: 0.008 
(epoch: 189, iters: 248, time: 0.022, data: 0.001) G_GAN: 5.998 G_L1: 0.809 D_real: 0.039 D_fake: 0.075 
saving the latest model (epoch 189, total_iters 25000)
(epoch: 189, iters: 348, time: 0.023, data: 0.001) G_GAN: 5.865 G_L1: 0.925 D_real: 0.006 D_fake: 0.007 
(epoch: 189, iters: 448, time: 0.023, data: 0.001) G_GAN: 6.253 G_L1: 0.847 D_real: 0.003 D_fake: 0.006 
(epoch: 189, iters: 548, time: 0.022, data: 0.001) G_GAN: 5.204 G_L1: 0.806 D_real: 0.004 D_fake: 0.011 
(epoch: 189, iters: 648, time: 0.023, data: 0.001) G_GAN: 5.794 G_L1: 0.637 D_real: 0.004 D_fake: 0.006 
(epoch: 189, iters: 748, time: 0.023, data: 0.001) G_GAN: 4.867 G_L1: 0.661 D_real: 0.006 D_fake: 0.020 
(epoch: 189, iters: 848, time: 0.023, data: 0.001) G_GAN: 5.847 G_L1: 0.941 D_real: 0.001 D_fake: 0.010 
End of epoch 189 / 200 	 Time Taken: 20 sec
learning rate 0.0000218 -> 0.0000198
(epoch: 190, iters: 64, time: 0.022, data: 0.001) G_GAN: 5.768 G_L1: 0.850 D_real: 0.002 D_fake: 0.006 
(epoch: 190, iters: 164, time: 0.022, data: 0.001) G_GAN: 4.796 G_L1: 0.842 D_real: 0.001 D_fake: 0.027 
(epoch: 190, iters: 264, time: 0.023, data: 0.001) G_GAN: 5.596 G_L1: 0.658 D_real: 0.023 D_fake: 0.025 
(epoch: 190, iters: 364, time: 0.138, data: 0.001) G_GAN: 5.692 G_L1: 0.946 D_real: 0.007 D_fake: 0.011 
(epoch: 190, iters: 464, time: 0.023, data: 0.001) G_GAN: 5.587 G_L1: 0.878 D_real: 0.001 D_fake: 0.012 
(epoch: 190, iters: 564, time: 0.022, data: 0.001) G_GAN: 5.553 G_L1: 0.924 D_real: 0.002 D_fake: 0.010 
(epoch: 190, iters: 664, time: 0.023, data: 0.001) G_GAN: 6.466 G_L1: 1.008 D_real: 0.008 D_fake: 0.004 
(epoch: 190, iters: 764, time: 0.023, data: 0.001) G_GAN: 6.194 G_L1: 0.739 D_real: 0.001 D_fake: 0.004 
(epoch: 190, iters: 864, time: 0.023, data: 0.001) G_GAN: 6.653 G_L1: 0.908 D_real: 0.003 D_fake: 0.003 
saving the model at the end of epoch 190, iters 26520
End of epoch 190 / 200 	 Time Taken: 21 sec
learning rate 0.0000198 -> 0.0000178
(epoch: 191, iters: 80, time: 0.023, data: 0.001) G_GAN: 6.241 G_L1: 0.880 D_real: 0.001 D_fake: 0.008 
(epoch: 191, iters: 180, time: 0.022, data: 0.001) G_GAN: 6.067 G_L1: 0.590 D_real: 0.009 D_fake: 0.006 
(epoch: 191, iters: 280, time: 0.144, data: 0.001) G_GAN: 5.689 G_L1: 0.579 D_real: 0.006 D_fake: 0.013 
(epoch: 191, iters: 380, time: 0.023, data: 0.001) G_GAN: 5.279 G_L1: 1.127 D_real: 0.008 D_fake: 0.014 
(epoch: 191, iters: 480, time: 0.023, data: 0.001) G_GAN: 4.134 G_L1: 0.574 D_real: 0.076 D_fake: 0.019 
(epoch: 191, iters: 580, time: 0.022, data: 0.001) G_GAN: 5.348 G_L1: 0.714 D_real: 0.002 D_fake: 0.010 
(epoch: 191, iters: 680, time: 0.023, data: 0.001) G_GAN: 5.033 G_L1: 0.633 D_real: 0.028 D_fake: 0.012 
(epoch: 191, iters: 780, time: 0.023, data: 0.001) G_GAN: 5.378 G_L1: 0.682 D_real: 0.008 D_fake: 0.011 
(epoch: 191, iters: 880, time: 0.023, data: 0.001) G_GAN: 5.617 G_L1: 0.665 D_real: 0.002 D_fake: 0.017 
End of epoch 191 / 200 	 Time Taken: 20 sec
learning rate 0.0000178 -> 0.0000158
(epoch: 192, iters: 96, time: 0.023, data: 0.001) G_GAN: 5.909 G_L1: 0.811 D_real: 0.001 D_fake: 0.005 
(epoch: 192, iters: 196, time: 0.135, data: 0.001) G_GAN: 5.502 G_L1: 0.442 D_real: 0.007 D_fake: 0.038 
(epoch: 192, iters: 296, time: 0.023, data: 0.001) G_GAN: 6.519 G_L1: 0.875 D_real: 0.011 D_fake: 0.003 
(epoch: 192, iters: 396, time: 0.023, data: 0.001) G_GAN: 5.469 G_L1: 0.673 D_real: 0.008 D_fake: 0.027 
(epoch: 192, iters: 496, time: 0.024, data: 0.001) G_GAN: 3.746 G_L1: 0.325 D_real: 0.190 D_fake: 0.022 
(epoch: 192, iters: 596, time: 0.135, data: 0.001) G_GAN: 5.744 G_L1: 0.934 D_real: 0.002 D_fake: 0.007 
(epoch: 192, iters: 696, time: 0.023, data: 0.001) G_GAN: 5.458 G_L1: 0.961 D_real: 0.002 D_fake: 0.016 
(epoch: 192, iters: 796, time: 0.022, data: 0.001) G_GAN: 5.021 G_L1: 0.970 D_real: 0.003 D_fake: 0.018 
End of epoch 192 / 200 	 Time Taken: 20 sec
learning rate 0.0000158 -> 0.0000139
(epoch: 193, iters: 12, time: 0.023, data: 0.001) G_GAN: 6.254 G_L1: 0.722 D_real: 0.004 D_fake: 0.004 
(epoch: 193, iters: 112, time: 0.135, data: 0.003) G_GAN: 5.956 G_L1: 0.873 D_real: 0.000 D_fake: 0.005 
(epoch: 193, iters: 212, time: 0.023, data: 0.001) G_GAN: 6.294 G_L1: 1.045 D_real: 0.001 D_fake: 0.004 
(epoch: 193, iters: 312, time: 0.023, data: 0.001) G_GAN: 5.909 G_L1: 0.670 D_real: 0.002 D_fake: 0.008 
(epoch: 193, iters: 412, time: 0.023, data: 0.001) G_GAN: 6.280 G_L1: 0.869 D_real: 0.008 D_fake: 0.004 
(epoch: 193, iters: 512, time: 0.024, data: 0.001) G_GAN: 6.400 G_L1: 0.615 D_real: 0.002 D_fake: 0.012 
(epoch: 193, iters: 612, time: 0.023, data: 0.001) G_GAN: 5.416 G_L1: 0.916 D_real: 0.006 D_fake: 0.009 
(epoch: 193, iters: 712, time: 0.023, data: 0.001) G_GAN: 5.211 G_L1: 0.873 D_real: 0.005 D_fake: 0.012 
(epoch: 193, iters: 812, time: 0.023, data: 0.001) G_GAN: 6.013 G_L1: 0.901 D_real: 0.003 D_fake: 0.004 
End of epoch 193 / 200 	 Time Taken: 20 sec
learning rate 0.0000139 -> 0.0000119
(epoch: 194, iters: 28, time: 0.148, data: 0.001) G_GAN: 6.656 G_L1: 1.114 D_real: 0.006 D_fake: 0.002 
(epoch: 194, iters: 128, time: 0.023, data: 0.001) G_GAN: 5.529 G_L1: 0.934 D_real: 0.020 D_fake: 0.033 
(epoch: 194, iters: 228, time: 0.023, data: 0.001) G_GAN: 5.514 G_L1: 0.565 D_real: 0.003 D_fake: 0.015 
(epoch: 194, iters: 328, time: 0.022, data: 0.001) G_GAN: 5.999 G_L1: 0.642 D_real: 0.005 D_fake: 0.006 
(epoch: 194, iters: 428, time: 0.024, data: 0.001) G_GAN: 4.784 G_L1: 0.478 D_real: 0.014 D_fake: 0.049 
(epoch: 194, iters: 528, time: 0.023, data: 0.001) G_GAN: 6.098 G_L1: 0.682 D_real: 0.007 D_fake: 0.008 
(epoch: 194, iters: 628, time: 0.023, data: 0.001) G_GAN: 5.422 G_L1: 0.856 D_real: 0.001 D_fake: 0.009 
(epoch: 194, iters: 728, time: 0.031, data: 0.001) G_GAN: 5.965 G_L1: 0.703 D_real: 0.005 D_fake: 0.005 
(epoch: 194, iters: 828, time: 0.134, data: 0.002) G_GAN: 5.538 G_L1: 0.977 D_real: 0.002 D_fake: 0.030 
saving the latest model (epoch 194, total_iters 30000)
End of epoch 194 / 200 	 Time Taken: 21 sec
learning rate 0.0000119 -> 0.0000099
(epoch: 195, iters: 44, time: 0.022, data: 0.001) G_GAN: 6.562 G_L1: 0.917 D_real: 0.006 D_fake: 0.006 
(epoch: 195, iters: 144, time: 0.023, data: 0.001) G_GAN: 5.925 G_L1: 0.766 D_real: 0.005 D_fake: 0.005 
(epoch: 195, iters: 244, time: 0.023, data: 0.001) G_GAN: 7.307 G_L1: 0.836 D_real: 0.001 D_fake: 0.002 
(epoch: 195, iters: 344, time: 0.136, data: 0.001) G_GAN: 5.799 G_L1: 1.072 D_real: 0.003 D_fake: 0.005 
(epoch: 195, iters: 444, time: 0.027, data: 0.001) G_GAN: 4.827 G_L1: 0.499 D_real: 0.005 D_fake: 0.017 
(epoch: 195, iters: 544, time: 0.023, data: 0.001) G_GAN: 6.789 G_L1: 0.778 D_real: 0.010 D_fake: 0.003 
(epoch: 195, iters: 644, time: 0.023, data: 0.001) G_GAN: 6.384 G_L1: 0.921 D_real: 0.001 D_fake: 0.005 
(epoch: 195, iters: 744, time: 0.022, data: 0.001) G_GAN: 6.577 G_L1: 1.191 D_real: 0.001 D_fake: 0.003 
(epoch: 195, iters: 844, time: 0.023, data: 0.001) G_GAN: 6.291 G_L1: 0.714 D_real: 0.004 D_fake: 0.008 
saving the model at the end of epoch 195, iters 30940
End of epoch 195 / 200 	 Time Taken: 21 sec
learning rate 0.0000099 -> 0.0000079
(epoch: 196, iters: 60, time: 0.022, data: 0.001) G_GAN: 4.992 G_L1: 0.727 D_real: 0.001 D_fake: 0.015 
(epoch: 196, iters: 160, time: 0.023, data: 0.004) G_GAN: 5.652 G_L1: 0.794 D_real: 0.008 D_fake: 0.011 
(epoch: 196, iters: 260, time: 0.146, data: 0.001) G_GAN: 6.041 G_L1: 0.816 D_real: 0.015 D_fake: 0.006 
(epoch: 196, iters: 360, time: 0.022, data: 0.001) G_GAN: 6.287 G_L1: 0.959 D_real: 0.001 D_fake: 0.004 
(epoch: 196, iters: 460, time: 0.022, data: 0.001) G_GAN: 5.279 G_L1: 1.064 D_real: 0.001 D_fake: 0.018 
(epoch: 196, iters: 560, time: 0.023, data: 0.001) G_GAN: 5.230 G_L1: 0.756 D_real: 0.006 D_fake: 0.010 
(epoch: 196, iters: 660, time: 0.022, data: 0.001) G_GAN: 5.903 G_L1: 1.123 D_real: 0.004 D_fake: 0.007 
(epoch: 196, iters: 760, time: 0.024, data: 0.001) G_GAN: 5.637 G_L1: 0.748 D_real: 0.005 D_fake: 0.007 
(epoch: 196, iters: 860, time: 0.023, data: 0.001) G_GAN: 5.271 G_L1: 0.975 D_real: 0.166 D_fake: 0.007 
End of epoch 196 / 200 	 Time Taken: 20 sec
learning rate 0.0000079 -> 0.0000059
(epoch: 197, iters: 76, time: 0.022, data: 0.001) G_GAN: 7.491 G_L1: 0.872 D_real: 0.004 D_fake: 0.005 
(epoch: 197, iters: 176, time: 0.135, data: 0.001) G_GAN: 5.258 G_L1: 0.833 D_real: 0.009 D_fake: 0.011 
(epoch: 197, iters: 276, time: 0.022, data: 0.001) G_GAN: 6.573 G_L1: 1.127 D_real: 0.006 D_fake: 0.002 
(epoch: 197, iters: 376, time: 0.024, data: 0.001) G_GAN: 5.253 G_L1: 0.692 D_real: 0.002 D_fake: 0.010 
(epoch: 197, iters: 476, time: 0.023, data: 0.001) G_GAN: 6.313 G_L1: 1.014 D_real: 0.003 D_fake: 0.003 
(epoch: 197, iters: 576, time: 0.023, data: 0.001) G_GAN: 5.891 G_L1: 0.780 D_real: 0.003 D_fake: 0.008 
(epoch: 197, iters: 676, time: 0.023, data: 0.001) G_GAN: 4.936 G_L1: 0.426 D_real: 0.080 D_fake: 0.037 
(epoch: 197, iters: 776, time: 0.023, data: 0.001) G_GAN: 5.359 G_L1: 0.699 D_real: 0.002 D_fake: 0.009 
(epoch: 197, iters: 876, time: 0.023, data: 0.001) G_GAN: 6.492 G_L1: 1.365 D_real: 0.013 D_fake: 0.002 
End of epoch 197 / 200 	 Time Taken: 20 sec
learning rate 0.0000059 -> 0.0000040
(epoch: 198, iters: 92, time: 0.148, data: 0.001) G_GAN: 4.927 G_L1: 0.614 D_real: 0.012 D_fake: 0.023 
(epoch: 198, iters: 192, time: 0.023, data: 0.002) G_GAN: 6.033 G_L1: 0.849 D_real: 0.000 D_fake: 0.006 
(epoch: 198, iters: 292, time: 0.023, data: 0.001) G_GAN: 5.538 G_L1: 0.919 D_real: 0.027 D_fake: 0.010 
(epoch: 198, iters: 392, time: 0.023, data: 0.001) G_GAN: 6.320 G_L1: 0.471 D_real: 0.018 D_fake: 0.006 
(epoch: 198, iters: 492, time: 0.023, data: 0.001) G_GAN: 6.080 G_L1: 1.087 D_real: 0.041 D_fake: 0.004 
(epoch: 198, iters: 592, time: 0.023, data: 0.001) G_GAN: 6.190 G_L1: 0.522 D_real: 0.005 D_fake: 0.017 
(epoch: 198, iters: 692, time: 0.022, data: 0.001) G_GAN: 6.421 G_L1: 1.055 D_real: 0.003 D_fake: 0.003 
(epoch: 198, iters: 792, time: 0.022, data: 0.001) G_GAN: 6.123 G_L1: 0.951 D_real: 0.001 D_fake: 0.006 
End of epoch 198 / 200 	 Time Taken: 20 sec
learning rate 0.0000040 -> 0.0000020
(epoch: 199, iters: 8, time: 0.139, data: 0.001) G_GAN: 4.990 G_L1: 0.682 D_real: 0.001 D_fake: 0.016 
(epoch: 199, iters: 108, time: 0.023, data: 0.001) G_GAN: 5.008 G_L1: 0.372 D_real: 0.012 D_fake: 0.010 
(epoch: 199, iters: 208, time: 0.022, data: 0.001) G_GAN: 5.564 G_L1: 1.036 D_real: 0.006 D_fake: 0.009 
(epoch: 199, iters: 308, time: 0.022, data: 0.001) G_GAN: 6.572 G_L1: 0.983 D_real: 0.008 D_fake: 0.005 
(epoch: 199, iters: 408, time: 0.137, data: 0.001) G_GAN: 5.953 G_L1: 1.240 D_real: 0.001 D_fake: 0.006 
(epoch: 199, iters: 508, time: 0.023, data: 0.001) G_GAN: 5.212 G_L1: 1.044 D_real: 0.010 D_fake: 0.013 
(epoch: 199, iters: 608, time: 0.023, data: 0.001) G_GAN: 5.191 G_L1: 0.756 D_real: 0.031 D_fake: 0.010 
(epoch: 199, iters: 708, time: 0.023, data: 0.001) G_GAN: 6.022 G_L1: 0.920 D_real: 0.004 D_fake: 0.005 
(epoch: 199, iters: 808, time: 0.023, data: 0.001) G_GAN: 6.095 G_L1: 1.116 D_real: 0.000 D_fake: 0.004 
End of epoch 199 / 200 	 Time Taken: 20 sec
learning rate 0.0000020 -> 0.0000000
(epoch: 200, iters: 24, time: 0.023, data: 0.001) G_GAN: 5.799 G_L1: 1.118 D_real: 0.003 D_fake: 0.008 
(epoch: 200, iters: 124, time: 0.022, data: 0.002) G_GAN: 5.385 G_L1: 0.714 D_real: 0.011 D_fake: 0.008 
(epoch: 200, iters: 224, time: 0.023, data: 0.001) G_GAN: 5.256 G_L1: 0.713 D_real: 0.012 D_fake: 0.017 
(epoch: 200, iters: 324, time: 0.148, data: 0.001) G_GAN: 7.408 G_L1: 0.896 D_real: 0.010 D_fake: 0.002 
(epoch: 200, iters: 424, time: 0.022, data: 0.001) G_GAN: 4.593 G_L1: 0.627 D_real: 0.043 D_fake: 0.016 
(epoch: 200, iters: 524, time: 0.023, data: 0.001) G_GAN: 5.949 G_L1: 0.771 D_real: 0.003 D_fake: 0.006 
saving the latest model (epoch 200, total_iters 35000)
(epoch: 200, iters: 624, time: 0.023, data: 0.001) G_GAN: 6.693 G_L1: 0.729 D_real: 0.016 D_fake: 0.004 
(epoch: 200, iters: 724, time: 0.024, data: 0.001) G_GAN: 5.929 G_L1: 0.961 D_real: 0.002 D_fake: 0.006 
(epoch: 200, iters: 824, time: 0.022, data: 0.001) G_GAN: 6.065 G_L1: 0.864 D_real: 0.006 D_fake: 0.007 
saving the model at the end of epoch 200, iters 35360
End of epoch 200 / 200 	 Time Taken: 21 sec
