----------------- Options ---------------
               batch_size: 4                             	[default: 1]
                    beta1: 0.5                           
          checkpoints_dir: ./checkpoints                 
           continue_train: True                          	[default: False]
                crop_size: 256                           
                 dataroot: tv_synth.h5                   	[default: None]
             dataset_mode: hdf5                          	[default: aligned]
                direction: AtoB                          
              display_env: main                          
             display_freq: 400                           
               display_id: 0                             	[default: 1]
            display_ncols: 4                             
             display_port: 8097                          
           display_server: http://localhost              
          display_winsize: 256                           
                    epoch: 160                           	[default: latest]
              epoch_count: 161                           	[default: 1]
                 gan_mode: vanilla                       
                  gpu_ids: 0,1,2,3                       	[default: 0]
                init_gain: 0.02                          
                init_type: normal                        
                 input_nc: 1                             	[default: 3]
                  isTrain: True                          	[default: None]
                lambda_L1: 100.0                         
                load_iter: 0                             	[default: 0]
                load_size: 286                           
                       lr: 0.0002                        
           lr_decay_iters: 50                            
                lr_policy: linear                        
         max_dataset_size: inf                           
                    model: pix2pix                       	[default: cycle_gan]
                 n_epochs: 100                           
           n_epochs_decay: 100                           
               n_layers_D: 3                             
                     name: tv_synth_mdl                  	[default: experiment_name]
                      ndf: 64                            
                     netD: basic                         
                     netG: unet_256                      
                      ngf: 64                            
               no_dropout: False                         
                  no_flip: False                         
                  no_html: False                         
                     norm: instance                      	[default: batch]
              num_threads: 4                             
                output_nc: 1                             	[default: 3]
                    phase: train                         
                pool_size: 0                             
               preprocess: resize_and_crop               
               print_freq: 100                           
             save_by_iter: False                         
          save_epoch_freq: 5                             
         save_latest_freq: 5000                          
           serial_batches: False                         
                   suffix:                               
         update_html_freq: 1000                          
                use_wandb: False                         
                  verbose: False                         
       wandb_project_name: CycleGAN-and-pix2pix          
----------------- End -------------------
tv_synth.h5
['synth_test', 'synth_train', 'synth_val', 'tv_test', 'tv_train', 'tv_val']
dataset [HDF5Dataset] was created
The number of training images = 883
initialize network with normal
initialize network with normal
model [Pix2PixModel] was created
loading the model from ./checkpoints/tv_synth_mdl/160_net_G.pth
loading the model from ./checkpoints/tv_synth_mdl/160_net_D.pth
---------- Networks initialized -------------
[Network G] Total number of parameters : 54.403 M
[Network D] Total number of parameters : 2.764 M
-----------------------------------------------
create web directory ./checkpoints/tv_synth_mdl/web...
learning rate 0.0000792 -> 0.0000772
(epoch: 161, iters: 100, time: 0.024, data: 0.129) G_GAN: 2.944 G_L1: 26.230 D_real: 0.353 D_fake: 0.234 
(epoch: 161, iters: 200, time: 0.023, data: 0.001) G_GAN: 3.062 G_L1: 25.001 D_real: 0.160 D_fake: 0.163 
(epoch: 161, iters: 300, time: 0.022, data: 0.001) G_GAN: 3.277 G_L1: 22.143 D_real: 0.134 D_fake: 0.180 
(epoch: 161, iters: 400, time: 0.147, data: 0.001) G_GAN: 3.787 G_L1: 18.112 D_real: 0.263 D_fake: 0.332 
(epoch: 161, iters: 500, time: 0.023, data: 0.001) G_GAN: 3.257 G_L1: 15.087 D_real: 0.313 D_fake: 0.170 
(epoch: 161, iters: 600, time: 0.023, data: 0.001) G_GAN: 2.943 G_L1: 11.391 D_real: 0.148 D_fake: 0.122 
(epoch: 161, iters: 700, time: 0.023, data: 0.001) G_GAN: 3.172 G_L1: 9.425 D_real: 0.083 D_fake: 0.112 
(epoch: 161, iters: 800, time: 0.023, data: 0.001) G_GAN: 4.048 G_L1: 9.278 D_real: 0.089 D_fake: 0.084 
End of epoch 161 / 200 	 Time Taken: 48 sec
learning rate 0.0000772 -> 0.0000752
(epoch: 162, iters: 16, time: 0.023, data: 0.001) G_GAN: 4.015 G_L1: 8.156 D_real: 0.030 D_fake: 0.047 
(epoch: 162, iters: 116, time: 0.023, data: 0.000) G_GAN: 4.568 G_L1: 8.256 D_real: 0.150 D_fake: 0.032 
(epoch: 162, iters: 216, time: 0.023, data: 0.001) G_GAN: 3.944 G_L1: 8.341 D_real: 0.079 D_fake: 0.047 
(epoch: 162, iters: 316, time: 0.129, data: 0.001) G_GAN: 5.117 G_L1: 8.920 D_real: 0.062 D_fake: 0.020 
(epoch: 162, iters: 416, time: 0.023, data: 0.001) G_GAN: 4.359 G_L1: 8.114 D_real: 0.010 D_fake: 0.050 
(epoch: 162, iters: 516, time: 0.023, data: 0.001) G_GAN: 5.177 G_L1: 8.234 D_real: 0.005 D_fake: 0.019 
(epoch: 162, iters: 616, time: 0.023, data: 0.001) G_GAN: 4.541 G_L1: 8.519 D_real: 0.004 D_fake: 0.032 
(epoch: 162, iters: 716, time: 0.022, data: 0.001) G_GAN: 5.121 G_L1: 10.479 D_real: 0.043 D_fake: 0.021 
(epoch: 162, iters: 816, time: 0.022, data: 0.001) G_GAN: 3.384 G_L1: 10.028 D_real: 0.198 D_fake: 0.033 
End of epoch 162 / 200 	 Time Taken: 20 sec
learning rate 0.0000752 -> 0.0000733
(epoch: 163, iters: 32, time: 0.023, data: 0.001) G_GAN: 5.466 G_L1: 8.621 D_real: 0.005 D_fake: 0.012 
(epoch: 163, iters: 132, time: 0.023, data: 0.001) G_GAN: 5.171 G_L1: 8.058 D_real: 0.003 D_fake: 0.016 
(epoch: 163, iters: 232, time: 0.130, data: 0.001) G_GAN: 5.466 G_L1: 7.616 D_real: 0.005 D_fake: 0.012 
(epoch: 163, iters: 332, time: 0.027, data: 0.001) G_GAN: 5.158 G_L1: 6.756 D_real: 0.001 D_fake: 0.016 
(epoch: 163, iters: 432, time: 0.023, data: 0.001) G_GAN: 5.333 G_L1: 7.175 D_real: 0.002 D_fake: 0.010 
(epoch: 163, iters: 532, time: 0.023, data: 0.001) G_GAN: 5.158 G_L1: 7.371 D_real: 0.004 D_fake: 0.014 
(epoch: 163, iters: 632, time: 0.023, data: 0.001) G_GAN: 5.075 G_L1: 8.405 D_real: 0.011 D_fake: 0.364 
(epoch: 163, iters: 732, time: 0.023, data: 0.001) G_GAN: 4.905 G_L1: 9.154 D_real: 0.026 D_fake: 0.020 
(epoch: 163, iters: 832, time: 0.023, data: 0.001) G_GAN: 5.998 G_L1: 8.939 D_real: 0.009 D_fake: 0.007 
End of epoch 163 / 200 	 Time Taken: 20 sec
learning rate 0.0000733 -> 0.0000713
(epoch: 164, iters: 48, time: 0.024, data: 0.001) G_GAN: 6.268 G_L1: 7.150 D_real: 0.001 D_fake: 0.008 
(epoch: 164, iters: 148, time: 0.140, data: 0.001) G_GAN: 6.114 G_L1: 7.112 D_real: 0.002 D_fake: 0.007 
(epoch: 164, iters: 248, time: 0.023, data: 0.001) G_GAN: 6.234 G_L1: 7.664 D_real: 0.001 D_fake: 0.006 
(epoch: 164, iters: 348, time: 0.023, data: 0.001) G_GAN: 5.839 G_L1: 8.765 D_real: 0.001 D_fake: 0.008 
(epoch: 164, iters: 448, time: 0.023, data: 0.001) G_GAN: 6.079 G_L1: 9.069 D_real: 0.007 D_fake: 0.006 
(epoch: 164, iters: 548, time: 0.023, data: 0.001) G_GAN: 5.631 G_L1: 8.714 D_real: 0.001 D_fake: 0.010 
(epoch: 164, iters: 648, time: 0.023, data: 0.001) G_GAN: 6.072 G_L1: 8.677 D_real: 0.001 D_fake: 0.006 
(epoch: 164, iters: 748, time: 0.024, data: 0.001) G_GAN: 5.714 G_L1: 9.515 D_real: 0.006 D_fake: 0.006 
(epoch: 164, iters: 848, time: 0.023, data: 0.001) G_GAN: 5.906 G_L1: 10.056 D_real: 0.002 D_fake: 0.006 
End of epoch 164 / 200 	 Time Taken: 20 sec
learning rate 0.0000713 -> 0.0000693
(epoch: 165, iters: 64, time: 0.131, data: 0.001) G_GAN: 6.156 G_L1: 10.905 D_real: 0.002 D_fake: 0.004 
(epoch: 165, iters: 164, time: 0.023, data: 0.001) G_GAN: 6.217 G_L1: 9.294 D_real: 0.001 D_fake: 0.005 
(epoch: 165, iters: 264, time: 0.023, data: 0.001) G_GAN: 6.346 G_L1: 9.731 D_real: 0.000 D_fake: 0.005 
(epoch: 165, iters: 364, time: 0.023, data: 0.001) G_GAN: 5.927 G_L1: 9.926 D_real: 0.012 D_fake: 0.007 
(epoch: 165, iters: 464, time: 0.125, data: 0.001) G_GAN: 6.092 G_L1: 11.432 D_real: 0.004 D_fake: 0.006 
(epoch: 165, iters: 564, time: 0.023, data: 0.001) G_GAN: 5.777 G_L1: 11.085 D_real: 0.003 D_fake: 0.010 
(epoch: 165, iters: 664, time: 0.023, data: 0.001) G_GAN: 5.709 G_L1: 10.475 D_real: 0.002 D_fake: 0.007 
(epoch: 165, iters: 764, time: 0.022, data: 0.001) G_GAN: 6.181 G_L1: 9.547 D_real: 0.003 D_fake: 0.005 
(epoch: 165, iters: 864, time: 0.023, data: 0.001) G_GAN: 6.233 G_L1: 9.297 D_real: 0.011 D_fake: 0.005 
saving the model at the end of epoch 165, iters 4420
End of epoch 165 / 200 	 Time Taken: 21 sec
learning rate 0.0000693 -> 0.0000673
(epoch: 166, iters: 80, time: 0.023, data: 0.001) G_GAN: 6.019 G_L1: 10.509 D_real: 0.007 D_fake: 0.006 
(epoch: 166, iters: 180, time: 0.023, data: 0.001) G_GAN: 6.052 G_L1: 8.810 D_real: 0.001 D_fake: 0.005 
(epoch: 166, iters: 280, time: 0.023, data: 0.001) G_GAN: 6.127 G_L1: 9.568 D_real: 0.001 D_fake: 0.004 
(epoch: 166, iters: 380, time: 0.143, data: 0.001) G_GAN: 6.500 G_L1: 9.501 D_real: 0.001 D_fake: 0.003 
(epoch: 166, iters: 480, time: 0.023, data: 0.001) G_GAN: 6.746 G_L1: 8.876 D_real: 0.000 D_fake: 0.002 
(epoch: 166, iters: 580, time: 0.024, data: 0.001) G_GAN: 6.452 G_L1: 8.671 D_real: 0.001 D_fake: 0.003 
saving the latest model (epoch 166, total_iters 5000)
(epoch: 166, iters: 680, time: 0.022, data: 0.001) G_GAN: 6.643 G_L1: 8.672 D_real: 0.000 D_fake: 0.003 
(epoch: 166, iters: 780, time: 0.023, data: 0.001) G_GAN: 6.620 G_L1: 9.552 D_real: 0.003 D_fake: 0.003 
(epoch: 166, iters: 880, time: 0.022, data: 0.001) G_GAN: 6.720 G_L1: 9.161 D_real: 0.001 D_fake: 0.002 
End of epoch 166 / 200 	 Time Taken: 20 sec
learning rate 0.0000673 -> 0.0000653
(epoch: 167, iters: 96, time: 0.022, data: 0.001) G_GAN: 6.703 G_L1: 8.639 D_real: 0.000 D_fake: 0.002 
(epoch: 167, iters: 196, time: 0.023, data: 0.001) G_GAN: 6.733 G_L1: 10.385 D_real: 0.001 D_fake: 0.002 
(epoch: 167, iters: 296, time: 0.130, data: 0.001) G_GAN: 6.328 G_L1: 9.157 D_real: 0.000 D_fake: 0.003 
(epoch: 167, iters: 396, time: 0.022, data: 0.001) G_GAN: 6.789 G_L1: 8.515 D_real: 0.000 D_fake: 0.002 
(epoch: 167, iters: 496, time: 0.022, data: 0.001) G_GAN: 6.950 G_L1: 8.738 D_real: 0.000 D_fake: 0.002 
(epoch: 167, iters: 596, time: 0.024, data: 0.004) G_GAN: 6.595 G_L1: 8.345 D_real: 0.000 D_fake: 0.002 
(epoch: 167, iters: 696, time: 0.125, data: 0.001) G_GAN: 6.416 G_L1: 8.848 D_real: 0.000 D_fake: 0.003 
(epoch: 167, iters: 796, time: 0.023, data: 0.001) G_GAN: 6.993 G_L1: 9.596 D_real: 0.001 D_fake: 0.002 
End of epoch 167 / 200 	 Time Taken: 20 sec
learning rate 0.0000653 -> 0.0000634
(epoch: 168, iters: 12, time: 0.023, data: 0.001) G_GAN: 6.915 G_L1: 9.675 D_real: 0.003 D_fake: 0.002 
(epoch: 168, iters: 112, time: 0.023, data: 0.000) G_GAN: 7.035 G_L1: 8.363 D_real: 0.000 D_fake: 0.002 
(epoch: 168, iters: 212, time: 0.132, data: 0.001) G_GAN: 6.990 G_L1: 9.580 D_real: 0.001 D_fake: 0.002 
(epoch: 168, iters: 312, time: 0.023, data: 0.001) G_GAN: 6.972 G_L1: 8.549 D_real: 0.000 D_fake: 0.002 
(epoch: 168, iters: 412, time: 0.023, data: 0.001) G_GAN: 7.145 G_L1: 8.356 D_real: 0.000 D_fake: 0.001 
(epoch: 168, iters: 512, time: 0.023, data: 0.001) G_GAN: 7.111 G_L1: 8.412 D_real: 0.000 D_fake: 0.002 
(epoch: 168, iters: 612, time: 0.022, data: 0.001) G_GAN: 6.772 G_L1: 8.900 D_real: 0.000 D_fake: 0.003 
(epoch: 168, iters: 712, time: 0.023, data: 0.001) G_GAN: 7.225 G_L1: 8.436 D_real: 0.000 D_fake: 0.001 
(epoch: 168, iters: 812, time: 0.023, data: 0.001) G_GAN: 6.977 G_L1: 8.889 D_real: 0.000 D_fake: 0.002 
End of epoch 168 / 200 	 Time Taken: 20 sec
learning rate 0.0000634 -> 0.0000614
(epoch: 169, iters: 28, time: 0.023, data: 0.001) G_GAN: 7.138 G_L1: 8.172 D_real: 0.000 D_fake: 0.001 
(epoch: 169, iters: 128, time: 0.134, data: 0.001) G_GAN: 7.006 G_L1: 8.875 D_real: 0.000 D_fake: 0.002 
(epoch: 169, iters: 228, time: 0.022, data: 0.002) G_GAN: 7.231 G_L1: 8.714 D_real: 0.000 D_fake: 0.001 
(epoch: 169, iters: 328, time: 0.023, data: 0.001) G_GAN: 7.024 G_L1: 9.507 D_real: 0.000 D_fake: 0.002 
(epoch: 169, iters: 428, time: 0.023, data: 0.001) G_GAN: 6.949 G_L1: 8.357 D_real: 0.000 D_fake: 0.002 
(epoch: 169, iters: 528, time: 0.023, data: 0.001) G_GAN: 6.848 G_L1: 8.148 D_real: 0.000 D_fake: 0.002 
(epoch: 169, iters: 628, time: 0.022, data: 0.001) G_GAN: 7.564 G_L1: 8.551 D_real: 0.000 D_fake: 0.003 
(epoch: 169, iters: 728, time: 0.023, data: 0.001) G_GAN: 7.184 G_L1: 7.992 D_real: 0.001 D_fake: 0.001 
(epoch: 169, iters: 828, time: 0.022, data: 0.001) G_GAN: 7.141 G_L1: 8.057 D_real: 0.000 D_fake: 0.001 
End of epoch 169 / 200 	 Time Taken: 20 sec
learning rate 0.0000614 -> 0.0000594
(epoch: 170, iters: 44, time: 0.132, data: 0.001) G_GAN: 6.699 G_L1: 9.249 D_real: 0.000 D_fake: 0.002 
(epoch: 170, iters: 144, time: 0.022, data: 0.001) G_GAN: 7.289 G_L1: 7.747 D_real: 0.000 D_fake: 0.001 
(epoch: 170, iters: 244, time: 0.023, data: 0.001) G_GAN: 7.661 G_L1: 8.303 D_real: 0.000 D_fake: 0.001 
(epoch: 170, iters: 344, time: 0.023, data: 0.001) G_GAN: 7.624 G_L1: 7.845 D_real: 0.000 D_fake: 0.001 
(epoch: 170, iters: 444, time: 0.031, data: 0.001) G_GAN: 7.658 G_L1: 8.557 D_real: 0.000 D_fake: 0.001 
(epoch: 170, iters: 544, time: 0.023, data: 0.001) G_GAN: 7.714 G_L1: 9.048 D_real: 0.001 D_fake: 0.001 
(epoch: 170, iters: 644, time: 0.023, data: 0.001) G_GAN: 7.704 G_L1: 8.077 D_real: 0.000 D_fake: 0.001 
(epoch: 170, iters: 744, time: 0.023, data: 0.001) G_GAN: 7.694 G_L1: 9.157 D_real: 0.000 D_fake: 0.001 
(epoch: 170, iters: 844, time: 0.023, data: 0.001) G_GAN: 7.596 G_L1: 8.947 D_real: 0.000 D_fake: 0.001 
saving the model at the end of epoch 170, iters 8840
End of epoch 170 / 200 	 Time Taken: 21 sec
learning rate 0.0000594 -> 0.0000574
(epoch: 171, iters: 60, time: 0.023, data: 0.001) G_GAN: 7.737 G_L1: 7.876 D_real: 0.000 D_fake: 0.001 
(epoch: 171, iters: 160, time: 0.023, data: 0.001) G_GAN: 7.832 G_L1: 7.863 D_real: 0.000 D_fake: 0.001 
(epoch: 171, iters: 260, time: 0.023, data: 0.001) G_GAN: 7.700 G_L1: 9.253 D_real: 0.000 D_fake: 0.001 
(epoch: 171, iters: 360, time: 0.134, data: 0.001) G_GAN: 7.985 G_L1: 7.711 D_real: 0.000 D_fake: 0.001 
(epoch: 171, iters: 460, time: 0.024, data: 0.001) G_GAN: 7.862 G_L1: 7.683 D_real: 0.000 D_fake: 0.001 
(epoch: 171, iters: 560, time: 0.023, data: 0.001) G_GAN: 7.772 G_L1: 8.482 D_real: 0.000 D_fake: 0.001 
(epoch: 171, iters: 660, time: 0.023, data: 0.001) G_GAN: 7.808 G_L1: 8.057 D_real: 0.000 D_fake: 0.001 
(epoch: 171, iters: 760, time: 0.023, data: 0.001) G_GAN: 7.765 G_L1: 8.607 D_real: 0.000 D_fake: 0.001 
(epoch: 171, iters: 860, time: 0.023, data: 0.001) G_GAN: 7.781 G_L1: 7.865 D_real: 0.000 D_fake: 0.001 
End of epoch 171 / 200 	 Time Taken: 20 sec
learning rate 0.0000574 -> 0.0000554
(epoch: 172, iters: 76, time: 0.023, data: 0.001) G_GAN: 7.935 G_L1: 8.325 D_real: 0.001 D_fake: 0.001 
(epoch: 172, iters: 176, time: 0.023, data: 0.001) G_GAN: 8.009 G_L1: 9.545 D_real: 0.000 D_fake: 0.001 
(epoch: 172, iters: 276, time: 0.135, data: 0.001) G_GAN: 8.113 G_L1: 8.010 D_real: 0.000 D_fake: 0.001 
saving the latest model (epoch 172, total_iters 10000)
(epoch: 172, iters: 376, time: 0.023, data: 0.001) G_GAN: 8.081 G_L1: 8.105 D_real: 0.000 D_fake: 0.001 
(epoch: 172, iters: 476, time: 0.023, data: 0.001) G_GAN: 7.814 G_L1: 8.290 D_real: 0.000 D_fake: 0.001 
(epoch: 172, iters: 576, time: 0.022, data: 0.001) G_GAN: 7.827 G_L1: 9.398 D_real: 0.001 D_fake: 0.001 
(epoch: 172, iters: 676, time: 0.023, data: 0.001) G_GAN: 8.378 G_L1: 8.584 D_real: 0.000 D_fake: 0.000 
(epoch: 172, iters: 776, time: 0.023, data: 0.001) G_GAN: 8.140 G_L1: 8.466 D_real: 0.000 D_fake: 0.001 
(epoch: 172, iters: 876, time: 0.023, data: 0.001) G_GAN: 8.090 G_L1: 8.670 D_real: 0.000 D_fake: 0.001 
End of epoch 172 / 200 	 Time Taken: 20 sec
learning rate 0.0000554 -> 0.0000535
(epoch: 173, iters: 92, time: 0.023, data: 0.001) G_GAN: 8.019 G_L1: 8.939 D_real: 0.000 D_fake: 0.001 
(epoch: 173, iters: 192, time: 0.136, data: 0.001) G_GAN: 8.217 G_L1: 9.980 D_real: 0.000 D_fake: 0.001 
(epoch: 173, iters: 292, time: 0.023, data: 0.001) G_GAN: 8.466 G_L1: 8.839 D_real: 0.000 D_fake: 0.000 
(epoch: 173, iters: 392, time: 0.023, data: 0.001) G_GAN: 8.277 G_L1: 8.286 D_real: 0.000 D_fake: 0.001 
(epoch: 173, iters: 492, time: 0.023, data: 0.001) G_GAN: 8.305 G_L1: 9.607 D_real: 0.000 D_fake: 0.001 
(epoch: 173, iters: 592, time: 0.023, data: 0.001) G_GAN: 8.339 G_L1: 9.804 D_real: 0.000 D_fake: 0.001 
(epoch: 173, iters: 692, time: 0.023, data: 0.001) G_GAN: 8.575 G_L1: 9.611 D_real: 0.000 D_fake: 0.000 
(epoch: 173, iters: 792, time: 0.024, data: 0.001) G_GAN: 8.478 G_L1: 10.437 D_real: 0.000 D_fake: 0.000 
End of epoch 173 / 200 	 Time Taken: 20 sec
learning rate 0.0000535 -> 0.0000515
(epoch: 174, iters: 8, time: 0.022, data: 0.001) G_GAN: 8.625 G_L1: 9.535 D_real: 0.000 D_fake: 0.000 
(epoch: 174, iters: 108, time: 0.134, data: 0.000) G_GAN: 8.368 G_L1: 9.352 D_real: 0.000 D_fake: 0.001 
(epoch: 174, iters: 208, time: 0.023, data: 0.001) G_GAN: 8.489 G_L1: 8.627 D_real: 0.000 D_fake: 0.000 
(epoch: 174, iters: 308, time: 0.023, data: 0.001) G_GAN: 8.609 G_L1: 9.644 D_real: 0.000 D_fake: 0.001 
(epoch: 174, iters: 408, time: 0.024, data: 0.001) G_GAN: 8.513 G_L1: 9.446 D_real: 0.000 D_fake: 0.001 
(epoch: 174, iters: 508, time: 0.132, data: 0.001) G_GAN: 8.652 G_L1: 9.117 D_real: 0.000 D_fake: 0.000 
(epoch: 174, iters: 608, time: 0.023, data: 0.001) G_GAN: 8.417 G_L1: 8.561 D_real: 0.000 D_fake: 0.001 
(epoch: 174, iters: 708, time: 0.023, data: 0.004) G_GAN: 8.748 G_L1: 8.911 D_real: 0.000 D_fake: 0.000 
(epoch: 174, iters: 808, time: 0.023, data: 0.001) G_GAN: 8.693 G_L1: 8.881 D_real: 0.000 D_fake: 0.000 
End of epoch 174 / 200 	 Time Taken: 20 sec
learning rate 0.0000515 -> 0.0000495
(epoch: 175, iters: 24, time: 0.136, data: 0.001) G_GAN: 8.623 G_L1: 9.306 D_real: 0.000 D_fake: 0.000 
(epoch: 175, iters: 124, time: 0.023, data: 0.001) G_GAN: 8.795 G_L1: 9.745 D_real: 0.000 D_fake: 0.000 
(epoch: 175, iters: 224, time: 0.022, data: 0.001) G_GAN: 8.781 G_L1: 10.434 D_real: 0.000 D_fake: 0.000 
(epoch: 175, iters: 324, time: 0.023, data: 0.001) G_GAN: 8.698 G_L1: 9.979 D_real: 0.000 D_fake: 0.000 
(epoch: 175, iters: 424, time: 0.023, data: 0.001) G_GAN: 8.508 G_L1: 8.720 D_real: 0.000 D_fake: 0.000 
(epoch: 175, iters: 524, time: 0.023, data: 0.001) G_GAN: 8.675 G_L1: 10.000 D_real: 0.000 D_fake: 0.000 
(epoch: 175, iters: 624, time: 0.023, data: 0.001) G_GAN: 8.482 G_L1: 10.187 D_real: 0.000 D_fake: 0.000 
(epoch: 175, iters: 724, time: 0.023, data: 0.001) G_GAN: 8.375 G_L1: 9.823 D_real: 0.000 D_fake: 0.001 
(epoch: 175, iters: 824, time: 0.023, data: 0.001) G_GAN: 8.276 G_L1: 8.764 D_real: 0.000 D_fake: 0.001 
saving the model at the end of epoch 175, iters 13260
End of epoch 175 / 200 	 Time Taken: 21 sec
learning rate 0.0000495 -> 0.0000475
(epoch: 176, iters: 40, time: 0.023, data: 0.001) G_GAN: 8.523 G_L1: 9.595 D_real: 0.000 D_fake: 0.000 
(epoch: 176, iters: 140, time: 0.023, data: 0.001) G_GAN: 8.342 G_L1: 9.023 D_real: 0.000 D_fake: 0.001 
(epoch: 176, iters: 240, time: 0.023, data: 0.001) G_GAN: 8.375 G_L1: 8.560 D_real: 0.000 D_fake: 0.001 
(epoch: 176, iters: 340, time: 0.139, data: 0.001) G_GAN: 8.408 G_L1: 9.803 D_real: 0.000 D_fake: 0.001 
(epoch: 176, iters: 440, time: 0.023, data: 0.001) G_GAN: 8.443 G_L1: 10.825 D_real: 0.001 D_fake: 0.001 
(epoch: 176, iters: 540, time: 0.023, data: 0.001) G_GAN: 8.584 G_L1: 8.707 D_real: 0.000 D_fake: 0.001 
(epoch: 176, iters: 640, time: 0.023, data: 0.001) G_GAN: 8.527 G_L1: 10.003 D_real: 0.006 D_fake: 0.000 
(epoch: 176, iters: 740, time: 0.131, data: 0.001) G_GAN: 8.230 G_L1: 9.917 D_real: 0.000 D_fake: 0.001 
(epoch: 176, iters: 840, time: 0.023, data: 0.001) G_GAN: 8.524 G_L1: 9.555 D_real: 0.000 D_fake: 0.001 
End of epoch 176 / 200 	 Time Taken: 20 sec
learning rate 0.0000475 -> 0.0000455
(epoch: 177, iters: 56, time: 0.023, data: 0.001) G_GAN: 8.836 G_L1: 9.411 D_real: 0.000 D_fake: 0.000 
(epoch: 177, iters: 156, time: 0.023, data: 0.001) G_GAN: 8.853 G_L1: 8.729 D_real: 0.000 D_fake: 0.000 
(epoch: 177, iters: 256, time: 0.137, data: 0.001) G_GAN: 8.864 G_L1: 9.848 D_real: 0.000 D_fake: 0.000 
(epoch: 177, iters: 356, time: 0.023, data: 0.001) G_GAN: 8.724 G_L1: 9.262 D_real: 0.000 D_fake: 0.000 
(epoch: 177, iters: 456, time: 0.023, data: 0.001) G_GAN: 8.723 G_L1: 9.387 D_real: 0.000 D_fake: 0.000 
(epoch: 177, iters: 556, time: 0.023, data: 0.001) G_GAN: 8.836 G_L1: 10.240 D_real: 0.001 D_fake: 0.000 
(epoch: 177, iters: 656, time: 0.023, data: 0.001) G_GAN: 8.718 G_L1: 9.278 D_real: 0.000 D_fake: 0.001 
(epoch: 177, iters: 756, time: 0.023, data: 0.001) G_GAN: 8.429 G_L1: 9.086 D_real: 0.000 D_fake: 0.001 
(epoch: 177, iters: 856, time: 0.024, data: 0.001) G_GAN: 8.682 G_L1: 9.154 D_real: 0.000 D_fake: 0.000 
saving the latest model (epoch 177, total_iters 15000)
End of epoch 177 / 200 	 Time Taken: 20 sec
learning rate 0.0000455 -> 0.0000436
(epoch: 178, iters: 72, time: 0.024, data: 0.001) G_GAN: 8.792 G_L1: 8.674 D_real: 0.000 D_fake: 0.000 
(epoch: 178, iters: 172, time: 0.149, data: 0.001) G_GAN: 8.991 G_L1: 9.376 D_real: 0.000 D_fake: 0.000 
(epoch: 178, iters: 272, time: 0.024, data: 0.001) G_GAN: 8.978 G_L1: 9.431 D_real: 0.001 D_fake: 0.000 
(epoch: 178, iters: 372, time: 0.023, data: 0.001) G_GAN: 9.172 G_L1: 9.354 D_real: 0.000 D_fake: 0.000 
(epoch: 178, iters: 472, time: 0.023, data: 0.001) G_GAN: 8.854 G_L1: 9.844 D_real: 0.000 D_fake: 0.000 
(epoch: 178, iters: 572, time: 0.023, data: 0.001) G_GAN: 8.907 G_L1: 9.712 D_real: 0.000 D_fake: 0.000 
(epoch: 178, iters: 672, time: 0.023, data: 0.001) G_GAN: 8.834 G_L1: 9.129 D_real: 0.000 D_fake: 0.000 
(epoch: 178, iters: 772, time: 0.023, data: 0.001) G_GAN: 8.946 G_L1: 9.337 D_real: 0.000 D_fake: 0.000 
(epoch: 178, iters: 872, time: 0.023, data: 0.001) G_GAN: 9.062 G_L1: 9.495 D_real: 0.000 D_fake: 0.000 
End of epoch 178 / 200 	 Time Taken: 20 sec
learning rate 0.0000436 -> 0.0000416
(epoch: 179, iters: 88, time: 0.139, data: 0.001) G_GAN: 9.007 G_L1: 11.102 D_real: 0.000 D_fake: 0.000 
(epoch: 179, iters: 188, time: 0.023, data: 0.001) G_GAN: 9.165 G_L1: 10.124 D_real: 0.000 D_fake: 0.000 
(epoch: 179, iters: 288, time: 0.023, data: 0.001) G_GAN: 9.130 G_L1: 9.975 D_real: 0.000 D_fake: 0.000 
(epoch: 179, iters: 388, time: 0.023, data: 0.001) G_GAN: 9.095 G_L1: 9.952 D_real: 0.000 D_fake: 0.000 
(epoch: 179, iters: 488, time: 0.023, data: 0.001) G_GAN: 9.148 G_L1: 9.618 D_real: 0.000 D_fake: 0.000 
(epoch: 179, iters: 588, time: 0.022, data: 0.001) G_GAN: 9.222 G_L1: 10.236 D_real: 0.000 D_fake: 0.000 
(epoch: 179, iters: 688, time: 0.023, data: 0.001) G_GAN: 9.407 G_L1: 11.045 D_real: 0.000 D_fake: 0.000 
(epoch: 179, iters: 788, time: 0.022, data: 0.001) G_GAN: 9.096 G_L1: 10.103 D_real: 0.000 D_fake: 0.000 
End of epoch 179 / 200 	 Time Taken: 20 sec
learning rate 0.0000416 -> 0.0000396
(epoch: 180, iters: 4, time: 0.152, data: 0.001) G_GAN: 9.442 G_L1: 8.927 D_real: 0.000 D_fake: 0.000 
(epoch: 180, iters: 104, time: 0.023, data: 0.001) G_GAN: 9.224 G_L1: 10.052 D_real: 0.000 D_fake: 0.000 
(epoch: 180, iters: 204, time: 0.023, data: 0.001) G_GAN: 9.163 G_L1: 9.004 D_real: 0.000 D_fake: 0.000 
(epoch: 180, iters: 304, time: 0.023, data: 0.001) G_GAN: 9.517 G_L1: 9.176 D_real: 0.000 D_fake: 0.000 
(epoch: 180, iters: 404, time: 0.023, data: 0.001) G_GAN: 9.112 G_L1: 9.814 D_real: 0.000 D_fake: 0.000 
(epoch: 180, iters: 504, time: 0.023, data: 0.001) G_GAN: 9.424 G_L1: 9.891 D_real: 0.000 D_fake: 0.000 
(epoch: 180, iters: 604, time: 0.023, data: 0.001) G_GAN: 9.450 G_L1: 9.081 D_real: 0.000 D_fake: 0.000 
(epoch: 180, iters: 704, time: 0.023, data: 0.001) G_GAN: 9.460 G_L1: 10.626 D_real: 0.000 D_fake: 0.000 
(epoch: 180, iters: 804, time: 0.023, data: 0.001) G_GAN: 9.441 G_L1: 10.764 D_real: 0.000 D_fake: 0.000 
saving the model at the end of epoch 180, iters 17680
End of epoch 180 / 200 	 Time Taken: 21 sec
learning rate 0.0000396 -> 0.0000376
(epoch: 181, iters: 20, time: 0.023, data: 0.001) G_GAN: 9.464 G_L1: 9.936 D_real: 0.000 D_fake: 0.000 
(epoch: 181, iters: 120, time: 0.023, data: 0.002) G_GAN: 9.589 G_L1: 9.826 D_real: 0.000 D_fake: 0.000 
(epoch: 181, iters: 220, time: 0.022, data: 0.001) G_GAN: 9.260 G_L1: 10.139 D_real: 0.000 D_fake: 0.000 
(epoch: 181, iters: 320, time: 0.149, data: 0.001) G_GAN: 9.299 G_L1: 9.423 D_real: 0.000 D_fake: 0.000 
(epoch: 181, iters: 420, time: 0.022, data: 0.001) G_GAN: 9.522 G_L1: 10.822 D_real: 0.000 D_fake: 0.000 
(epoch: 181, iters: 520, time: 0.023, data: 0.001) G_GAN: 9.536 G_L1: 10.022 D_real: 0.000 D_fake: 0.000 
(epoch: 181, iters: 620, time: 0.023, data: 0.001) G_GAN: 9.586 G_L1: 9.167 D_real: 0.000 D_fake: 0.000 
(epoch: 181, iters: 720, time: 0.022, data: 0.001) G_GAN: 9.518 G_L1: 10.758 D_real: 0.000 D_fake: 0.000 
(epoch: 181, iters: 820, time: 0.023, data: 0.004) G_GAN: 9.955 G_L1: 9.527 D_real: 0.000 D_fake: 0.000 
End of epoch 181 / 200 	 Time Taken: 20 sec
learning rate 0.0000376 -> 0.0000356
(epoch: 182, iters: 36, time: 0.023, data: 0.001) G_GAN: 9.842 G_L1: 9.734 D_real: 0.000 D_fake: 0.000 
(epoch: 182, iters: 136, time: 0.023, data: 0.001) G_GAN: 9.621 G_L1: 10.838 D_real: 0.000 D_fake: 0.000 
(epoch: 182, iters: 236, time: 0.141, data: 0.001) G_GAN: 9.689 G_L1: 10.508 D_real: 0.000 D_fake: 0.000 
(epoch: 182, iters: 336, time: 0.023, data: 0.001) G_GAN: 9.826 G_L1: 9.358 D_real: 0.000 D_fake: 0.000 
(epoch: 182, iters: 436, time: 0.023, data: 0.001) G_GAN: 9.636 G_L1: 9.782 D_real: 0.000 D_fake: 0.000 
(epoch: 182, iters: 536, time: 0.022, data: 0.001) G_GAN: 9.743 G_L1: 9.674 D_real: 0.000 D_fake: 0.000 
(epoch: 182, iters: 636, time: 0.023, data: 0.001) G_GAN: 9.564 G_L1: 9.421 D_real: 0.000 D_fake: 0.000 
(epoch: 182, iters: 736, time: 0.024, data: 0.001) G_GAN: 9.804 G_L1: 9.759 D_real: 0.000 D_fake: 0.000 
(epoch: 182, iters: 836, time: 0.023, data: 0.001) G_GAN: 9.834 G_L1: 9.770 D_real: 0.000 D_fake: 0.000 
End of epoch 182 / 200 	 Time Taken: 20 sec
learning rate 0.0000356 -> 0.0000337
(epoch: 183, iters: 52, time: 0.022, data: 0.001) G_GAN: 9.846 G_L1: 10.656 D_real: 0.000 D_fake: 0.000 
(epoch: 183, iters: 152, time: 0.151, data: 0.001) G_GAN: 9.994 G_L1: 10.150 D_real: 0.000 D_fake: 0.000 
(epoch: 183, iters: 252, time: 0.024, data: 0.001) G_GAN: 10.024 G_L1: 9.733 D_real: 0.000 D_fake: 0.000 
(epoch: 183, iters: 352, time: 0.023, data: 0.001) G_GAN: 9.884 G_L1: 9.685 D_real: 0.000 D_fake: 0.000 
(epoch: 183, iters: 452, time: 0.023, data: 0.001) G_GAN: 9.910 G_L1: 10.073 D_real: 0.000 D_fake: 0.000 
(epoch: 183, iters: 552, time: 0.147, data: 0.001) G_GAN: 9.883 G_L1: 10.373 D_real: 0.000 D_fake: 0.000 
saving the latest model (epoch 183, total_iters 20000)
(epoch: 183, iters: 652, time: 0.023, data: 0.001) G_GAN: 10.105 G_L1: 9.976 D_real: 0.000 D_fake: 0.000 
(epoch: 183, iters: 752, time: 0.023, data: 0.001) G_GAN: 9.874 G_L1: 10.123 D_real: 0.000 D_fake: 0.000 
(epoch: 183, iters: 852, time: 0.022, data: 0.001) G_GAN: 9.431 G_L1: 10.219 D_real: 0.000 D_fake: 0.000 
End of epoch 183 / 200 	 Time Taken: 21 sec
learning rate 0.0000337 -> 0.0000317
(epoch: 184, iters: 68, time: 0.141, data: 0.001) G_GAN: 9.580 G_L1: 10.743 D_real: 0.000 D_fake: 0.000 
(epoch: 184, iters: 168, time: 0.023, data: 0.001) G_GAN: 9.668 G_L1: 9.468 D_real: 0.000 D_fake: 0.000 
(epoch: 184, iters: 268, time: 0.023, data: 0.001) G_GAN: 9.623 G_L1: 9.918 D_real: 0.000 D_fake: 0.000 
(epoch: 184, iters: 368, time: 0.022, data: 0.001) G_GAN: 9.599 G_L1: 10.123 D_real: 0.000 D_fake: 0.000 
(epoch: 184, iters: 468, time: 0.023, data: 0.001) G_GAN: 9.916 G_L1: 9.841 D_real: 0.000 D_fake: 0.000 
(epoch: 184, iters: 568, time: 0.023, data: 0.001) G_GAN: 9.880 G_L1: 9.793 D_real: 0.000 D_fake: 0.000 
(epoch: 184, iters: 668, time: 0.023, data: 0.001) G_GAN: 9.802 G_L1: 10.336 D_real: 0.000 D_fake: 0.000 
(epoch: 184, iters: 768, time: 0.023, data: 0.001) G_GAN: 9.982 G_L1: 9.918 D_real: 0.000 D_fake: 0.000 
(epoch: 184, iters: 868, time: 0.023, data: 0.001) G_GAN: 9.966 G_L1: 10.437 D_real: 0.000 D_fake: 0.000 
End of epoch 184 / 200 	 Time Taken: 20 sec
learning rate 0.0000317 -> 0.0000297
(epoch: 185, iters: 84, time: 0.023, data: 0.001) G_GAN: 9.981 G_L1: 9.424 D_real: 0.000 D_fake: 0.000 
(epoch: 185, iters: 184, time: 0.022, data: 0.001) G_GAN: 10.097 G_L1: 9.946 D_real: 0.000 D_fake: 0.000 
(epoch: 185, iters: 284, time: 0.023, data: 0.001) G_GAN: 10.019 G_L1: 10.603 D_real: 0.000 D_fake: 0.000 
(epoch: 185, iters: 384, time: 0.141, data: 0.001) G_GAN: 9.941 G_L1: 11.355 D_real: 0.000 D_fake: 0.000 
(epoch: 185, iters: 484, time: 0.023, data: 0.001) G_GAN: 10.238 G_L1: 9.623 D_real: 0.000 D_fake: 0.000 
(epoch: 185, iters: 584, time: 0.023, data: 0.001) G_GAN: 10.195 G_L1: 10.580 D_real: 0.000 D_fake: 0.000 
(epoch: 185, iters: 684, time: 0.024, data: 0.001) G_GAN: 10.144 G_L1: 9.598 D_real: 0.000 D_fake: 0.000 
(epoch: 185, iters: 784, time: 0.136, data: 0.001) G_GAN: 10.265 G_L1: 10.548 D_real: 0.000 D_fake: 0.000 
(epoch: 185, iters: 884, time: 0.020, data: 0.001) G_GAN: 10.018 G_L1: 10.433 D_real: 0.000 D_fake: 0.000 
saving the model at the end of epoch 185, iters 22100
End of epoch 185 / 200 	 Time Taken: 21 sec
learning rate 0.0000297 -> 0.0000277
(epoch: 186, iters: 100, time: 0.023, data: 0.087) G_GAN: 10.206 G_L1: 10.301 D_real: 0.000 D_fake: 0.000 
(epoch: 186, iters: 200, time: 0.023, data: 0.001) G_GAN: 10.064 G_L1: 9.895 D_real: 0.000 D_fake: 0.000 
(epoch: 186, iters: 300, time: 0.141, data: 0.001) G_GAN: 10.190 G_L1: 10.693 D_real: 0.000 D_fake: 0.000 
(epoch: 186, iters: 400, time: 0.023, data: 0.001) G_GAN: 10.307 G_L1: 9.441 D_real: 0.000 D_fake: 0.000 
(epoch: 186, iters: 500, time: 0.023, data: 0.001) G_GAN: 10.002 G_L1: 10.065 D_real: 0.000 D_fake: 0.000 
(epoch: 186, iters: 600, time: 0.022, data: 0.001) G_GAN: 10.367 G_L1: 10.311 D_real: 0.000 D_fake: 0.000 
(epoch: 186, iters: 700, time: 0.023, data: 0.001) G_GAN: 10.444 G_L1: 9.629 D_real: 0.000 D_fake: 0.000 
(epoch: 186, iters: 800, time: 0.022, data: 0.001) G_GAN: 10.361 G_L1: 10.530 D_real: 0.000 D_fake: 0.000 
End of epoch 186 / 200 	 Time Taken: 20 sec
learning rate 0.0000277 -> 0.0000257
(epoch: 187, iters: 16, time: 0.023, data: 0.001) G_GAN: 10.186 G_L1: 11.066 D_real: 0.000 D_fake: 0.000 
(epoch: 187, iters: 116, time: 0.023, data: 0.000) G_GAN: 10.465 G_L1: 9.752 D_real: 0.000 D_fake: 0.000 
(epoch: 187, iters: 216, time: 0.142, data: 0.001) G_GAN: 10.602 G_L1: 11.211 D_real: 0.000 D_fake: 0.000 
(epoch: 187, iters: 316, time: 0.023, data: 0.001) G_GAN: 10.450 G_L1: 9.764 D_real: 0.000 D_fake: 0.000 
(epoch: 187, iters: 416, time: 0.023, data: 0.001) G_GAN: 10.358 G_L1: 9.860 D_real: 0.000 D_fake: 0.000 
(epoch: 187, iters: 516, time: 0.022, data: 0.001) G_GAN: 10.210 G_L1: 10.343 D_real: 0.000 D_fake: 0.000 
(epoch: 187, iters: 616, time: 0.023, data: 0.001) G_GAN: 10.251 G_L1: 10.897 D_real: 0.000 D_fake: 0.000 
(epoch: 187, iters: 716, time: 0.023, data: 0.001) G_GAN: 10.582 G_L1: 10.084 D_real: 0.000 D_fake: 0.000 
(epoch: 187, iters: 816, time: 0.023, data: 0.001) G_GAN: 10.541 G_L1: 10.108 D_real: 0.000 D_fake: 0.000 
End of epoch 187 / 200 	 Time Taken: 20 sec
learning rate 0.0000257 -> 0.0000238
(epoch: 188, iters: 32, time: 0.023, data: 0.001) G_GAN: 10.577 G_L1: 10.490 D_real: 0.000 D_fake: 0.000 
(epoch: 188, iters: 132, time: 0.142, data: 0.001) G_GAN: 10.729 G_L1: 10.822 D_real: 0.000 D_fake: 0.000 
(epoch: 188, iters: 232, time: 0.023, data: 0.001) G_GAN: 10.764 G_L1: 11.009 D_real: 0.000 D_fake: 0.000 
(epoch: 188, iters: 332, time: 0.022, data: 0.001) G_GAN: 10.470 G_L1: 10.253 D_real: 0.000 D_fake: 0.000 
(epoch: 188, iters: 432, time: 0.023, data: 0.001) G_GAN: 10.434 G_L1: 11.065 D_real: 0.000 D_fake: 0.000 
(epoch: 188, iters: 532, time: 0.023, data: 0.001) G_GAN: 10.645 G_L1: 10.800 D_real: 0.000 D_fake: 0.000 
(epoch: 188, iters: 632, time: 0.023, data: 0.001) G_GAN: 10.716 G_L1: 9.809 D_real: 0.000 D_fake: 0.000 
(epoch: 188, iters: 732, time: 0.023, data: 0.001) G_GAN: 10.704 G_L1: 9.588 D_real: 0.000 D_fake: 0.000 
(epoch: 188, iters: 832, time: 0.023, data: 0.001) G_GAN: 10.599 G_L1: 9.023 D_real: 0.000 D_fake: 0.000 
End of epoch 188 / 200 	 Time Taken: 20 sec
learning rate 0.0000238 -> 0.0000218
(epoch: 189, iters: 48, time: 0.155, data: 0.004) G_GAN: 10.773 G_L1: 10.213 D_real: 0.000 D_fake: 0.000 
(epoch: 189, iters: 148, time: 0.023, data: 0.001) G_GAN: 10.853 G_L1: 9.322 D_real: 0.000 D_fake: 0.000 
(epoch: 189, iters: 248, time: 0.023, data: 0.001) G_GAN: 10.677 G_L1: 9.583 D_real: 0.000 D_fake: 0.000 
saving the latest model (epoch 189, total_iters 25000)
(epoch: 189, iters: 348, time: 0.023, data: 0.001) G_GAN: 10.809 G_L1: 10.334 D_real: 0.000 D_fake: 0.000 
(epoch: 189, iters: 448, time: 0.023, data: 0.001) G_GAN: 10.903 G_L1: 10.330 D_real: 0.000 D_fake: 0.000 
(epoch: 189, iters: 548, time: 0.023, data: 0.001) G_GAN: 10.701 G_L1: 10.247 D_real: 0.000 D_fake: 0.000 
(epoch: 189, iters: 648, time: 0.023, data: 0.001) G_GAN: 10.608 G_L1: 10.143 D_real: 0.000 D_fake: 0.000 
(epoch: 189, iters: 748, time: 0.023, data: 0.001) G_GAN: 10.754 G_L1: 9.830 D_real: 0.000 D_fake: 0.000 
(epoch: 189, iters: 848, time: 0.023, data: 0.001) G_GAN: 10.713 G_L1: 10.440 D_real: 0.000 D_fake: 0.000 
End of epoch 189 / 200 	 Time Taken: 20 sec
learning rate 0.0000218 -> 0.0000198
(epoch: 190, iters: 64, time: 0.023, data: 0.001) G_GAN: 10.687 G_L1: 9.325 D_real: 0.000 D_fake: 0.000 
(epoch: 190, iters: 164, time: 0.023, data: 0.001) G_GAN: 10.872 G_L1: 9.985 D_real: 0.000 D_fake: 0.000 
(epoch: 190, iters: 264, time: 0.023, data: 0.001) G_GAN: 10.880 G_L1: 9.456 D_real: 0.000 D_fake: 0.000 
(epoch: 190, iters: 364, time: 0.154, data: 0.001) G_GAN: 11.001 G_L1: 10.969 D_real: 0.000 D_fake: 0.000 
(epoch: 190, iters: 464, time: 0.023, data: 0.001) G_GAN: 10.940 G_L1: 11.043 D_real: 0.000 D_fake: 0.000 
(epoch: 190, iters: 564, time: 0.023, data: 0.001) G_GAN: 10.948 G_L1: 10.581 D_real: 0.000 D_fake: 0.000 
(epoch: 190, iters: 664, time: 0.023, data: 0.001) G_GAN: 10.849 G_L1: 10.222 D_real: 0.000 D_fake: 0.000 
(epoch: 190, iters: 764, time: 0.023, data: 0.001) G_GAN: 11.175 G_L1: 10.661 D_real: 0.000 D_fake: 0.000 
(epoch: 190, iters: 864, time: 0.023, data: 0.001) G_GAN: 11.092 G_L1: 10.362 D_real: 0.000 D_fake: 0.000 
saving the model at the end of epoch 190, iters 26520
End of epoch 190 / 200 	 Time Taken: 21 sec
learning rate 0.0000198 -> 0.0000178
(epoch: 191, iters: 80, time: 0.023, data: 0.001) G_GAN: 10.783 G_L1: 10.733 D_real: 0.000 D_fake: 0.000 
(epoch: 191, iters: 180, time: 0.023, data: 0.001) G_GAN: 10.828 G_L1: 9.971 D_real: 0.000 D_fake: 0.000 
(epoch: 191, iters: 280, time: 0.144, data: 0.001) G_GAN: 10.980 G_L1: 10.068 D_real: 0.000 D_fake: 0.000 
(epoch: 191, iters: 380, time: 0.023, data: 0.001) G_GAN: 11.119 G_L1: 9.870 D_real: 0.000 D_fake: 0.000 
(epoch: 191, iters: 480, time: 0.024, data: 0.001) G_GAN: 10.905 G_L1: 10.631 D_real: 0.000 D_fake: 0.000 
(epoch: 191, iters: 580, time: 0.023, data: 0.001) G_GAN: 11.100 G_L1: 10.485 D_real: 0.000 D_fake: 0.000 
(epoch: 191, iters: 680, time: 0.023, data: 0.001) G_GAN: 10.989 G_L1: 11.164 D_real: 0.000 D_fake: 0.000 
(epoch: 191, iters: 780, time: 0.023, data: 0.001) G_GAN: 10.901 G_L1: 10.924 D_real: 0.000 D_fake: 0.000 
(epoch: 191, iters: 880, time: 0.024, data: 0.001) G_GAN: 10.858 G_L1: 10.652 D_real: 0.000 D_fake: 0.000 
End of epoch 191 / 200 	 Time Taken: 20 sec
learning rate 0.0000178 -> 0.0000158
(epoch: 192, iters: 96, time: 0.023, data: 0.001) G_GAN: 10.778 G_L1: 9.751 D_real: 0.000 D_fake: 0.000 
(epoch: 192, iters: 196, time: 0.157, data: 0.001) G_GAN: 10.922 G_L1: 10.497 D_real: 0.000 D_fake: 0.000 
(epoch: 192, iters: 296, time: 0.023, data: 0.001) G_GAN: 11.139 G_L1: 9.752 D_real: 0.000 D_fake: 0.000 
(epoch: 192, iters: 396, time: 0.023, data: 0.001) G_GAN: 10.838 G_L1: 9.744 D_real: 0.000 D_fake: 0.000 
(epoch: 192, iters: 496, time: 0.023, data: 0.001) G_GAN: 11.079 G_L1: 10.189 D_real: 0.000 D_fake: 0.000 
(epoch: 192, iters: 596, time: 0.148, data: 0.001) G_GAN: 11.124 G_L1: 9.819 D_real: 0.000 D_fake: 0.000 
(epoch: 192, iters: 696, time: 0.023, data: 0.001) G_GAN: 11.022 G_L1: 9.641 D_real: 0.000 D_fake: 0.000 
(epoch: 192, iters: 796, time: 0.023, data: 0.001) G_GAN: 11.166 G_L1: 9.868 D_real: 0.000 D_fake: 0.000 
End of epoch 192 / 200 	 Time Taken: 21 sec
learning rate 0.0000158 -> 0.0000139
(epoch: 193, iters: 12, time: 0.022, data: 0.001) G_GAN: 11.184 G_L1: 9.506 D_real: 0.000 D_fake: 0.000 
(epoch: 193, iters: 112, time: 0.156, data: 0.002) G_GAN: 11.231 G_L1: 10.007 D_real: 0.000 D_fake: 0.000 
(epoch: 193, iters: 212, time: 0.023, data: 0.001) G_GAN: 11.190 G_L1: 9.465 D_real: 0.000 D_fake: 0.000 
(epoch: 193, iters: 312, time: 0.023, data: 0.001) G_GAN: 11.267 G_L1: 9.779 D_real: 0.000 D_fake: 0.000 
(epoch: 193, iters: 412, time: 0.023, data: 0.001) G_GAN: 11.214 G_L1: 9.947 D_real: 0.000 D_fake: 0.000 
(epoch: 193, iters: 512, time: 0.023, data: 0.001) G_GAN: 11.106 G_L1: 10.024 D_real: 0.000 D_fake: 0.000 
(epoch: 193, iters: 612, time: 0.023, data: 0.001) G_GAN: 11.065 G_L1: 9.919 D_real: 0.000 D_fake: 0.000 
(epoch: 193, iters: 712, time: 0.022, data: 0.001) G_GAN: 10.922 G_L1: 9.490 D_real: 0.000 D_fake: 0.000 
(epoch: 193, iters: 812, time: 0.023, data: 0.001) G_GAN: 11.228 G_L1: 9.946 D_real: 0.000 D_fake: 0.000 
End of epoch 193 / 200 	 Time Taken: 20 sec
learning rate 0.0000139 -> 0.0000119
(epoch: 194, iters: 28, time: 0.146, data: 0.001) G_GAN: 11.081 G_L1: 9.403 D_real: 0.000 D_fake: 0.000 
(epoch: 194, iters: 128, time: 0.024, data: 0.001) G_GAN: 11.148 G_L1: 10.749 D_real: 0.000 D_fake: 0.000 
(epoch: 194, iters: 228, time: 0.023, data: 0.001) G_GAN: 11.301 G_L1: 10.105 D_real: 0.000 D_fake: 0.000 
(epoch: 194, iters: 328, time: 0.023, data: 0.001) G_GAN: 11.272 G_L1: 10.369 D_real: 0.000 D_fake: 0.000 
(epoch: 194, iters: 428, time: 0.023, data: 0.001) G_GAN: 11.199 G_L1: 10.792 D_real: 0.000 D_fake: 0.000 
(epoch: 194, iters: 528, time: 0.023, data: 0.001) G_GAN: 11.224 G_L1: 10.121 D_real: 0.000 D_fake: 0.000 
(epoch: 194, iters: 628, time: 0.023, data: 0.001) G_GAN: 11.079 G_L1: 9.084 D_real: 0.000 D_fake: 0.000 
(epoch: 194, iters: 728, time: 0.022, data: 0.001) G_GAN: 11.061 G_L1: 10.815 D_real: 0.000 D_fake: 0.000 
(epoch: 194, iters: 828, time: 0.147, data: 0.001) G_GAN: 11.476 G_L1: 10.276 D_real: 0.000 D_fake: 0.000 
saving the latest model (epoch 194, total_iters 30000)
End of epoch 194 / 200 	 Time Taken: 21 sec
learning rate 0.0000119 -> 0.0000099
(epoch: 195, iters: 44, time: 0.023, data: 0.001) G_GAN: 11.219 G_L1: 9.919 D_real: 0.000 D_fake: 0.000 
(epoch: 195, iters: 144, time: 0.023, data: 0.001) G_GAN: 11.124 G_L1: 9.142 D_real: 0.000 D_fake: 0.000 
(epoch: 195, iters: 244, time: 0.023, data: 0.001) G_GAN: 11.354 G_L1: 10.418 D_real: 0.000 D_fake: 0.000 
(epoch: 195, iters: 344, time: 0.156, data: 0.001) G_GAN: 11.086 G_L1: 8.999 D_real: 0.000 D_fake: 0.000 
(epoch: 195, iters: 444, time: 0.023, data: 0.001) G_GAN: 11.291 G_L1: 9.945 D_real: 0.000 D_fake: 0.000 
(epoch: 195, iters: 544, time: 0.023, data: 0.001) G_GAN: 11.363 G_L1: 9.632 D_real: 0.000 D_fake: 0.000 
(epoch: 195, iters: 644, time: 0.023, data: 0.001) G_GAN: 11.309 G_L1: 9.899 D_real: 0.000 D_fake: 0.000 
(epoch: 195, iters: 744, time: 0.023, data: 0.001) G_GAN: 11.236 G_L1: 9.547 D_real: 0.000 D_fake: 0.000 
(epoch: 195, iters: 844, time: 0.023, data: 0.001) G_GAN: 11.453 G_L1: 10.554 D_real: 0.000 D_fake: 0.000 
saving the model at the end of epoch 195, iters 30940
End of epoch 195 / 200 	 Time Taken: 21 sec
learning rate 0.0000099 -> 0.0000079
(epoch: 196, iters: 60, time: 0.023, data: 0.001) G_GAN: 11.283 G_L1: 10.602 D_real: 0.000 D_fake: 0.000 
(epoch: 196, iters: 160, time: 0.023, data: 0.004) G_GAN: 11.476 G_L1: 10.604 D_real: 0.000 D_fake: 0.000 
(epoch: 196, iters: 260, time: 0.148, data: 0.001) G_GAN: 11.788 G_L1: 9.882 D_real: 0.000 D_fake: 0.000 
(epoch: 196, iters: 360, time: 0.023, data: 0.001) G_GAN: 11.336 G_L1: 10.075 D_real: 0.000 D_fake: 0.000 
(epoch: 196, iters: 460, time: 0.022, data: 0.001) G_GAN: 11.469 G_L1: 10.045 D_real: 0.000 D_fake: 0.000 
(epoch: 196, iters: 560, time: 0.023, data: 0.001) G_GAN: 11.452 G_L1: 10.212 D_real: 0.000 D_fake: 0.000 
(epoch: 196, iters: 660, time: 0.023, data: 0.001) G_GAN: 11.553 G_L1: 10.199 D_real: 0.000 D_fake: 0.000 
(epoch: 196, iters: 760, time: 0.023, data: 0.001) G_GAN: 11.731 G_L1: 9.410 D_real: 0.000 D_fake: 0.000 
(epoch: 196, iters: 860, time: 0.023, data: 0.001) G_GAN: 11.358 G_L1: 9.685 D_real: 0.000 D_fake: 0.000 
End of epoch 196 / 200 	 Time Taken: 20 sec
learning rate 0.0000079 -> 0.0000059
(epoch: 197, iters: 76, time: 0.023, data: 0.001) G_GAN: 11.601 G_L1: 10.455 D_real: 0.000 D_fake: 0.000 
(epoch: 197, iters: 176, time: 0.157, data: 0.001) G_GAN: 11.380 G_L1: 9.357 D_real: 0.000 D_fake: 0.000 
(epoch: 197, iters: 276, time: 0.023, data: 0.001) G_GAN: 11.316 G_L1: 10.238 D_real: 0.000 D_fake: 0.000 
(epoch: 197, iters: 376, time: 0.023, data: 0.001) G_GAN: 11.235 G_L1: 9.154 D_real: 0.000 D_fake: 0.000 
(epoch: 197, iters: 476, time: 0.022, data: 0.001) G_GAN: 11.565 G_L1: 9.381 D_real: 0.000 D_fake: 0.000 
(epoch: 197, iters: 576, time: 0.023, data: 0.001) G_GAN: 11.491 G_L1: 10.129 D_real: 0.000 D_fake: 0.000 
(epoch: 197, iters: 676, time: 0.022, data: 0.001) G_GAN: 11.411 G_L1: 10.140 D_real: 0.000 D_fake: 0.000 
(epoch: 197, iters: 776, time: 0.023, data: 0.001) G_GAN: 11.304 G_L1: 9.299 D_real: 0.000 D_fake: 0.000 
(epoch: 197, iters: 876, time: 0.023, data: 0.001) G_GAN: 11.461 G_L1: 9.789 D_real: 0.000 D_fake: 0.000 
End of epoch 197 / 200 	 Time Taken: 20 sec
learning rate 0.0000059 -> 0.0000040
(epoch: 198, iters: 92, time: 0.145, data: 0.001) G_GAN: 11.443 G_L1: 9.881 D_real: 0.000 D_fake: 0.000 
(epoch: 198, iters: 192, time: 0.023, data: 0.001) G_GAN: 11.451 G_L1: 9.872 D_real: 0.000 D_fake: 0.000 
(epoch: 198, iters: 292, time: 0.024, data: 0.001) G_GAN: 11.445 G_L1: 9.328 D_real: 0.000 D_fake: 0.000 
(epoch: 198, iters: 392, time: 0.024, data: 0.001) G_GAN: 11.689 G_L1: 10.927 D_real: 0.000 D_fake: 0.000 
(epoch: 198, iters: 492, time: 0.023, data: 0.001) G_GAN: 11.276 G_L1: 9.169 D_real: 0.000 D_fake: 0.000 
(epoch: 198, iters: 592, time: 0.023, data: 0.001) G_GAN: 11.591 G_L1: 9.858 D_real: 0.000 D_fake: 0.000 
(epoch: 198, iters: 692, time: 0.023, data: 0.001) G_GAN: 11.435 G_L1: 10.325 D_real: 0.000 D_fake: 0.000 
(epoch: 198, iters: 792, time: 0.023, data: 0.001) G_GAN: 11.404 G_L1: 9.875 D_real: 0.000 D_fake: 0.000 
End of epoch 198 / 200 	 Time Taken: 20 sec
learning rate 0.0000040 -> 0.0000020
(epoch: 199, iters: 8, time: 0.159, data: 0.001) G_GAN: 11.583 G_L1: 10.903 D_real: 0.000 D_fake: 0.000 
(epoch: 199, iters: 108, time: 0.022, data: 0.000) G_GAN: 11.399 G_L1: 9.113 D_real: 0.000 D_fake: 0.000 
(epoch: 199, iters: 208, time: 0.023, data: 0.001) G_GAN: 11.468 G_L1: 9.515 D_real: 0.000 D_fake: 0.000 
(epoch: 199, iters: 308, time: 0.022, data: 0.001) G_GAN: 11.386 G_L1: 9.177 D_real: 0.000 D_fake: 0.000 
(epoch: 199, iters: 408, time: 0.159, data: 0.001) G_GAN: 11.391 G_L1: 9.724 D_real: 0.000 D_fake: 0.000 
(epoch: 199, iters: 508, time: 0.024, data: 0.001) G_GAN: 11.726 G_L1: 11.026 D_real: 0.000 D_fake: 0.000 
(epoch: 199, iters: 608, time: 0.023, data: 0.001) G_GAN: 11.628 G_L1: 10.541 D_real: 0.000 D_fake: 0.000 
(epoch: 199, iters: 708, time: 0.022, data: 0.001) G_GAN: 11.609 G_L1: 9.451 D_real: 0.000 D_fake: 0.000 
(epoch: 199, iters: 808, time: 0.023, data: 0.001) G_GAN: 11.497 G_L1: 9.498 D_real: 0.000 D_fake: 0.000 
End of epoch 199 / 200 	 Time Taken: 21 sec
learning rate 0.0000020 -> 0.0000000
(epoch: 200, iters: 24, time: 0.022, data: 0.001) G_GAN: 11.438 G_L1: 9.515 D_real: 0.000 D_fake: 0.000 
(epoch: 200, iters: 124, time: 0.023, data: 0.000) G_GAN: 11.505 G_L1: 10.198 D_real: 0.000 D_fake: 0.000 
(epoch: 200, iters: 224, time: 0.023, data: 0.001) G_GAN: 11.707 G_L1: 10.256 D_real: 0.000 D_fake: 0.000 
(epoch: 200, iters: 324, time: 0.147, data: 0.001) G_GAN: 11.539 G_L1: 10.103 D_real: 0.000 D_fake: 0.000 
(epoch: 200, iters: 424, time: 0.023, data: 0.001) G_GAN: 11.419 G_L1: 9.916 D_real: 0.000 D_fake: 0.000 
(epoch: 200, iters: 524, time: 0.023, data: 0.001) G_GAN: 11.488 G_L1: 11.118 D_real: 0.000 D_fake: 0.000 
saving the latest model (epoch 200, total_iters 35000)
(epoch: 200, iters: 624, time: 0.023, data: 0.001) G_GAN: 11.505 G_L1: 10.634 D_real: 0.000 D_fake: 0.000 
(epoch: 200, iters: 724, time: 0.024, data: 0.001) G_GAN: 11.662 G_L1: 10.393 D_real: 0.000 D_fake: 0.000 
(epoch: 200, iters: 824, time: 0.022, data: 0.001) G_GAN: 11.375 G_L1: 10.149 D_real: 0.000 D_fake: 0.000 
saving the model at the end of epoch 200, iters 35360
End of epoch 200 / 200 	 Time Taken: 21 sec
